CCS PCM C Compiler, Version 5.076, 2401               19-jun.-23 23:17

               Filename:   D:\carlo\Documentos\FI\8vo Semestre\Micro-computadoras\Microcomputadoras\ProyectoFinal\vReducida\Carrito.lst

               ROM used:   1053 words (13%)
                           Largest free fragment is 2048
               RAM used:   31 (8%) at main() level
                           50 (14%) worst case
               Stack used: 8 locations (6 in main + 2 for interrupts)
               Stack size: 8

*
0000:  MOVLW  03
0001:  MOVWF  0A
0002:  GOTO   32B
0003:  NOP
0004:  MOVWF  7F
0005:  SWAPF  03,W
0006:  CLRF   03
0007:  MOVWF  21
0008:  MOVF   0A,W
0009:  MOVWF  20
000A:  CLRF   0A
000B:  MOVF   04,W
000C:  MOVWF  22
000D:  MOVF   77,W
000E:  MOVWF  23
000F:  MOVF   78,W
0010:  MOVWF  24
0011:  MOVF   79,W
0012:  MOVWF  25
0013:  MOVF   7A,W
0014:  MOVWF  26
0015:  BSF    03.6
0016:  MOVF   0D,W
0017:  BCF    03.6
0018:  MOVWF  27
0019:  BSF    03.6
001A:  MOVF   0F,W
001B:  BCF    03.6
001C:  MOVWF  28
001D:  BSF    03.6
001E:  MOVF   0C,W
001F:  BCF    03.6
0020:  MOVWF  29
0021:  BSF    03.6
0022:  MOVF   0E,W
0023:  BCF    03.6
0024:  MOVWF  2A
0025:  BCF    03.7
0026:  BCF    03.5
0027:  MOVLW  8C
0028:  MOVWF  04
0029:  BTFSS  00.5
002A:  GOTO   02D
002B:  BTFSC  0C.5
002C:  GOTO   04E
002D:  MOVF   22,W
002E:  MOVWF  04
002F:  MOVF   23,W
0030:  MOVWF  77
0031:  MOVF   24,W
0032:  MOVWF  78
0033:  MOVF   25,W
0034:  MOVWF  79
0035:  MOVF   26,W
0036:  MOVWF  7A
0037:  MOVF   27,W
0038:  BSF    03.6
0039:  MOVWF  0D
003A:  BCF    03.6
003B:  MOVF   28,W
003C:  BSF    03.6
003D:  MOVWF  0F
003E:  BCF    03.6
003F:  MOVF   29,W
0040:  BSF    03.6
0041:  MOVWF  0C
0042:  BCF    03.6
0043:  MOVF   2A,W
0044:  BSF    03.6
0045:  MOVWF  0E
0046:  BCF    03.6
0047:  MOVF   20,W
0048:  MOVWF  0A
0049:  SWAPF  21,W
004A:  MOVWF  03
004B:  SWAPF  7F,F
004C:  SWAPF  7F,W
004D:  RETFIE
004E:  BCF    0A.3
004F:  BCF    0A.4
0050:  GOTO   06D
.................... #include <16F877.h> 
.................... //////////// Standard Header file for the PIC16F877 device //////////////// 
.................... /////////////////////////////////////////////////////////////////////////// 
.................... ////        (C) Copyright 1996, 2014 Custom Computer Services          //// 
.................... //// This source code may only be used by licensed users of the CCS C  //// 
.................... //// compiler.  This source code may only be distributed to other      //// 
.................... //// licensed users of the CCS C compiler.  No other use, reproduction //// 
.................... //// or distribution is permitted without written permission.          //// 
.................... //// Derivative programs created using this software in object code    //// 
.................... //// form are not restricted in any way.                               //// 
.................... /////////////////////////////////////////////////////////////////////////// 
.................... #device PIC16F877 
0051:  BCF    0A.0
0052:  BCF    0A.1
0053:  BCF    0A.2
0054:  ADDWF  02,F
0055:  RETLW  28
0056:  RETLW  0C
0057:  RETLW  01
0058:  RETLW  06
*
00B4:  DATA 20,10
00B5:  DATA 41,36
00B6:  DATA F4,37
00B7:  DATA 20,05
00B8:  DATA 20,00
00B9:  DATA 20,10
00BA:  DATA 41,3B
00BB:  DATA 61,37
00BC:  DATA FA,30
00BD:  DATA 20,05
00BE:  DATA 20,00
00BF:  DATA 20,10
00C0:  DATA D2,32
00C1:  DATA 74,39
00C2:  DATA EF,31
00C3:  DATA 65,32
00C4:  DATA 65,10
00C5:  DATA 0A,10
00C6:  DATA 00,01
00C7:  DATA 20,10
00C8:  DATA 49,3D
00C9:  DATA F1,3A
00CA:  DATA E9,32
00CB:  DATA 72,32
00CC:  DATA 61,10
00CD:  DATA 0A,10
00CE:  DATA 00,01
00CF:  DATA 20,10
00D0:  DATA C4,32
00D1:  DATA F2,32
00D2:  DATA 63,34
00D3:  DATA 61,10
00D4:  DATA 0A,10
00D5:  DATA 00,00
00D6:  DATA 20,10
00D7:  DATA D6,32
00D8:  DATA EC,37
00D9:  DATA E3,34
00DA:  DATA E4,30
00DB:  DATA 64,10
00DC:  DATA 33,10
00DD:  DATA 0A,10
00DE:  DATA 00,01
00DF:  DATA 20,10
00E0:  DATA D6,32
00E1:  DATA EC,37
00E2:  DATA E3,34
00E3:  DATA E4,30
00E4:  DATA 64,10
00E5:  DATA 32,10
00E6:  DATA 0A,10
00E7:  DATA 00,01
00E8:  DATA 20,10
00E9:  DATA D6,32
00EA:  DATA EC,37
00EB:  DATA E3,34
00EC:  DATA E4,30
00ED:  DATA 64,10
00EE:  DATA 31,10
00EF:  DATA 0A,10
00F0:  DATA 00,00
*
02D5:  MOVF   0B,W
02D6:  MOVWF  3A
02D7:  BCF    0B.7
02D8:  BSF    03.5
02D9:  BSF    03.6
02DA:  BSF    0C.7
02DB:  BSF    0C.0
02DC:  NOP
02DD:  NOP
02DE:  BCF    03.5
02DF:  BCF    03.6
02E0:  BTFSC  3A.7
02E1:  BSF    0B.7
02E2:  BSF    03.6
02E3:  MOVF   0C,W
02E4:  ANDLW  7F
02E5:  BTFSC  03.2
02E6:  GOTO   329
02E7:  BCF    03.6
02E8:  MOVWF  3A
02E9:  BSF    03.6
02EA:  MOVF   0D,W
02EB:  BCF    03.6
02EC:  MOVWF  3B
02ED:  BSF    03.6
02EE:  MOVF   0F,W
02EF:  BCF    03.6
02F0:  MOVWF  3C
02F1:  MOVF   3A,W
02F2:  MOVWF  3D
02F3:  CALL   2B0
02F4:  MOVF   3B,W
02F5:  BSF    03.6
02F6:  MOVWF  0D
02F7:  BCF    03.6
02F8:  MOVF   3C,W
02F9:  BSF    03.6
02FA:  MOVWF  0F
02FB:  BCF    03.6
02FC:  MOVF   0B,W
02FD:  MOVWF  3D
02FE:  BCF    0B.7
02FF:  BSF    03.5
0300:  BSF    03.6
0301:  BSF    0C.7
0302:  BSF    0C.0
0303:  NOP
0304:  NOP
0305:  BCF    03.5
0306:  BCF    03.6
0307:  BTFSC  3D.7
0308:  BSF    0B.7
0309:  BSF    03.6
030A:  RLF    0C,W
030B:  RLF    0E,W
030C:  ANDLW  7F
030D:  BTFSC  03.2
030E:  GOTO   329
030F:  BCF    03.6
0310:  MOVWF  3A
0311:  BSF    03.6
0312:  MOVF   0D,W
0313:  BCF    03.6
0314:  MOVWF  3B
0315:  BSF    03.6
0316:  MOVF   0F,W
0317:  BCF    03.6
0318:  MOVWF  3C
0319:  MOVF   3A,W
031A:  MOVWF  3D
031B:  CALL   2B0
031C:  MOVF   3B,W
031D:  BSF    03.6
031E:  MOVWF  0D
031F:  BCF    03.6
0320:  MOVF   3C,W
0321:  BSF    03.6
0322:  MOVWF  0F
0323:  INCF   0D,F
0324:  BTFSC  03.2
0325:  INCF   0F,F
0326:  BCF    03.6
0327:  GOTO   2D5
0328:  BSF    03.6
0329:  BCF    03.6
032A:  RETURN
....................  
.................... #list 
....................  
.................... #fuses HS,NOWDT,NOPROTECT 
.................... #use delay(clock=20000000) 
*
0059:  MOVLW  4C
005A:  MOVWF  04
005B:  BCF    03.7
005C:  MOVF   00,W
005D:  BTFSC  03.2
005E:  GOTO   06C
005F:  MOVLW  06
0060:  MOVWF  78
0061:  CLRF   77
0062:  DECFSZ 77,F
0063:  GOTO   062
0064:  DECFSZ 78,F
0065:  GOTO   061
0066:  MOVLW  7B
0067:  MOVWF  77
0068:  DECFSZ 77,F
0069:  GOTO   068
006A:  DECFSZ 00,F
006B:  GOTO   05F
006C:  RETURN
.................... #use rs232(baud=9600, xmit=PIN_C6, rcv=PIN_C7)              //Puerto Serie ->Bluetoth 
.................... #use i2c(MASTER, SDA=PIN_C4, SCL=PIN_C3,SLOW, NOFORCE_SW)    
*
00F1:  BCF    14.7
00F2:  BCF    0C.3
00F3:  MOVF   4B,W
00F4:  MOVWF  13
00F5:  MOVLW  02
00F6:  BTFSC  14.7
00F7:  GOTO   0FF
00F8:  BTFSS  0C.3
00F9:  GOTO   0F8
00FA:  MOVLW  00
00FB:  BSF    03.5
00FC:  BTFSC  11.6
00FD:  MOVLW  01
00FE:  BCF    03.5
00FF:  MOVWF  78
0100:  RETURN
.................... #include <i2c_Flex_LCD.c>                                   //LCD 
.................... //-----------------------------------------------------------------------------  
.................... // Title:         i2c_Flex_LCD  
.................... // Description:   Driver for common LCD with 1/2/3 or 4 rows by 1...20 columns  
.................... //                using PCF8574T interface board with I2C protocol.  
.................... // Date:          Nov-2013  
.................... // Ver.Rev.:      1.1  
.................... // Author:        Hugo Silva (sergio-hugo@bol.com.br) #Based on the routines of  
.................... //                "20X4_LCD_I2C_DRIVER.h" from Pumrin S. and "lcd4_i2c.c" from XP8100  
.................... //-----------------------------------------------------------------------------  
.................... //  
.................... // lcd_init() Must be called before any other function.  
.................... //  
.................... // lcd_putc(c) Will display c on the next position of the LCD.  
.................... //   
.................... //     \f Clear LCD display  
.................... //     \n Set write position on next lcd line  
.................... //     \b LCD backspace  
.................... //     lcd_gotoxy(x,y) Set write position on LCD (upper left is 1,1)  
.................... //  
.................... // lcd_backlight_led(ON)/lcd_backlight_led(OFF) = Turn ON/OFF LCD Backlight LED  
.................... //  
.................... //-----------------------------------------------------------------------------  
.................... // LCD pins D0-D3 are not used.  
.................... //-----------------------------------------------------------------------------  
.................... //  
.................... // Comment   : Control of a compatible LCD (1...4 rows by 1...4 columns) from  
.................... //              a bus I2C with an EXPANDER of I/O with connection I2C.  
.................... //              The tests of these routines have been programmed using the IC  
.................... //              Phillips PCF8574T. I've used 4 bits mode programming.  
.................... //              The 8 bits mode programming is possible if you use 2 x PCF8574T.  
.................... //              RW Pin is not being used.  
.................... //  
.................... // As defined in the following structure the pin connection is as follows:  
.................... //  
.................... //  PCF8574P     LCD  
.................... //  ========     ======  
.................... //     P0        RS  
.................... //     P1        RW    (Not used!)  
.................... //     P2        Enable   
.................... //     P3        Led Backlight  
.................... //     P4        D4  
.................... //     P5        D5  
.................... //     P6        D6  
.................... //     P7        D7  
.................... //  
.................... //  The SCL and SDA pins should be pull-up resistor as shown below:  
.................... //  
.................... //             +5v  
.................... //               |  
.................... //               <  
.................... //               > 4.7K         
.................... //               <           
.................... //To PIC         |          To i2c slave  
.................... //pin xx ------------------ SDA pin   
.................... //(SDA)                       
.................... //              +5v  
.................... //               |  
.................... //               <  
.................... //               > 4.7K         
.................... //               <           
.................... //To PIC         |          To i2c slave  
.................... //pin xx ------------------ SCL pin   
.................... //(SCL)  
.................... //  
.................... //To PIC                    To i2c slave  
.................... //Vss pin ----------------- Vss or ground pin   
.................... //                |  
.................... //              -----  
.................... //               ---  Ground  
.................... //                -   
.................... //   
.................... // THIS DOCUMENT IS PROVIDED TO THE USER "AS IS"  
.................... //-----------------------------------------------------------------------------  
.................... byte LCD_ADDR ;//             0x4E        //I2C slave address for LCD module  
.................... byte lcd_total_rows ;//       2           //Number of rows: 1,2,3 or 4  
.................... byte lcd_total_columns ;//    16          //Number of columns: 1...20    
....................  
.................... #define RS                    0b00000001  //P0 - PCF8574T Pin connected to RS  
.................... #define RW                    0b00000010  //P1 - PCF8574T Pin connected to RW  
.................... #define ENABLE                0b00000100  //P2 - PCF8574T Pin connected to EN  
.................... #define LCD_BACKLIGHT         0b00001000  //P3 - PCF8574T Pin connected to BACKLIGHT LED  
....................  
.................... #define addr_row_one          0x00        //LCD RAM address for row 1  
.................... #define addr_row_two          0x40        //LCD RAM address for row 2  
.................... #define addr_row_three        0x14        //LCD RAM address for row 3  
.................... #define addr_row_four         0x54        //LCD RAM address for row 4  
....................  
.................... #define ON                    1  
.................... #define OFF                   0  
.................... #define NOT                   ~  
.................... #define data_shifted          data<<4  
.................... int8 new_row_request=1, BACKLIGHT_LED=LCD_BACKLIGHT;  
....................  
.................... void lcd_backlight_led(byte bl)  
.................... {   
....................       If (bl) BACKLIGHT_LED=LCD_BACKLIGHT; else BACKLIGHT_LED=OFF;  
.................... }  
....................  
.................... void i2c_send_nibble(byte data, byte type)  
.................... {     
....................    switch (type)  
0101:  MOVF   49,W
0102:  XORLW  00
0103:  BTFSC  03.2
0104:  GOTO   109
0105:  XORLW  01
0106:  BTFSC  03.2
0107:  GOTO   12C
0108:  GOTO   150
....................    {       
....................       case 0 :       
....................       i2c_write(data_shifted | BACKLIGHT_LED);  
0109:  SWAPF  48,W
010A:  MOVWF  77
010B:  MOVLW  F0
010C:  ANDWF  77,F
010D:  MOVF   77,W
010E:  IORWF  31,W
010F:  MOVWF  4A
0110:  MOVWF  4B
0111:  CALL   0F1
....................       delay_cycles(1);  
0112:  NOP
....................       i2c_write(data_shifted | ENABLE | BACKLIGHT_LED );  
0113:  SWAPF  48,W
0114:  MOVWF  77
0115:  MOVLW  F0
0116:  ANDWF  77,F
0117:  MOVF   77,W
0118:  IORLW  04
0119:  IORWF  31,W
011A:  MOVWF  4A
011B:  MOVWF  4B
011C:  CALL   0F1
....................       delay_us(2);  
011D:  MOVLW  03
011E:  MOVWF  77
011F:  DECFSZ 77,F
0120:  GOTO   11F
....................       i2c_write(data_shifted & NOT ENABLE | BACKLIGHT_LED);  
0121:  SWAPF  48,W
0122:  MOVWF  77
0123:  MOVLW  F0
0124:  ANDWF  77,F
0125:  MOVF   77,W
0126:  ANDLW  FB
0127:  IORWF  31,W
0128:  MOVWF  4A
0129:  MOVWF  4B
012A:  CALL   0F1
....................       break;  
012B:  GOTO   150
....................        
....................       case 1 :  
....................       i2c_write(data_shifted | RS | BACKLIGHT_LED);  
012C:  SWAPF  48,W
012D:  MOVWF  77
012E:  MOVLW  F0
012F:  ANDWF  77,F
0130:  MOVF   77,W
0131:  IORLW  01
0132:  IORWF  31,W
0133:  MOVWF  4A
0134:  MOVWF  4B
0135:  CALL   0F1
....................       delay_cycles(1);  
0136:  NOP
....................       i2c_write(data_shifted | RS | ENABLE | BACKLIGHT_LED );  
0137:  SWAPF  48,W
0138:  MOVWF  77
0139:  MOVLW  F0
013A:  ANDWF  77,F
013B:  MOVF   77,W
013C:  IORLW  01
013D:  IORLW  04
013E:  IORWF  31,W
013F:  MOVWF  4A
0140:  MOVWF  4B
0141:  CALL   0F1
....................       delay_us(2);  
0142:  MOVLW  03
0143:  MOVWF  77
0144:  DECFSZ 77,F
0145:  GOTO   144
....................       i2c_write(data_shifted | RS | BACKLIGHT_LED);  
0146:  SWAPF  48,W
0147:  MOVWF  77
0148:  MOVLW  F0
0149:  ANDWF  77,F
014A:  MOVF   77,W
014B:  IORLW  01
014C:  IORWF  31,W
014D:  MOVWF  4A
014E:  MOVWF  4B
014F:  CALL   0F1
....................       break;  
....................    }  
0150:  RETURN
.................... }  
....................      
.................... void lcd_send_byte(byte data, byte type)  
....................    {  
....................         i2c_start();  
0151:  BSF    03.5
0152:  BSF    11.0
0153:  BTFSC  11.0
0154:  GOTO   153
....................         i2c_write(LCD_ADDR);  
0155:  BCF    03.5
0156:  MOVF   2D,W
0157:  MOVWF  4B
0158:  CALL   0F1
....................         i2c_send_nibble(data >> 4 , type);  
0159:  SWAPF  45,W
015A:  MOVWF  47
015B:  MOVLW  0F
015C:  ANDWF  47,F
015D:  MOVF   47,W
015E:  MOVWF  48
015F:  MOVF   46,W
0160:  MOVWF  49
0161:  CALL   101
....................         i2c_send_nibble(data & 0xf , type);  
0162:  MOVF   45,W
0163:  ANDLW  0F
0164:  MOVWF  47
0165:  MOVWF  48
0166:  MOVF   46,W
0167:  MOVWF  49
0168:  CALL   101
....................         i2c_stop();         
0169:  BSF    03.5
016A:  BSF    11.2
016B:  BTFSC  11.2
016C:  GOTO   16B
016D:  BCF    03.5
016E:  RETURN
....................    }  
....................  
.................... void lcd_clear()  
.................... {   
....................         lcd_send_byte(0x01,0);  
016F:  MOVLW  01
0170:  MOVWF  45
0171:  CLRF   46
0172:  CALL   151
0173:  CLRF   2B
0174:  BTFSC  0B.7
0175:  BSF    2B.7
0176:  BCF    0B.7
....................         delay_ms(2);  
0177:  MOVLW  02
0178:  MOVWF  4C
0179:  CALL   059
017A:  BTFSC  2B.7
017B:  BSF    0B.7
....................         new_row_request=1;  
017C:  MOVLW  01
017D:  MOVWF  30
017E:  RETURN
.................... }  
....................  
.................... void lcd_init(byte ADDR, byte col, byte row)  
.................... {  
....................    byte i; 
....................    byte CONST lcd_type=2;  // 0=5x7, 1=5x10, 2=2 lines  
....................    byte CONST LCD_INIT_STRING[4] = {0x20 | (lcd_type << 2), 0xc, 1, 6}; // These bytes need to be sent to the LCD to start it up. 
....................     
....................    LCD_ADDR =ADDR;//             0x4E        //I2C slave address for LCD module  
017F:  MOVF   3A,W
0180:  MOVWF  2D
....................    lcd_total_rows =row;//       2           //Number of rows: 1,2,3 or 4  
0181:  MOVF   3C,W
0182:  MOVWF  2E
....................    lcd_total_columns= col ; 
0183:  MOVF   3B,W
0184:  MOVWF  2F
....................    disable_interrupts(GLOBAL);  
0185:  BCF    0B.6
0186:  BCF    0B.7
0187:  BTFSC  0B.7
0188:  GOTO   186
0189:  CLRF   2B
018A:  BTFSC  0B.7
018B:  BSF    2B.7
018C:  BCF    0B.7
....................    delay_ms(50); //LCD power up delay  
018D:  MOVLW  32
018E:  MOVWF  4C
018F:  CALL   059
0190:  BTFSC  2B.7
0191:  BSF    0B.7
....................      
....................    i2c_start();  
0192:  BSF    03.5
0193:  BSF    11.0
0194:  BTFSC  11.0
0195:  GOTO   194
....................    i2c_write(LCD_ADDR);  
0196:  BCF    03.5
0197:  MOVF   2D,W
0198:  MOVWF  4B
0199:  CALL   0F1
....................       i2c_send_nibble(0x00,0);  
019A:  CLRF   48
019B:  CLRF   49
019C:  CALL   101
019D:  CLRF   2B
019E:  BTFSC  0B.7
019F:  BSF    2B.7
01A0:  BCF    0B.7
....................       delay_ms(15);  
01A1:  MOVLW  0F
01A2:  MOVWF  4C
01A3:  CALL   059
01A4:  BTFSC  2B.7
01A5:  BSF    0B.7
....................      
....................    for (i=1;i<=3;++i)     
01A6:  MOVLW  01
01A7:  MOVWF  3D
01A8:  MOVF   3D,W
01A9:  SUBLW  03
01AA:  BTFSS  03.0
01AB:  GOTO   1BB
....................    {  
....................       i2c_send_nibble(0x03,0);  
01AC:  MOVLW  03
01AD:  MOVWF  48
01AE:  CLRF   49
01AF:  CALL   101
01B0:  CLRF   2B
01B1:  BTFSC  0B.7
01B2:  BSF    2B.7
01B3:  BCF    0B.7
....................       delay_ms(5);  
01B4:  MOVLW  05
01B5:  MOVWF  4C
01B6:  CALL   059
01B7:  BTFSC  2B.7
01B8:  BSF    0B.7
01B9:  INCF   3D,F
01BA:  GOTO   1A8
....................    }     
....................       i2c_send_nibble(0x02,0);  
01BB:  MOVLW  02
01BC:  MOVWF  48
01BD:  CLRF   49
01BE:  CALL   101
01BF:  CLRF   2B
01C0:  BTFSC  0B.7
01C1:  BSF    2B.7
01C2:  BCF    0B.7
....................       delay_ms(5);  
01C3:  MOVLW  05
01C4:  MOVWF  4C
01C5:  CALL   059
01C6:  BTFSC  2B.7
01C7:  BSF    0B.7
....................    i2c_stop();  
01C8:  BSF    03.5
01C9:  BSF    11.2
01CA:  BTFSC  11.2
01CB:  GOTO   1CA
....................      
....................    for (i=0;i<=3;++i) {  
01CC:  BCF    03.5
01CD:  CLRF   3D
01CE:  MOVF   3D,W
01CF:  SUBLW  03
01D0:  BTFSS  03.0
01D1:  GOTO   1E3
....................    lcd_send_byte(LCD_INIT_STRING[i],0);  
01D2:  MOVF   3D,W
01D3:  CALL   051
01D4:  MOVWF  3E
01D5:  MOVWF  45
01D6:  CLRF   46
01D7:  CALL   151
01D8:  CLRF   2B
01D9:  BTFSC  0B.7
01DA:  BSF    2B.7
01DB:  BCF    0B.7
....................    delay_ms(5);  
01DC:  MOVLW  05
01DD:  MOVWF  4C
01DE:  CALL   059
01DF:  BTFSC  2B.7
01E0:  BSF    0B.7
01E1:  INCF   3D,F
01E2:  GOTO   1CE
....................    }  
....................    lcd_clear();  //Clear Display  
01E3:  CALL   16F
....................    enable_interrupts(GLOBAL);  
01E4:  MOVLW  C0
01E5:  IORWF  0B,F
01E6:  BCF    0A.3
01E7:  BCF    0A.4
01E8:  GOTO   37D (RETURN)
.................... }  
....................  
.................... void lcd_gotoxy( byte x, byte y)  
.................... {  
.................... byte row,column,row_addr,lcd_address;  
.................... static char data;  
*
035B:  BCF    03.5
035C:  CLRF   32
....................  
....................    if (y>lcd_total_rows) row=lcd_total_rows; else row=y;  
*
0279:  MOVF   3F,W
027A:  SUBWF  2E,W
027B:  BTFSC  03.0
027C:  GOTO   280
027D:  MOVF   2E,W
027E:  MOVWF  40
027F:  GOTO   282
0280:  MOVF   3F,W
0281:  MOVWF  40
....................    
....................    switch(row)  
0282:  MOVF   40,W
0283:  XORLW  01
0284:  BTFSC  03.2
0285:  GOTO   290
0286:  XORLW  03
0287:  BTFSC  03.2
0288:  GOTO   292
0289:  XORLW  01
028A:  BTFSC  03.2
028B:  GOTO   295
028C:  XORLW  07
028D:  BTFSC  03.2
028E:  GOTO   298
028F:  GOTO   29B
....................    {  
....................       case 1:  row_addr=addr_row_one;     break;  
0290:  CLRF   42
0291:  GOTO   29C
....................       case 2:  row_addr=addr_row_two;     break;  
0292:  MOVLW  40
0293:  MOVWF  42
0294:  GOTO   29C
....................       case 3:  row_addr=addr_row_three;   break;  
0295:  MOVLW  14
0296:  MOVWF  42
0297:  GOTO   29C
....................       case 4:  row_addr=addr_row_four;    break;  
0298:  MOVLW  54
0299:  MOVWF  42
029A:  GOTO   29C
....................       default: row_addr=addr_row_one;     break;   
029B:  CLRF   42
....................    }   
....................      
....................    if (x>lcd_total_columns) column=lcd_total_columns; else column=x;   
029C:  MOVF   3E,W
029D:  SUBWF  2F,W
029E:  BTFSC  03.0
029F:  GOTO   2A3
02A0:  MOVF   2F,W
02A1:  MOVWF  41
02A2:  GOTO   2A5
02A3:  MOVF   3E,W
02A4:  MOVWF  41
....................    lcd_address=(row_addr+(column-1));  
02A5:  MOVLW  01
02A6:  SUBWF  41,W
02A7:  ADDWF  42,W
02A8:  MOVWF  43
....................    lcd_send_byte(0x80|lcd_address,0);  
02A9:  MOVF   43,W
02AA:  IORLW  80
02AB:  MOVWF  44
02AC:  MOVWF  45
02AD:  CLRF   46
02AE:  CALL   151
02AF:  RETURN
.................... }  
....................  
.................... //Display the character on LCD screen.  
.................... void LCD_PUTC(char in_data)  
.................... {     
....................   switch(in_data)  
02B0:  MOVF   3D,W
02B1:  XORLW  0C
02B2:  BTFSC  03.2
02B3:  GOTO   2BB
02B4:  XORLW  06
02B5:  BTFSC  03.2
02B6:  GOTO   2BD
02B7:  XORLW  02
02B8:  BTFSC  03.2
02B9:  GOTO   2CA
02BA:  GOTO   2CF
....................    {   
....................      case '\f': lcd_clear();                       break;                 
02BB:  CALL   16F
02BC:  GOTO   2D4
....................        
....................      case '\n':  
....................      new_row_request++;  
02BD:  INCF   30,F
....................      if (new_row_request>lcd_total_rows) new_row_request=1;  
02BE:  MOVF   30,W
02BF:  SUBWF  2E,W
02C0:  BTFSC  03.0
02C1:  GOTO   2C4
02C2:  MOVLW  01
02C3:  MOVWF  30
....................      lcd_gotoxy(1, new_row_request);  
02C4:  MOVLW  01
02C5:  MOVWF  3E
02C6:  MOVF   30,W
02C7:  MOVWF  3F
02C8:  CALL   279
....................      break;  
02C9:  GOTO   2D4
....................                    
....................      case '\b': lcd_send_byte(0x10,0);             break;  
02CA:  MOVLW  10
02CB:  MOVWF  45
02CC:  CLRF   46
02CD:  CALL   151
02CE:  GOTO   2D4
....................          
....................      default: lcd_send_byte(in_data,1);            break;       
02CF:  MOVF   3D,W
02D0:  MOVWF  45
02D1:  MOVLW  01
02D2:  MOVWF  46
02D3:  CALL   151
....................        
....................    }  
02D4:  RETURN
.................... }  
....................  
.................... #org 0x1F00,0x1FFF void loader16F877(void){}                //Terminal 
*
1F00:  RETURN
....................  
.................... /// === Vaiable Globales === 
.................... int direccion=0,movCoche=0; 
.................... int velocidad=1,changeVel=0; 
.................... char b; 
....................  
.................... #int_RDA       //Se recbio un dato 
.................... void direcCarro(){ 
....................    b = getchar(); 
*
006D:  BTFSS  0C.5
006E:  GOTO   06D
006F:  MOVF   1A,W
0070:  MOVWF  37
....................    if(b == 'S'){     //Para: 0 
0071:  MOVF   37,W
0072:  SUBLW  53
0073:  BTFSS  03.2
0074:  GOTO   078
....................       direccion = 0; 
0075:  CLRF   33
....................       movCoche=1; 
0076:  MOVLW  01
0077:  MOVWF  34
....................    } 
....................    if(b == 'A'){     //Hacia adelante: 1  
0078:  MOVF   37,W
0079:  SUBLW  41
007A:  BTFSS  03.2
007B:  GOTO   07F
....................       direccion = 1;        //1010 -> M1=DERECHA M2=DERECHA 
007C:  MOVLW  01
007D:  MOVWF  33
....................       movCoche=1; 
007E:  MOVWF  34
....................    } 
....................    if(b == 'R'){     //Hacia atras: 2 
007F:  MOVF   37,W
0080:  SUBLW  52
0081:  BTFSS  03.2
0082:  GOTO   087
....................       direccion = 2;         //0101 -> M1=IZQUIERDA M2=IZQUIERDA 
0083:  MOVLW  02
0084:  MOVWF  33
....................       movCoche=1; 
0085:  MOVLW  01
0086:  MOVWF  34
....................    } 
....................    if(b == 'I'){     //Hacia la izquierda: 3 
0087:  MOVF   37,W
0088:  SUBLW  49
0089:  BTFSS  03.2
008A:  GOTO   08F
....................       direccion = 3;         //0110 -> M1=IZQUIERDA M2=DERECHA 
008B:  MOVLW  03
008C:  MOVWF  33
....................       movCoche=1; 
008D:  MOVLW  01
008E:  MOVWF  34
....................    } 
....................    if(b == 'D'){     //Hacia derecha: 4 
008F:  MOVF   37,W
0090:  SUBLW  44
0091:  BTFSS  03.2
0092:  GOTO   097
....................       direccion = 4;         //1001 -> M1=DERECHA M2=IZQUIERDA 
0093:  MOVLW  04
0094:  MOVWF  33
....................       movCoche=1; 
0095:  MOVLW  01
0096:  MOVWF  34
....................    } 
....................    if(b=='L'){ //aumenta la velocidad 
0097:  MOVF   37,W
0098:  SUBLW  4C
0099:  BTFSS  03.2
009A:  GOTO   0A2
....................       if(velocidad<3){ 
009B:  MOVF   35,W
009C:  SUBLW  02
009D:  BTFSS  03.0
009E:  GOTO   0A2
....................          velocidad+=1; 
009F:  MOVLW  01
00A0:  ADDWF  35,F
....................          changeVel=1; 
00A1:  MOVWF  36
....................       } 
....................    } 
....................    if(b=='F'){ 
00A2:  MOVF   37,W
00A3:  SUBLW  46
00A4:  BTFSS  03.2
00A5:  GOTO   0AD
....................       if(velocidad>1){ 
00A6:  MOVF   35,W
00A7:  SUBLW  01
00A8:  BTFSC  03.0
00A9:  GOTO   0AD
....................          changeVel=1; 
00AA:  MOVLW  01
00AB:  MOVWF  36
....................          velocidad-=1; 
00AC:  SUBWF  35,F
....................       } 
....................    } 
....................    delay_ms(100);// retardo de 100ms para que se pueda apreciar el cambio 
00AD:  MOVLW  64
00AE:  MOVWF  4C
00AF:  CALL   059
00B0:  BCF    0C.5
00B1:  BCF    0A.3
00B2:  BCF    0A.4
00B3:  GOTO   02D
.................... } 
.................... void escribir_i2c(){ 
....................    i2c_start();//inicia comunicaci{on 
*
01E9:  BSF    03.5
01EA:  BSF    11.0
01EB:  BTFSC  11.0
01EC:  GOTO   1EB
....................    i2c_write(0x42);//direccion recorrida un lugar 
01ED:  MOVLW  42
01EE:  BCF    03.5
01EF:  MOVWF  4B
01F0:  CALL   0F1
....................    i2c_write(0); //envia a escribir el contenido de contador 
01F1:  CLRF   4B
01F2:  CALL   0F1
....................    i2c_stop();//detiene comunicacion 
01F3:  BSF    03.5
01F4:  BSF    11.2
01F5:  BTFSC  11.2
01F6:  GOTO   1F5
01F7:  BCF    03.5
01F8:  BCF    0A.3
01F9:  BCF    0A.4
01FA:  GOTO   37E (RETURN)
.................... } 
.................... void cambioVelocidad(); 
.................... void imprimeLCD(); 
.................... void movMotores(); 
.................... void main(){ 
*
032B:  MOVF   03,W
032C:  ANDLW  1F
032D:  MOVWF  03
032E:  MOVLW  81
032F:  BSF    03.5
0330:  MOVWF  19
0331:  MOVLW  A6
0332:  MOVWF  18
0333:  MOVLW  90
0334:  BCF    03.5
0335:  MOVWF  18
0336:  MOVLW  FF
0337:  MOVWF  2C
0338:  BSF    2C.3
0339:  MOVF   2C,W
033A:  BSF    03.5
033B:  MOVWF  07
033C:  BCF    03.5
033D:  BSF    2C.4
033E:  MOVF   2C,W
033F:  BSF    03.5
0340:  MOVWF  07
0341:  MOVLW  31
0342:  MOVWF  13
0343:  MOVLW  28
0344:  BCF    03.5
0345:  MOVWF  14
0346:  BSF    03.5
0347:  BSF    14.7
0348:  BCF    14.6
0349:  MOVLW  01
034A:  BCF    03.5
034B:  MOVWF  30
034C:  MOVLW  08
034D:  MOVWF  31
034E:  CLRF   33
034F:  CLRF   34
0350:  MOVLW  01
0351:  MOVWF  35
0352:  CLRF   36
0353:  CLRF   39
0354:  CLRF   38
0355:  BSF    03.5
0356:  BSF    1F.0
0357:  BSF    1F.1
0358:  BSF    1F.2
0359:  BCF    1F.3
035A:  BCF    03.7
....................    //=== Interrupciones === 
....................    enable_interrupts(INT_RDA);    //Habilita interrupción detección por puerto serie 
035D:  BSF    03.5
035E:  BSF    0C.5
....................    enable_interrupts(GLOBAL); 
035F:  MOVLW  C0
0360:  BCF    03.5
0361:  IORWF  0B,F
....................    setup_timer_2(t2_div_by_16,255,1);//predivisor de 16, PR2=255,  con esto tenemos un periodo de 0.8192ms y frecuencia de 1.22kHZ 
0362:  MOVLW  00
0363:  MOVWF  78
0364:  IORLW  06
0365:  MOVWF  12
0366:  MOVLW  FF
0367:  BSF    03.5
0368:  MOVWF  12
....................    setup_ccp1(ccp_pwm); 
0369:  BCF    03.5
036A:  BCF    2C.2
036B:  MOVF   2C,W
036C:  BSF    03.5
036D:  MOVWF  07
036E:  BCF    03.5
036F:  BCF    07.2
0370:  MOVLW  0C
0371:  MOVWF  17
....................    set_tris_b(0xF0); //4 bits menos significativos como salida y los 4 bits más significativos como entrada 
0372:  MOVLW  F0
0373:  BSF    03.5
0374:  MOVWF  06
....................    lcd_init(0x4E,16,2);       // Ajustar de acuerdo a las conexiones (consultar imagen) 
0375:  MOVLW  4E
0376:  BCF    03.5
0377:  MOVWF  3A
0378:  MOVLW  10
0379:  MOVWF  3B
037A:  MOVLW  02
037B:  MOVWF  3C
037C:  GOTO   17F
....................    escribir_i2c(); 
037D:  GOTO   1E9
....................   changeVel=1; //forzamos la primera impresión de velocidad 
037E:  MOVLW  01
037F:  MOVWF  36
....................   movCoche=1; 
0380:  MOVWF  34
....................    while(TRUE){ 
....................       movMotores(); 
0381:  GOTO   1FB
....................       if(movCoche==1)imprimeLCD(); 
0382:  DECFSZ 34,W
0383:  GOTO   3D6
....................       if(changeVel==1)cambioVelocidad(); 
*
03D6:  DECFSZ 36,W
03D7:  GOTO   41A
*
041A:  GOTO   381
....................        
....................    } 
.................... } 
.................... void movMotores(){ 
041B:  SLEEP
....................    switch(direccion){ 
*
01FB:  MOVF   33,W
01FC:  XORLW  00
01FD:  BTFSC  03.2
01FE:  GOTO   20C
01FF:  XORLW  01
0200:  BTFSC  03.2
0201:  GOTO   212
0202:  XORLW  03
0203:  BTFSC  03.2
0204:  GOTO   22B
0205:  XORLW  01
0206:  BTFSC  03.2
0207:  GOTO   244
0208:  XORLW  07
0209:  BTFSC  03.2
020A:  GOTO   25D
020B:  GOTO   276
....................       case 0: //Alto 
....................          output_b(0x0F);   //limpiamos puerto B  0000 0000 no hay movimiento de los motores 
020C:  BSF    03.5
020D:  CLRF   06
020E:  MOVLW  0F
020F:  BCF    03.5
0210:  MOVWF  06
....................          break;    
0211:  GOTO   276
....................       case 1:  //Avanza: 1010:  M1:derecha, M2: derecha 
....................          //output_bit(PIN_B0,0); 
....................          output_bit(PIN_B0,input_state(pin_C2)); 
0212:  BTFSC  07.2
0213:  GOTO   216
0214:  BCF    06.0
0215:  GOTO   217
0216:  BSF    06.0
0217:  BSF    03.5
0218:  BCF    06.0
....................          output_bit(PIN_B1,1); 
0219:  BCF    03.5
021A:  BSF    06.1
021B:  BSF    03.5
021C:  BCF    06.1
....................          output_bit(PIN_B2,input_state(pin_C2)); 
021D:  BCF    03.5
021E:  BTFSC  07.2
021F:  GOTO   222
0220:  BCF    06.2
0221:  GOTO   223
0222:  BSF    06.2
0223:  BSF    03.5
0224:  BCF    06.2
....................          //output_bit(PIN_B2,0); 
....................          output_bit(PIN_B3,1); 
0225:  BCF    03.5
0226:  BSF    06.3
0227:  BSF    03.5
0228:  BCF    06.3
....................          break; 
0229:  BCF    03.5
022A:  GOTO   276
....................       case 2:   //Retrocede: 0101:  M1:izquierda, M2: izquierda 
....................          output_bit(PIN_B0,1); 
022B:  BSF    06.0
022C:  BSF    03.5
022D:  BCF    06.0
....................          output_bit(PIN_B1,input_state(pin_C2)); 
022E:  BCF    03.5
022F:  BTFSC  07.2
0230:  GOTO   233
0231:  BCF    06.1
0232:  GOTO   234
0233:  BSF    06.1
0234:  BSF    03.5
0235:  BCF    06.1
....................          //output_bit(PIN_B1,0); 
....................          output_bit(PIN_B2,1); 
0236:  BCF    03.5
0237:  BSF    06.2
0238:  BSF    03.5
0239:  BCF    06.2
....................          output_bit(PIN_B3,input_state(pin_C2)); 
023A:  BCF    03.5
023B:  BTFSC  07.2
023C:  GOTO   23F
023D:  BCF    06.3
023E:  GOTO   240
023F:  BSF    06.3
0240:  BSF    03.5
0241:  BCF    06.3
....................          //output_bit(PIN_B3,0); 
....................          break; 
0242:  BCF    03.5
0243:  GOTO   276
....................       case 3:   //Izquierda: 0110:  M1:izquierda, M2: izquierda 
....................          output_bit(PIN_B0,input_state(pin_C2)); 
0244:  BTFSC  07.2
0245:  GOTO   248
0246:  BCF    06.0
0247:  GOTO   249
0248:  BSF    06.0
0249:  BSF    03.5
024A:  BCF    06.0
....................          //output_bit(PIN_B0,0); 
....................          output_bit(PIN_B1,1); 
024B:  BCF    03.5
024C:  BSF    06.1
024D:  BSF    03.5
024E:  BCF    06.1
....................          output_bit(PIN_B2,1); 
024F:  BCF    03.5
0250:  BSF    06.2
0251:  BSF    03.5
0252:  BCF    06.2
....................          output_bit(PIN_B3,input_state(pin_C2)); 
0253:  BCF    03.5
0254:  BTFSC  07.2
0255:  GOTO   258
0256:  BCF    06.3
0257:  GOTO   259
0258:  BSF    06.3
0259:  BSF    03.5
025A:  BCF    06.3
....................          //output_bit(PIN_B3,0); 
....................          break; 
025B:  BCF    03.5
025C:  GOTO   276
....................       case 4:  //Derecha: 1001:  M1:derecha, M2: derecha 
....................          output_bit(PIN_B0,1); 
025D:  BSF    06.0
025E:  BSF    03.5
025F:  BCF    06.0
....................          output_bit(PIN_B1,input_state(pin_C2)); 
0260:  BCF    03.5
0261:  BTFSC  07.2
0262:  GOTO   265
0263:  BCF    06.1
0264:  GOTO   266
0265:  BSF    06.1
0266:  BSF    03.5
0267:  BCF    06.1
....................          //output_bit(PIN_B1,0); 
....................          output_bit(PIN_B2,input_state(pin_C2)); 
0268:  BCF    03.5
0269:  BTFSC  07.2
026A:  GOTO   26D
026B:  BCF    06.2
026C:  GOTO   26E
026D:  BSF    06.2
026E:  BSF    03.5
026F:  BCF    06.2
....................          //output_bit(PIN_B2,0); 
....................          output_bit(PIN_B3,1); 
0270:  BCF    03.5
0271:  BSF    06.3
0272:  BSF    03.5
0273:  BCF    06.3
....................          break;       
0274:  BCF    03.5
0275:  GOTO   276
....................       default: 
....................          break; 
....................    } 
0276:  BCF    0A.3
0277:  BCF    0A.4
0278:  GOTO   382 (RETURN)
.................... } 
.................... void imprimeLCD(){ 
....................    printf(lcd_putc,"\f"); 
*
0384:  MOVLW  0C
0385:  MOVWF  3D
0386:  CALL   2B0
....................    switch(direccion){ 
0387:  MOVF   33,W
0388:  BTFSC  03.2
0389:  GOTO   397
038A:  XORLW  01
038B:  BTFSC  03.2
038C:  GOTO   3A3
038D:  XORLW  03
038E:  BTFSC  03.2
038F:  GOTO   3AF
0390:  XORLW  01
0391:  BTFSC  03.2
0392:  GOTO   3BB
0393:  XORLW  07
0394:  BTFSC  03.2
0395:  GOTO   3C7
0396:  GOTO   3D3
....................       case 0: //Alto 
....................          lcd_gotoxy(1,1); 
0397:  MOVLW  01
0398:  MOVWF  3E
0399:  MOVWF  3F
039A:  CALL   279
....................          printf(lcd_putc,"  Alto \n "); 
039B:  MOVLW  B4
039C:  BSF    03.6
039D:  MOVWF  0D
039E:  MOVLW  00
039F:  MOVWF  0F
03A0:  BCF    03.6
03A1:  CALL   2D5
....................          break;    
03A2:  GOTO   3D3
....................       case 1:  //Avanza: 1010:  M1:derecha, M2: derecha 
....................          lcd_gotoxy(1,1); 
03A3:  MOVLW  01
03A4:  MOVWF  3E
03A5:  MOVWF  3F
03A6:  CALL   279
....................          printf(lcd_putc,"  Avanza \n "); 
03A7:  MOVLW  B9
03A8:  BSF    03.6
03A9:  MOVWF  0D
03AA:  MOVLW  00
03AB:  MOVWF  0F
03AC:  BCF    03.6
03AD:  CALL   2D5
....................          break; 
03AE:  GOTO   3D3
....................       case 2:   //Retrocede: 0101:  M1:izquierda, M2: izquierda 
....................          lcd_gotoxy(1,1); 
03AF:  MOVLW  01
03B0:  MOVWF  3E
03B1:  MOVWF  3F
03B2:  CALL   279
....................          printf(lcd_putc,"  Retrocede \n "); 
03B3:  MOVLW  BF
03B4:  BSF    03.6
03B5:  MOVWF  0D
03B6:  MOVLW  00
03B7:  MOVWF  0F
03B8:  BCF    03.6
03B9:  CALL   2D5
....................          break; 
03BA:  GOTO   3D3
....................       case 3:   //Izquierda: 0110:  M1:izquierda, M2: izquierda 
....................          lcd_gotoxy(1,1); 
03BB:  MOVLW  01
03BC:  MOVWF  3E
03BD:  MOVWF  3F
03BE:  CALL   279
....................          printf(lcd_putc,"  Izquierda \n "); 
03BF:  MOVLW  C7
03C0:  BSF    03.6
03C1:  MOVWF  0D
03C2:  MOVLW  00
03C3:  MOVWF  0F
03C4:  BCF    03.6
03C5:  CALL   2D5
....................          break; 
03C6:  GOTO   3D3
....................       case 4:  //Derecha: 1001:  M1:derecha, M2: derecha 
....................          lcd_gotoxy(1,1); 
03C7:  MOVLW  01
03C8:  MOVWF  3E
03C9:  MOVWF  3F
03CA:  CALL   279
....................          printf(lcd_putc,"  Derecha \n "); 
03CB:  MOVLW  CF
03CC:  BSF    03.6
03CD:  MOVWF  0D
03CE:  MOVLW  00
03CF:  MOVWF  0F
03D0:  BCF    03.6
03D1:  CALL   2D5
....................          break;       
03D2:  GOTO   3D3
....................       default: 
....................          break; 
....................    } 
....................    changeVel=1; 
03D3:  MOVLW  01
03D4:  MOVWF  36
....................    movCoche=0; 
03D5:  CLRF   34
.................... } 
.................... void cambioVelocidad(){ 
....................    switch(velocidad){ 
03D8:  MOVF   35,W
03D9:  XORLW  01
03DA:  BTFSC  03.2
03DB:  GOTO   3E3
03DC:  XORLW  03
03DD:  BTFSC  03.2
03DE:  GOTO   3F2
03DF:  XORLW  01
03E0:  BTFSC  03.2
03E1:  GOTO   401
03E2:  GOTO   410
....................       case 1: 
....................          set_pwm1_duty(20); 
03E3:  MOVLW  14
03E4:  MOVWF  15
....................          lcd_gotoxy(1,2); 
03E5:  MOVLW  01
03E6:  MOVWF  3E
03E7:  MOVLW  02
03E8:  MOVWF  3F
03E9:  CALL   279
....................          printf(lcd_putc,"  Velocidad 3 \n "); 
03EA:  MOVLW  D6
03EB:  BSF    03.6
03EC:  MOVWF  0D
03ED:  MOVLW  00
03EE:  MOVWF  0F
03EF:  BCF    03.6
03F0:  CALL   2D5
....................          break;    
03F1:  GOTO   410
....................       case 2:   
....................          set_pwm1_duty(60); 
03F2:  MOVLW  3C
03F3:  MOVWF  15
....................          lcd_gotoxy(1,2); 
03F4:  MOVLW  01
03F5:  MOVWF  3E
03F6:  MOVLW  02
03F7:  MOVWF  3F
03F8:  CALL   279
....................          printf(lcd_putc,"  Velocidad 2 \n "); 
03F9:  MOVLW  DF
03FA:  BSF    03.6
03FB:  MOVWF  0D
03FC:  MOVLW  00
03FD:  MOVWF  0F
03FE:  BCF    03.6
03FF:  CALL   2D5
....................          break; 
0400:  GOTO   410
....................       case 3:   
....................          set_pwm1_duty(127); 
0401:  MOVLW  7F
0402:  MOVWF  15
....................          lcd_gotoxy(1,2); 
0403:  MOVLW  01
0404:  MOVWF  3E
0405:  MOVLW  02
0406:  MOVWF  3F
0407:  CALL   279
....................          printf(lcd_putc,"  Velocidad 1 \n "); 
0408:  MOVLW  E8
0409:  BSF    03.6
040A:  MOVWF  0D
040B:  MOVLW  00
040C:  MOVWF  0F
040D:  BCF    03.6
040E:  CALL   2D5
....................          break; 
040F:  GOTO   410
....................       default: 
....................          break; 
....................    } 
....................    changeVel=0; //reiniciamos la bandera de velocidad para permitir otros cambios de velocidad 
0410:  CLRF   36
0411:  CLRF   2B
0412:  BTFSC  0B.7
0413:  BSF    2B.7
0414:  BCF    0B.7
....................    delay_ms(100); 
0415:  MOVLW  64
0416:  MOVWF  4C
0417:  CALL   059
0418:  BTFSC  2B.7
0419:  BSF    0B.7
....................     
....................     
.................... } 

Configuration Fuses:
   Word  1: 3F72   HS NOWDT PUT BROWNOUT NOLVP NOCPD NOWRT NODEBUG NOPROTECT
