
ROM used:   1053/8192 (13%)
            2049/8192 (25%) including unused fragments

            1.0 Average locations per line
            5.5 Average locations per statement

RAM used:   31/368 (8%) at main() level
            50/368 (14%) worst case

Stack used: 8 worst case (6 in main + 2 for interrupts)
Stack size: 8

Lines Stmts  %   Files
----- ----- ---  -----
  173   114  60  Carrito.c
  652     0   0  ..\..\..\..\..\..\..\..\Archivos de programa\CSS\Devices\16F877.h
  211    77  40  ..\..\..\..\..\..\..\..\Archivos de programa\CSS\Drivers\i2c_Flex_LCD.c
----- -----
 1036   191 Total

Page ROM  %  RAM    Vol Diff  Functions:
---- --- --- ---    --- ----  ----------
0     20   2    1             @delay_ms1
0     16   2    1             @I2C_WRITEU_1
0     80   8    3    574  5.9  i2c_send_nibble
0     30   3    3    149  2.8  lcd_send_byte
0     16   2    0     61  1.9  lcd_clear
0      8   1    0             @const660
0    106  10    5    902  5.8  lcd_init
0     55   5    7    681  8.0  lcd_gotoxy
0     37   4    1    310  5.9  LCD_PUTC
3      1   0    0      5  1.0  loader16F877
0     71   7    0    720  4.8  direcCarro
0     18   2    0     55  1.1  escribir_i2c
0    241  23    0    359  3.7  MAIN
0    126  12    0    941  4.4  movMotores
 Inline         0    633  4.7  imprimeLCD
0      5   0    0             @const687
0     86   8    4             @PSTRINGC7_670
0      6   1    0             @const692
0      8   1    0    232  3.5  @const693
0      8   1    0    445  4.6  @const694
0      7   1    0             @const695
 Inline         0    445  4.6  cambioVelocidad
0      9   1    0             @const696
0      9   1    0             @const697
0      9   1    0             @const698
 Inline         0             @cinit1

Program metrics:
    Functions               15
    Statements              191
    Comments                240
    Volume (V)              10681
    Difficulty (D)          62.3
    Effort to implement (E) 665740
    Time to implement (T)   10 hours, 16 minutes
    Est Delivered Bugs (B)  3
    Cyclomatic Complexity   52
    Maintainability (MI)    91

 Segment     Used  Free
-----------  ----  ----
00000-00003     4  0  
00004-00050    77  0  
00051-007FF   971  996  
00800-00FFF     0  2048  
01000-017FF     0  2048  
01800-01EFF     0  1792  
01F00-01FFF     1  255  



