MPASM  5.51                     PROYECTO4.ASM   5-28-2023  20:30:53         PAGE  1


LOC  OBJECT CODE     LINE SOURCE TEXT
  VALUE

                      00001                 PROCESSOR 16F877
                      00002                 INCLUDE <P16F877.INC>   
                      00001         LIST
                      00002 
                      00003 ;==========================================================================
                      00004 ;  MPASM PIC16F877 processor include
                      00005 ; 
                      00006 ;  (c) Copyright 1999-2013 Microchip Technology, All rights reserved
                      00007 ;==========================================================================
                      00008 
Message[301]: MESSAGE: (Processor-header file mismatch.  Verify selected processor.)
                      00540         LIST
  00000021            00003 valor1 equ h'21'
  00000022            00004 valor2 equ h'22'
  00000023            00005 valor3 equ h'23'
  00000001            00006 cte1A1 equ .1
  0000000D            00007 cte2A1 equ .13
  000000FF            00008 cte3A1 equ .255         
0000                  00009                         ORG 0 ;Vector de reset
0000   2805           00010                         GOTO INICIO
0005                  00011                         ORG 5
0005   1683           00012 INICIO:         BSF STATUS,RP0          ;ACCCEDEMOS BANCO 1
0006   1303           00013                         BCF STATUS,RP1
Message[302]: Register in operand not in bank 0.  Ensure that bank bits are correct.
0007   1518           00014                         BSF TXSTA,BRGH          ;TASA DE TRANSMISION ALTA
0008   3081           00015                         MOVLW D'129'            ;TASA DE TRANSMISION DE 9600 Bauds
Message[302]: Register in operand not in bank 0.  Ensure that bank bits are correct.
0009   0099           00016                         MOVWF SPBRG                     ;SPBRG<- D'129'
Message[302]: Register in operand not in bank 0.  Ensure that bank bits are correct.
000A   1218           00017                         BCF TXSTA,SYNC          ;Habiitamos modo asincrono              
Message[302]: Register in operand not in bank 0.  Ensure that bank bits are correct.
000B   1698           00018                         BSF TXSTA,TXEN          ;Habilitamos 
Message[302]: Register in operand not in bank 0.  Ensure that bank bits are correct.
000C   0188           00019                         CLRF TRISD                      ;Configuramos PORTD como salida
Message[302]: Register in operand not in bank 0.  Ensure that bank bits are correct.
000D   0186           00020                         CLRF TRISB                      ;Configuramos PORTB como salida
000E   1283           00021                         BCF STATUS,RP0          ;Regresamos al banco 0
000F   0188           00022                         CLRF PORTD                      ;Limpiamos el PORTD
0010   0186           00023                         CLRF PORTB                      ;Limpiamos el PORTB
0011   1798           00024                         BSF RCSTA,SPEN          ;Habilitamos el puerto serie
0012   1618           00025                         BSF RCSTA,CREN          ;Habilitamos la recepciónc continua en la comunicacion a
                            sincrona
                      00026                         
0013   1E8C           00027 RECIBE:         BTFSS PIR1,RCIF         ;¿PIR1.RC1F==1? ESPERAMOS A QUE SE RECIBA UN DATO
0014   2813           00028                         GOTO RECIBE                     ;NO, SIGUE A LA ESPERA DE LA RECEPCION
0015   081A           00029                         MOVF RCREG,W            ;SI, OBTEN EL DATO LEÍDO Y ALMACENALO EN W
                      00030                         ;MOVWF TXREG            ;MOVEMOS EL DATO LEÍDO AL REGISTRO DE TRANSMISION
0016   3041           00031                         MOVLW "A" ;CÓDIGO ASCII DEL W
0017   061A           00032                         XORWF RCREG,W
0018   1903           00033                         BTFSC STATUS,Z
0019   282A           00034                         GOTO ADELANTE
                      00035                 
001A   3044           00036                         MOVLW "D" ;CÓDIGO ASCII DEL A
MPASM  5.51                     PROYECTO4.ASM   5-28-2023  20:30:53         PAGE  2


LOC  OBJECT CODE     LINE SOURCE TEXT
  VALUE

001B   061A           00037                         XORWF RCREG,W
001C   1903           00038                         BTFSC STATUS,Z
001D   282E           00039                         GOTO DERECHA
                      00040                 
001E   3053           00041                         MOVLW "S" ;CÓDIGO ASCII DEL Q
001F   061A           00042                         XORWF RCREG,W
0020   1903           00043                         BTFSC STATUS,Z
0021   2832           00044                         GOTO PARAR
                      00045                 
0022   3049           00046                         MOVLW "I" ;CÓDIGO ASCII DEL D
0023   061A           00047                         XORWF RCREG,W
0024   1903           00048                         BTFSC STATUS,Z
0025   2834           00049                         GOTO IZQUIERDA
                      00050                         
0026   3054           00051                         MOVLW "T" ;CÓDIGO ASCII DEL S
0027   061A           00052                         XORWF RCREG,W
0028   1903           00053                         BTFSC STATUS,Z
0029   2838           00054                         GOTO ATRAS
                      00055 
002A                  00056 ADELANTE ;HACIA ADELANTE
002A   300A           00057                         MOVLW B'1010'; M1=DERECHA M2=DERECHA
002B   0086           00058                         MOVWF PORTB
002C   204A           00059                         CALL RETARDO
002D   2813           00060                         GOTO RECIBE
002E                  00061 DERECHA ;HACIA LA DERECHA
002E   3009           00062                         MOVLW B'1001' ;M1=DERECHA M2=IZQUIERDA
002F   0086           00063                         MOVWF PORTB
0030   204A           00064                         CALL RETARDO
0031   2813           00065                         GOTO RECIBE
0032                  00066 PARAR ;PARA
0032   0186           00067                         CLRF PORTB
0033   2813           00068                         GOTO RECIBE
0034                  00069 IZQUIERDA       ;HACIA LA IZQUIERDA 
0034   3006           00070                         MOVLW B'0110' ;M1=IZQUIERDA M2=DERCHA
0035   0086           00071                         MOVWF PORTB
0036   204A           00072                         CALL RETARDO
0037   2813           00073                         GOTO RECIBE
0038   3005           00074 ATRAS:          MOVLW B'0101'  ;M1=IZQUIERDA M2=IZQUIERDA
0039   0086           00075                         MOVWF PORTB
003A   204A           00076                         CALL RETARDO  
003B   2813           00077                         GOTO RECIBE             
                      00078 
                      00079                 
                      00080 
003C   3C31           00081                         SUBLW "1"
003D   1D03           00082                         BTFSS STATUS,Z          ; ¿STATUS.Z==1?
003E   2843           00083                         GOTO ES_CERO            ;NO
003F   2840           00084                         GOTO ES_UNO                     ;SI
                      00085 
0040   1408           00086 ES_UNO:         BSF PORTD,0                     ;NO PORTD.0<-1
0041   204A           00087                         CALL RETARDO
0042   2813           00088                         GOTO RECIBE
0043   1008           00089 ES_CERO:        BCF PORTD,0                     ;PORTD.0<- 0
MPASM  5.51                     PROYECTO4.ASM   5-28-2023  20:30:53         PAGE  3


LOC  OBJECT CODE     LINE SOURCE TEXT
  VALUE

0044   2813           00090                         GOTO RECIBE
0045   1683           00091 TRASMITE:       BSF STATUS,RP0          ;Cambiamos al banco 1
Message[302]: Register in operand not in bank 0.  Ensure that bank bits are correct.
0046   1C98           00092                         BTFSS TXSTA,TRMT        ;¿TXSTA.TRMT? Se concluyó la transmision del dato?
0047   2845           00093                         GOTO TRASMITE           ;NO, sigue a la espera de la transmision
0048   1283           00094                         BCF STATUS,RP0          ;SI, regresa al banco 0
0049   2813           00095                         GOTO RECIBE                     ;Ve a RECIBE
                      00096 
004A   3001           00097 RETARDO:        MOVLW cte1A1            ;SUBRUTINA DE RETARDO DE 2ms
004B   00A1           00098                         MOVWF valor1
                      00099 
004C   300D           00100 tresA1          MOVLW cte2A1
004D   00A2           00101                         MOVWF valor2
                      00102 
004E   30FF           00103 dosA1           MOVLW cte3A1
004F   00A3           00104                         MOVWF valor3
                      00105 
Message[305]: Using default destination of 1 (file).
0050   0BA3           00106 unoA1           DECFSZ valor3
0051   2850           00107                         GOTO unoA1
Message[305]: Using default destination of 1 (file).
0052   0BA2           00108                         DECFSZ valor2
0053   284E           00109                         GOTO dosA1
Message[305]: Using default destination of 1 (file).
0054   0BA1           00110                         DECFSZ valor1
0055   284C           00111                         GOTO tresA1
0056   0008           00112                         RETURN
                      00113                         END
MPASM  5.51                     PROYECTO4.ASM   5-28-2023  20:30:53         PAGE  4


SYMBOL TABLE
  LABEL                             VALUE 

ACKDT                             00000005
ACKEN                             00000004
ACKSTAT                           00000006
ADCON0                            0000001F
ADCON1                            0000009F
ADCS0                             00000006
ADCS1                             00000007
ADDEN                             00000003
ADELANTE                          0000002A
ADFM                              00000007
ADIE                              00000006
ADIF                              00000006
ADON                              00000000
ADRESH                            0000001E
ADRESL                            0000009E
ATRAS                             00000038
BCLIE                             00000003
BCLIF                             00000003
BF                                00000000
BRGH                              00000002
C                                 00000000
CCP1CON                           00000017
CCP1IE                            00000002
CCP1IF                            00000002
CCP1M0                            00000000
CCP1M1                            00000001
CCP1M2                            00000002
CCP1M3                            00000003
CCP1X                             00000005
CCP1Y                             00000004
CCP2CON                           0000001D
CCP2IE                            00000000
CCP2IF                            00000000
CCP2M0                            00000000
CCP2M1                            00000001
CCP2M2                            00000002
CCP2M3                            00000003
CCP2X                             00000005
CCP2Y                             00000004
CCPR1                             00000015
CCPR1H                            00000016
CCPR1L                            00000015
CCPR2                             0000001B
CCPR2H                            0000001C
CCPR2L                            0000001B
CHS0                              00000003
CHS1                              00000004
CHS2                              00000005
CKE                               00000006
CKP                               00000004
CREN                              00000004
CSRC                              00000007
D                                 00000005
MPASM  5.51                     PROYECTO4.ASM   5-28-2023  20:30:53         PAGE  5


SYMBOL TABLE
  LABEL                             VALUE 

DATA_ADDRESS                      00000005
DC                                00000001
DERECHA                           0000002E
D_A                               00000005
D_NOT_A                           00000005
EEADR                             0000010D
EEADRH                            0000010F
EECON1                            0000018C
EECON2                            0000018D
EEDATA                            0000010C
EEDATH                            0000010E
EEIE                              00000004
EEIF                              00000004
EEPGD                             00000007
ES_CERO                           00000043
ES_UNO                            00000040
F                                 00000001
FERR                              00000002
FSR                               00000004
GCEN                              00000007
GIE                               00000007
GO                                00000002
GO_DONE                           00000002
GO_NOT_DONE                       00000002
I2C_DATA                          00000005
I2C_READ                          00000002
I2C_START                         00000003
I2C_STOP                          00000004
IBF                               00000007
IBOV                              00000005
INDF                              00000000
INICIO                            00000005
INTCON                            0000000B
INTE                              00000004
INTEDG                            00000006
INTF                              00000001
IRP                               00000007
IZQUIERDA                         00000034
NOT_A                             00000005
NOT_ADDRESS                       00000005
NOT_BO                            00000000
NOT_BOR                           00000000
NOT_DONE                          00000002
NOT_PD                            00000003
NOT_POR                           00000001
NOT_RBPU                          00000007
NOT_RC8                           00000006
NOT_T1SYNC                        00000002
NOT_TO                            00000004
NOT_TX8                           00000006
NOT_W                             00000002
NOT_WRITE                         00000002
OBF                               00000006
MPASM  5.51                     PROYECTO4.ASM   5-28-2023  20:30:53         PAGE  6


SYMBOL TABLE
  LABEL                             VALUE 

OERR                              00000001
OPTION_REG                        00000081
P                                 00000004
PARAR                             00000032
PCFG0                             00000000
PCFG1                             00000001
PCFG2                             00000002
PCFG3                             00000003
PCL                               00000002
PCLATH                            0000000A
PCON                              0000008E
PEIE                              00000006
PEN                               00000002
PIE1                              0000008C
PIE2                              0000008D
PIR1                              0000000C
PIR2                              0000000D
PORTA                             00000005
PORTB                             00000006
PORTC                             00000007
PORTD                             00000008
PORTE                             00000009
PR2                               00000092
PS0                               00000000
PS1                               00000001
PS2                               00000002
PSA                               00000003
PSPIE                             00000007
PSPIF                             00000007
PSPMODE                           00000004
R                                 00000002
RA0                               00000000
RA1                               00000001
RA2                               00000002
RA3                               00000003
RA4                               00000004
RA5                               00000005
RB0                               00000000
RB1                               00000001
RB2                               00000002
RB3                               00000003
RB4                               00000004
RB5                               00000005
RB6                               00000006
RB7                               00000007
RBIE                              00000003
RBIF                              00000000
RC0                               00000000
RC1                               00000001
RC2                               00000002
RC3                               00000003
RC4                               00000004
RC5                               00000005
MPASM  5.51                     PROYECTO4.ASM   5-28-2023  20:30:53         PAGE  7


SYMBOL TABLE
  LABEL                             VALUE 

RC6                               00000006
RC7                               00000007
RC8_9                             00000006
RC9                               00000006
RCD8                              00000000
RCEN                              00000003
RCIE                              00000005
RCIF                              00000005
RCREG                             0000001A
RCSTA                             00000018
RD                                00000000
RD0                               00000000
RD1                               00000001
RD2                               00000002
RD3                               00000003
RD4                               00000004
RD5                               00000005
RD6                               00000006
RD7                               00000007
RE0                               00000000
RE1                               00000001
RE2                               00000002
READ_WRITE                        00000002
RECIBE                            00000013
RETARDO                           0000004A
RP0                               00000005
RP1                               00000006
RSEN                              00000001
RX9                               00000006
RX9D                              00000000
R_NOT_W                           00000002
R_W                               00000002
S                                 00000003
SEN                               00000000
SMP                               00000007
SPBRG                             00000099
SPEN                              00000007
SREN                              00000005
SSPADD                            00000093
SSPBUF                            00000013
SSPCON                            00000014
SSPCON2                           00000091
SSPEN                             00000005
SSPIE                             00000003
SSPIF                             00000003
SSPM0                             00000000
SSPM1                             00000001
SSPM2                             00000002
SSPM3                             00000003
SSPOV                             00000006
SSPSTAT                           00000094
STATUS                            00000003
SYNC                              00000004
MPASM  5.51                     PROYECTO4.ASM   5-28-2023  20:30:53         PAGE  8


SYMBOL TABLE
  LABEL                             VALUE 

T0CS                              00000005
T0IE                              00000005
T0IF                              00000002
T0SE                              00000004
T1CKPS0                           00000004
T1CKPS1                           00000005
T1CON                             00000010
T1INSYNC                          00000002
T1OSCEN                           00000003
T1SYNC                            00000002
T2CKPS0                           00000000
T2CKPS1                           00000001
T2CON                             00000012
TMR0                              00000001
TMR0IE                            00000005
TMR0IF                            00000002
TMR1                              0000000E
TMR1CS                            00000001
TMR1H                             0000000F
TMR1IE                            00000000
TMR1IF                            00000000
TMR1L                             0000000E
TMR1ON                            00000000
TMR2                              00000011
TMR2IE                            00000001
TMR2IF                            00000001
TMR2ON                            00000002
TOUTPS0                           00000003
TOUTPS1                           00000004
TOUTPS2                           00000005
TOUTPS3                           00000006
TRASMITE                          00000045
TRISA                             00000085
TRISA0                            00000000
TRISA1                            00000001
TRISA2                            00000002
TRISA3                            00000003
TRISA4                            00000004
TRISA5                            00000005
TRISB                             00000086
TRISB0                            00000000
TRISB1                            00000001
TRISB2                            00000002
TRISB3                            00000003
TRISB4                            00000004
TRISB5                            00000005
TRISB6                            00000006
TRISB7                            00000007
TRISC                             00000087
TRISC0                            00000000
TRISC1                            00000001
TRISC2                            00000002
TRISC3                            00000003
MPASM  5.51                     PROYECTO4.ASM   5-28-2023  20:30:53         PAGE  9


SYMBOL TABLE
  LABEL                             VALUE 

TRISC4                            00000004
TRISC5                            00000005
TRISC6                            00000006
TRISC7                            00000007
TRISD                             00000088
TRISD0                            00000000
TRISD1                            00000001
TRISD2                            00000002
TRISD3                            00000003
TRISD4                            00000004
TRISD5                            00000005
TRISD6                            00000006
TRISD7                            00000007
TRISE                             00000089
TRISE0                            00000000
TRISE1                            00000001
TRISE2                            00000002
TRMT                              00000001
TX8_9                             00000006
TX9                               00000006
TX9D                              00000000
TXD8                              00000000
TXEN                              00000005
TXIE                              00000004
TXIF                              00000004
TXREG                             00000019
TXSTA                             00000098
UA                                00000001
W                                 00000000
WCOL                              00000007
WR                                00000001
WREN                              00000002
WRERR                             00000003
Z                                 00000002
_BODEN_OFF                        00003FBF
_BODEN_ON                         00003FFF
_BOREN_OFF                        00003FBF
_BOREN_ON                         00003FFF
_CONFIG                           00002007
_CPD_OFF                          00003FFF
_CPD_ON                           00003EFF
_CP_ALL                           00000FCF
_CP_HALF                          00001FDF
_CP_OFF                           00003FFF
_CP_UPPER_256                     00002FEF
_DEBUG_OFF                        00003FFF
_DEBUG_ON                         000037FF
_DEVID1                           00002006
_FOSC_EXTRC                       00003FFF
_FOSC_HS                          00003FFE
_FOSC_LP                          00003FFC
_FOSC_XT                          00003FFD
_HS_OSC                           00003FFE
MPASM  5.51                     PROYECTO4.ASM   5-28-2023  20:30:53         PAGE 10


SYMBOL TABLE
  LABEL                             VALUE 

_IDLOC0                           00002000
_IDLOC1                           00002001
_IDLOC2                           00002002
_IDLOC3                           00002003
_LP_OSC                           00003FFC
_LVP_OFF                          00003F7F
_LVP_ON                           00003FFF
_PWRTE_OFF                        00003FFF
_PWRTE_ON                         00003FF7
_RC_OSC                           00003FFF
_WDTE_OFF                         00003FFB
_WDTE_ON                          00003FFF
_WDT_OFF                          00003FFB
_WDT_ON                           00003FFF
_WRT_ENABLE_OFF                   00003DFF
_WRT_ENABLE_ON                    00003FFF
_WRT_OFF                          00003DFF
_WRT_ON                           00003FFF
_XT_OSC                           00003FFD
__16F877A                         00000001
cte1A1                            00000001
cte2A1                            0000000D
cte3A1                            000000FF
dosA1                             0000004E
tresA1                            0000004C
unoA1                             00000050
valor1                            00000021
valor2                            00000022
valor3                            00000023


MEMORY USAGE MAP ('X' = Used,  '-' = Unused)

0000 : X----XXXXXXXXXXX XXXXXXXXXXXXXXXX XXXXXXXXXXXXXXXX XXXXXXXXXXXXXXXX
0040 : XXXXXXXXXXXXXXXX XXXXXXX--------- ---------------- ----------------

All other memory blocks unused.

Program Memory Words Used:    83
Program Memory Words Free:  8109


Errors   :     0
Warnings :     0 reported,     0 suppressed
Messages :    11 reported,     0 suppressed

