
ROM used:   721/8192 (9%)
            721/8192 (9%) including unused fragments

            0.7 Average locations per line
            4.7 Average locations per statement

RAM used:   17/368 (5%) at main() level
            35/368 (10%) worst case

Stack used: 6 worst case (6 in main + 0 for interrupts)
Stack size: 8

Lines Stmts  %   Files
----- ----- ---  -----
  131    78  50  proyecto6.c
  652     0   0  ..\..\..\..\..\..\..\..\Archivos de programa\CSS\Devices\16F877.h
  211    77  50  ..\..\..\..\..\..\..\..\Archivos de programa\CSS\Drivers\i2c_Flex_LCD.c
----- -----
  994   155 Total

Page ROM  %  RAM    Vol Diff  Functions:
---- --- --- ---    --- ----  ----------
0     20   3    1             @delay_ms1
0     16   2    1             @I2C_WRITEU_1
0     80  11    3    574  5.9  i2c_send_nibble
0     30   4    3    149  2.8  lcd_send_byte
0     10   1    0     61  1.9  lcd_clear
0      8   1    0             @const660
0     76  11    5    902  5.8  lcd_init
0     55   8    7    681  8.0  lcd_gotoxy
0     37   5    1    310  5.9  LCD_PUTC
0     19   3    0     55  1.1  escribir_i2c
0    172  24    0   1187  4.8  MAIN
0      5   1    0     55  1.1  @const681
0     86  12    4   1420  4.4  @PSTRINGC7_670
0     82  11    0    613  4.2  cambioEstado
0      5   1    0             @const687
0      5   1    0             @const688
0      6   1    0             @const689
0      5   1    0             @const690
 Inline         0    445  4.6  @cinit1

Program metrics:
    Functions               12
    Statements              155
    Comments                231
    Volume (V)              9934
    Difficulty (D)          50.8
    Effort to implement (E) 504421
    Time to implement (T)   7 hours, 47 minutes
    Est Delivered Bugs (B)  2
    Cyclomatic Complexity   37
    Maintainability (MI)    118

 Segment     Used  Free
-----------  ----  ----
00000-00003     4  0  
00004-007FF   717  1327  
00800-00FFF     0  2048  
01000-017FF     0  2048  
01800-01FFF     0  2048  



