Warning[205] D:\CARLO\DOCUMENTOS\FI\8VO SEMESTRE\MICROCOMPUTADORAS\PROYECTO2\MI VERSIÛN\ARELI\PRUEBA.ASM 1 : Found directive in column 1. (processor)
Warning[205] D:\CARLO\DOCUMENTOS\FI\8VO SEMESTRE\MICROCOMPUTADORAS\PROYECTO2\MI VERSIÛN\ARELI\PRUEBA.ASM 2 : Found directive in column 1. (include)
Message[301] D:\ARCHIVOS DE PROGRAMA\MPLAB\MPASM SUITE\P16F877.INC 33 : MESSAGE: (Processor-header file mismatch.  Verify selected processor.)
Warning[205] D:\CARLO\DOCUMENTOS\FI\8VO SEMESTRE\MICROCOMPUTADORAS\PROYECTO2\MI VERSIÛN\ARELI\PRUEBA.ASM 9 : Found directive in column 1. (org)
Warning[205] D:\CARLO\DOCUMENTOS\FI\8VO SEMESTRE\MICROCOMPUTADORAS\PROYECTO2\MI VERSIÛN\ARELI\PRUEBA.ASM 11 : Found directive in column 1. (org)
Message[302] D:\CARLO\DOCUMENTOS\FI\8VO SEMESTRE\MICROCOMPUTADORAS\PROYECTO2\MI VERSIÛN\ARELI\PRUEBA.ASM 20 : Register in operand not in bank 0.  Ensure that bank bits are correct.
Message[302] D:\CARLO\DOCUMENTOS\FI\8VO SEMESTRE\MICROCOMPUTADORAS\PROYECTO2\MI VERSIÛN\ARELI\PRUEBA.ASM 22 : Register in operand not in bank 0.  Ensure that bank bits are correct.
Message[302] D:\CARLO\DOCUMENTOS\FI\8VO SEMESTRE\MICROCOMPUTADORAS\PROYECTO2\MI VERSIÛN\ARELI\PRUEBA.ASM 24 : Register in operand not in bank 0.  Ensure that bank bits are correct.
Message[302] D:\CARLO\DOCUMENTOS\FI\8VO SEMESTRE\MICROCOMPUTADORAS\PROYECTO2\MI VERSIÛN\ARELI\PRUEBA.ASM 26 : Register in operand not in bank 0.  Ensure that bank bits are correct.
Message[302] D:\CARLO\DOCUMENTOS\FI\8VO SEMESTRE\MICROCOMPUTADORAS\PROYECTO2\MI VERSIÛN\ARELI\PRUEBA.ASM 28 : Register in operand not in bank 0.  Ensure that bank bits are correct.
Message[302] D:\CARLO\DOCUMENTOS\FI\8VO SEMESTRE\MICROCOMPUTADORAS\PROYECTO2\MI VERSIÛN\ARELI\PRUEBA.ASM 30 : Register in operand not in bank 0.  Ensure that bank bits are correct.
Warning[203] D:\CARLO\DOCUMENTOS\FI\8VO SEMESTRE\MICROCOMPUTADORAS\PROYECTO2\MI VERSIÛN\ARELI\PRUEBA.ASM 149 : Found opcode in column 1. (movlw)
Warning[203] D:\CARLO\DOCUMENTOS\FI\8VO SEMESTRE\MICROCOMPUTADORAS\PROYECTO2\MI VERSIÛN\ARELI\PRUEBA.ASM 150 : Found opcode in column 1. (call)
Warning[203] D:\CARLO\DOCUMENTOS\FI\8VO SEMESTRE\MICROCOMPUTADORAS\PROYECTO2\MI VERSIÛN\ARELI\PRUEBA.ASM 151 : Found opcode in column 1. (call)
Warning[203] D:\CARLO\DOCUMENTOS\FI\8VO SEMESTRE\MICROCOMPUTADORAS\PROYECTO2\MI VERSIÛN\ARELI\PRUEBA.ASM 153 : Found opcode in column 1. (movlw)
Warning[203] D:\CARLO\DOCUMENTOS\FI\8VO SEMESTRE\MICROCOMPUTADORAS\PROYECTO2\MI VERSIÛN\ARELI\PRUEBA.ASM 154 : Found opcode in column 1. (call)
Warning[203] D:\CARLO\DOCUMENTOS\FI\8VO SEMESTRE\MICROCOMPUTADORAS\PROYECTO2\MI VERSIÛN\ARELI\PRUEBA.ASM 155 : Found opcode in column 1. (movlw)
Warning[203] D:\CARLO\DOCUMENTOS\FI\8VO SEMESTRE\MICROCOMPUTADORAS\PROYECTO2\MI VERSIÛN\ARELI\PRUEBA.ASM 156 : Found opcode in column 1. (call)
Warning[203] D:\CARLO\DOCUMENTOS\FI\8VO SEMESTRE\MICROCOMPUTADORAS\PROYECTO2\MI VERSIÛN\ARELI\PRUEBA.ASM 157 : Found opcode in column 1. (movlw)
Warning[203] D:\CARLO\DOCUMENTOS\FI\8VO SEMESTRE\MICROCOMPUTADORAS\PROYECTO2\MI VERSIÛN\ARELI\PRUEBA.ASM 158 : Found opcode in column 1. (call)
Warning[203] D:\CARLO\DOCUMENTOS\FI\8VO SEMESTRE\MICROCOMPUTADORAS\PROYECTO2\MI VERSIÛN\ARELI\PRUEBA.ASM 159 : Found opcode in column 1. (movlw)
Warning[203] D:\CARLO\DOCUMENTOS\FI\8VO SEMESTRE\MICROCOMPUTADORAS\PROYECTO2\MI VERSIÛN\ARELI\PRUEBA.ASM 160 : Found opcode in column 1. (call)
Warning[203] D:\CARLO\DOCUMENTOS\FI\8VO SEMESTRE\MICROCOMPUTADORAS\PROYECTO2\MI VERSIÛN\ARELI\PRUEBA.ASM 161 : Found opcode in column 1. (movlw)
Warning[203] D:\CARLO\DOCUMENTOS\FI\8VO SEMESTRE\MICROCOMPUTADORAS\PROYECTO2\MI VERSIÛN\ARELI\PRUEBA.ASM 162 : Found opcode in column 1. (call)
Warning[203] D:\CARLO\DOCUMENTOS\FI\8VO SEMESTRE\MICROCOMPUTADORAS\PROYECTO2\MI VERSIÛN\ARELI\PRUEBA.ASM 163 : Found opcode in column 1. (movlw)
Warning[203] D:\CARLO\DOCUMENTOS\FI\8VO SEMESTRE\MICROCOMPUTADORAS\PROYECTO2\MI VERSIÛN\ARELI\PRUEBA.ASM 164 : Found opcode in column 1. (call)
Warning[203] D:\CARLO\DOCUMENTOS\FI\8VO SEMESTRE\MICROCOMPUTADORAS\PROYECTO2\MI VERSIÛN\ARELI\PRUEBA.ASM 165 : Found opcode in column 1. (movlw)
Warning[203] D:\CARLO\DOCUMENTOS\FI\8VO SEMESTRE\MICROCOMPUTADORAS\PROYECTO2\MI VERSIÛN\ARELI\PRUEBA.ASM 166 : Found opcode in column 1. (call)
Warning[203] D:\CARLO\DOCUMENTOS\FI\8VO SEMESTRE\MICROCOMPUTADORAS\PROYECTO2\MI VERSIÛN\ARELI\PRUEBA.ASM 167 : Found opcode in column 1. (movlw)
Warning[203] D:\CARLO\DOCUMENTOS\FI\8VO SEMESTRE\MICROCOMPUTADORAS\PROYECTO2\MI VERSIÛN\ARELI\PRUEBA.ASM 168 : Found opcode in column 1. (call)
Warning[203] D:\CARLO\DOCUMENTOS\FI\8VO SEMESTRE\MICROCOMPUTADORAS\PROYECTO2\MI VERSIÛN\ARELI\PRUEBA.ASM 171 : Found opcode in column 1. (movlw)
Warning[203] D:\CARLO\DOCUMENTOS\FI\8VO SEMESTRE\MICROCOMPUTADORAS\PROYECTO2\MI VERSIÛN\ARELI\PRUEBA.ASM 172 : Found opcode in column 1. (call)
Warning[203] D:\CARLO\DOCUMENTOS\FI\8VO SEMESTRE\MICROCOMPUTADORAS\PROYECTO2\MI VERSIÛN\ARELI\PRUEBA.ASM 173 : Found opcode in column 1. (movlw)
Warning[203] D:\CARLO\DOCUMENTOS\FI\8VO SEMESTRE\MICROCOMPUTADORAS\PROYECTO2\MI VERSIÛN\ARELI\PRUEBA.ASM 174 : Found opcode in column 1. (call)
Warning[203] D:\CARLO\DOCUMENTOS\FI\8VO SEMESTRE\MICROCOMPUTADORAS\PROYECTO2\MI VERSIÛN\ARELI\PRUEBA.ASM 175 : Found opcode in column 1. (movlw)
Warning[203] D:\CARLO\DOCUMENTOS\FI\8VO SEMESTRE\MICROCOMPUTADORAS\PROYECTO2\MI VERSIÛN\ARELI\PRUEBA.ASM 176 : Found opcode in column 1. (call)
Warning[203] D:\CARLO\DOCUMENTOS\FI\8VO SEMESTRE\MICROCOMPUTADORAS\PROYECTO2\MI VERSIÛN\ARELI\PRUEBA.ASM 177 : Found opcode in column 1. (movlw)
Warning[203] D:\CARLO\DOCUMENTOS\FI\8VO SEMESTRE\MICROCOMPUTADORAS\PROYECTO2\MI VERSIÛN\ARELI\PRUEBA.ASM 178 : Found opcode in column 1. (call)
Warning[203] D:\CARLO\DOCUMENTOS\FI\8VO SEMESTRE\MICROCOMPUTADORAS\PROYECTO2\MI VERSIÛN\ARELI\PRUEBA.ASM 179 : Found opcode in column 1. (movlw)
Warning[203] D:\CARLO\DOCUMENTOS\FI\8VO SEMESTRE\MICROCOMPUTADORAS\PROYECTO2\MI VERSIÛN\ARELI\PRUEBA.ASM 180 : Found opcode in column 1. (call)
Warning[203] D:\CARLO\DOCUMENTOS\FI\8VO SEMESTRE\MICROCOMPUTADORAS\PROYECTO2\MI VERSIÛN\ARELI\PRUEBA.ASM 181 : Found opcode in column 1. (movlw)
Warning[203] D:\CARLO\DOCUMENTOS\FI\8VO SEMESTRE\MICROCOMPUTADORAS\PROYECTO2\MI VERSIÛN\ARELI\PRUEBA.ASM 182 : Found opcode in column 1. (call)
Warning[203] D:\CARLO\DOCUMENTOS\FI\8VO SEMESTRE\MICROCOMPUTADORAS\PROYECTO2\MI VERSIÛN\ARELI\PRUEBA.ASM 183 : Found opcode in column 1. (movlw)
Warning[203] D:\CARLO\DOCUMENTOS\FI\8VO SEMESTRE\MICROCOMPUTADORAS\PROYECTO2\MI VERSIÛN\ARELI\PRUEBA.ASM 184 : Found opcode in column 1. (call)
Warning[203] D:\CARLO\DOCUMENTOS\FI\8VO SEMESTRE\MICROCOMPUTADORAS\PROYECTO2\MI VERSIÛN\ARELI\PRUEBA.ASM 185 : Found opcode in column 1. (movlw)
Warning[203] D:\CARLO\DOCUMENTOS\FI\8VO SEMESTRE\MICROCOMPUTADORAS\PROYECTO2\MI VERSIÛN\ARELI\PRUEBA.ASM 186 : Found opcode in column 1. (call)
Warning[203] D:\CARLO\DOCUMENTOS\FI\8VO SEMESTRE\MICROCOMPUTADORAS\PROYECTO2\MI VERSIÛN\ARELI\PRUEBA.ASM 189 : Found opcode in column 1. (movlw)
Warning[203] D:\CARLO\DOCUMENTOS\FI\8VO SEMESTRE\MICROCOMPUTADORAS\PROYECTO2\MI VERSIÛN\ARELI\PRUEBA.ASM 190 : Found opcode in column 1. (call)
Warning[203] D:\CARLO\DOCUMENTOS\FI\8VO SEMESTRE\MICROCOMPUTADORAS\PROYECTO2\MI VERSIÛN\ARELI\PRUEBA.ASM 191 : Found opcode in column 1. (movlw)
Warning[203] D:\CARLO\DOCUMENTOS\FI\8VO SEMESTRE\MICROCOMPUTADORAS\PROYECTO2\MI VERSIÛN\ARELI\PRUEBA.ASM 192 : Found opcode in column 1. (call)
Warning[203] D:\CARLO\DOCUMENTOS\FI\8VO SEMESTRE\MICROCOMPUTADORAS\PROYECTO2\MI VERSIÛN\ARELI\PRUEBA.ASM 193 : Found opcode in column 1. (movlw)
Warning[203] D:\CARLO\DOCUMENTOS\FI\8VO SEMESTRE\MICROCOMPUTADORAS\PROYECTO2\MI VERSIÛN\ARELI\PRUEBA.ASM 194 : Found opcode in column 1. (call)
Warning[203] D:\CARLO\DOCUMENTOS\FI\8VO SEMESTRE\MICROCOMPUTADORAS\PROYECTO2\MI VERSIÛN\ARELI\PRUEBA.ASM 195 : Found opcode in column 1. (movlw)
Warning[203] D:\CARLO\DOCUMENTOS\FI\8VO SEMESTRE\MICROCOMPUTADORAS\PROYECTO2\MI VERSIÛN\ARELI\PRUEBA.ASM 196 : Found opcode in column 1. (call)
Warning[203] D:\CARLO\DOCUMENTOS\FI\8VO SEMESTRE\MICROCOMPUTADORAS\PROYECTO2\MI VERSIÛN\ARELI\PRUEBA.ASM 197 : Found opcode in column 1. (movlw)
Warning[203] D:\CARLO\DOCUMENTOS\FI\8VO SEMESTRE\MICROCOMPUTADORAS\PROYECTO2\MI VERSIÛN\ARELI\PRUEBA.ASM 198 : Found opcode in column 1. (call)
Warning[203] D:\CARLO\DOCUMENTOS\FI\8VO SEMESTRE\MICROCOMPUTADORAS\PROYECTO2\MI VERSIÛN\ARELI\PRUEBA.ASM 199 : Found opcode in column 1. (movlw)
Warning[203] D:\CARLO\DOCUMENTOS\FI\8VO SEMESTRE\MICROCOMPUTADORAS\PROYECTO2\MI VERSIÛN\ARELI\PRUEBA.ASM 200 : Found opcode in column 1. (call)
Warning[203] D:\CARLO\DOCUMENTOS\FI\8VO SEMESTRE\MICROCOMPUTADORAS\PROYECTO2\MI VERSIÛN\ARELI\PRUEBA.ASM 201 : Found opcode in column 1. (movlw)
Warning[203] D:\CARLO\DOCUMENTOS\FI\8VO SEMESTRE\MICROCOMPUTADORAS\PROYECTO2\MI VERSIÛN\ARELI\PRUEBA.ASM 202 : Found opcode in column 1. (call)
Warning[203] D:\CARLO\DOCUMENTOS\FI\8VO SEMESTRE\MICROCOMPUTADORAS\PROYECTO2\MI VERSIÛN\ARELI\PRUEBA.ASM 203 : Found opcode in column 1. (movlw)
Warning[203] D:\CARLO\DOCUMENTOS\FI\8VO SEMESTRE\MICROCOMPUTADORAS\PROYECTO2\MI VERSIÛN\ARELI\PRUEBA.ASM 204 : Found opcode in column 1. (call)
Warning[203] D:\CARLO\DOCUMENTOS\FI\8VO SEMESTRE\MICROCOMPUTADORAS\PROYECTO2\MI VERSIÛN\ARELI\PRUEBA.ASM 207 : Found opcode in column 1. (movlw)
Warning[203] D:\CARLO\DOCUMENTOS\FI\8VO SEMESTRE\MICROCOMPUTADORAS\PROYECTO2\MI VERSIÛN\ARELI\PRUEBA.ASM 208 : Found opcode in column 1. (call)
Warning[203] D:\CARLO\DOCUMENTOS\FI\8VO SEMESTRE\MICROCOMPUTADORAS\PROYECTO2\MI VERSIÛN\ARELI\PRUEBA.ASM 209 : Found opcode in column 1. (movlw)
Warning[203] D:\CARLO\DOCUMENTOS\FI\8VO SEMESTRE\MICROCOMPUTADORAS\PROYECTO2\MI VERSIÛN\ARELI\PRUEBA.ASM 210 : Found opcode in column 1. (call)
Warning[203] D:\CARLO\DOCUMENTOS\FI\8VO SEMESTRE\MICROCOMPUTADORAS\PROYECTO2\MI VERSIÛN\ARELI\PRUEBA.ASM 211 : Found opcode in column 1. (movlw)
Warning[203] D:\CARLO\DOCUMENTOS\FI\8VO SEMESTRE\MICROCOMPUTADORAS\PROYECTO2\MI VERSIÛN\ARELI\PRUEBA.ASM 212 : Found opcode in column 1. (call)
Warning[203] D:\CARLO\DOCUMENTOS\FI\8VO SEMESTRE\MICROCOMPUTADORAS\PROYECTO2\MI VERSIÛN\ARELI\PRUEBA.ASM 213 : Found opcode in column 1. (movlw)
Warning[203] D:\CARLO\DOCUMENTOS\FI\8VO SEMESTRE\MICROCOMPUTADORAS\PROYECTO2\MI VERSIÛN\ARELI\PRUEBA.ASM 214 : Found opcode in column 1. (call)
Warning[203] D:\CARLO\DOCUMENTOS\FI\8VO SEMESTRE\MICROCOMPUTADORAS\PROYECTO2\MI VERSIÛN\ARELI\PRUEBA.ASM 215 : Found opcode in column 1. (movlw)
Warning[203] D:\CARLO\DOCUMENTOS\FI\8VO SEMESTRE\MICROCOMPUTADORAS\PROYECTO2\MI VERSIÛN\ARELI\PRUEBA.ASM 216 : Found opcode in column 1. (call)
Warning[203] D:\CARLO\DOCUMENTOS\FI\8VO SEMESTRE\MICROCOMPUTADORAS\PROYECTO2\MI VERSIÛN\ARELI\PRUEBA.ASM 217 : Found opcode in column 1. (movlw)
Warning[203] D:\CARLO\DOCUMENTOS\FI\8VO SEMESTRE\MICROCOMPUTADORAS\PROYECTO2\MI VERSIÛN\ARELI\PRUEBA.ASM 218 : Found opcode in column 1. (call)
Warning[203] D:\CARLO\DOCUMENTOS\FI\8VO SEMESTRE\MICROCOMPUTADORAS\PROYECTO2\MI VERSIÛN\ARELI\PRUEBA.ASM 219 : Found opcode in column 1. (movlw)
Warning[203] D:\CARLO\DOCUMENTOS\FI\8VO SEMESTRE\MICROCOMPUTADORAS\PROYECTO2\MI VERSIÛN\ARELI\PRUEBA.ASM 220 : Found opcode in column 1. (call)
Warning[203] D:\CARLO\DOCUMENTOS\FI\8VO SEMESTRE\MICROCOMPUTADORAS\PROYECTO2\MI VERSIÛN\ARELI\PRUEBA.ASM 221 : Found opcode in column 1. (movlw)
Warning[203] D:\CARLO\DOCUMENTOS\FI\8VO SEMESTRE\MICROCOMPUTADORAS\PROYECTO2\MI VERSIÛN\ARELI\PRUEBA.ASM 222 : Found opcode in column 1. (call)
Warning[203] D:\CARLO\DOCUMENTOS\FI\8VO SEMESTRE\MICROCOMPUTADORAS\PROYECTO2\MI VERSIÛN\ARELI\PRUEBA.ASM 225 : Found opcode in column 1. (movlw)
Warning[203] D:\CARLO\DOCUMENTOS\FI\8VO SEMESTRE\MICROCOMPUTADORAS\PROYECTO2\MI VERSIÛN\ARELI\PRUEBA.ASM 226 : Found opcode in column 1. (call)
Warning[203] D:\CARLO\DOCUMENTOS\FI\8VO SEMESTRE\MICROCOMPUTADORAS\PROYECTO2\MI VERSIÛN\ARELI\PRUEBA.ASM 227 : Found opcode in column 1. (movlw)
Warning[203] D:\CARLO\DOCUMENTOS\FI\8VO SEMESTRE\MICROCOMPUTADORAS\PROYECTO2\MI VERSIÛN\ARELI\PRUEBA.ASM 228 : Found opcode in column 1. (call)
Warning[203] D:\CARLO\DOCUMENTOS\FI\8VO SEMESTRE\MICROCOMPUTADORAS\PROYECTO2\MI VERSIÛN\ARELI\PRUEBA.ASM 229 : Found opcode in column 1. (movlw)
Warning[203] D:\CARLO\DOCUMENTOS\FI\8VO SEMESTRE\MICROCOMPUTADORAS\PROYECTO2\MI VERSIÛN\ARELI\PRUEBA.ASM 230 : Found opcode in column 1. (call)
Warning[203] D:\CARLO\DOCUMENTOS\FI\8VO SEMESTRE\MICROCOMPUTADORAS\PROYECTO2\MI VERSIÛN\ARELI\PRUEBA.ASM 231 : Found opcode in column 1. (movlw)
Warning[203] D:\CARLO\DOCUMENTOS\FI\8VO SEMESTRE\MICROCOMPUTADORAS\PROYECTO2\MI VERSIÛN\ARELI\PRUEBA.ASM 232 : Found opcode in column 1. (call)
Warning[203] D:\CARLO\DOCUMENTOS\FI\8VO SEMESTRE\MICROCOMPUTADORAS\PROYECTO2\MI VERSIÛN\ARELI\PRUEBA.ASM 233 : Found opcode in column 1. (movlw)
Warning[203] D:\CARLO\DOCUMENTOS\FI\8VO SEMESTRE\MICROCOMPUTADORAS\PROYECTO2\MI VERSIÛN\ARELI\PRUEBA.ASM 234 : Found opcode in column 1. (call)
Warning[203] D:\CARLO\DOCUMENTOS\FI\8VO SEMESTRE\MICROCOMPUTADORAS\PROYECTO2\MI VERSIÛN\ARELI\PRUEBA.ASM 235 : Found opcode in column 1. (movlw)
Warning[203] D:\CARLO\DOCUMENTOS\FI\8VO SEMESTRE\MICROCOMPUTADORAS\PROYECTO2\MI VERSIÛN\ARELI\PRUEBA.ASM 236 : Found opcode in column 1. (call)
Warning[203] D:\CARLO\DOCUMENTOS\FI\8VO SEMESTRE\MICROCOMPUTADORAS\PROYECTO2\MI VERSIÛN\ARELI\PRUEBA.ASM 237 : Found opcode in column 1. (movlw)
Warning[203] D:\CARLO\DOCUMENTOS\FI\8VO SEMESTRE\MICROCOMPUTADORAS\PROYECTO2\MI VERSIÛN\ARELI\PRUEBA.ASM 238 : Found opcode in column 1. (call)
Warning[203] D:\CARLO\DOCUMENTOS\FI\8VO SEMESTRE\MICROCOMPUTADORAS\PROYECTO2\MI VERSIÛN\ARELI\PRUEBA.ASM 239 : Found opcode in column 1. (movlw)
Warning[203] D:\CARLO\DOCUMENTOS\FI\8VO SEMESTRE\MICROCOMPUTADORAS\PROYECTO2\MI VERSIÛN\ARELI\PRUEBA.ASM 240 : Found opcode in column 1. (call)
Warning[203] D:\CARLO\DOCUMENTOS\FI\8VO SEMESTRE\MICROCOMPUTADORAS\PROYECTO2\MI VERSIÛN\ARELI\PRUEBA.ASM 243 : Found opcode in column 1. (movlw)
Warning[203] D:\CARLO\DOCUMENTOS\FI\8VO SEMESTRE\MICROCOMPUTADORAS\PROYECTO2\MI VERSIÛN\ARELI\PRUEBA.ASM 244 : Found opcode in column 1. (call)
Warning[203] D:\CARLO\DOCUMENTOS\FI\8VO SEMESTRE\MICROCOMPUTADORAS\PROYECTO2\MI VERSIÛN\ARELI\PRUEBA.ASM 245 : Found opcode in column 1. (movlw)
Warning[203] D:\CARLO\DOCUMENTOS\FI\8VO SEMESTRE\MICROCOMPUTADORAS\PROYECTO2\MI VERSIÛN\ARELI\PRUEBA.ASM 246 : Found opcode in column 1. (call)
Warning[203] D:\CARLO\DOCUMENTOS\FI\8VO SEMESTRE\MICROCOMPUTADORAS\PROYECTO2\MI VERSIÛN\ARELI\PRUEBA.ASM 247 : Found opcode in column 1. (movlw)
Warning[203] D:\CARLO\DOCUMENTOS\FI\8VO SEMESTRE\MICROCOMPUTADORAS\PROYECTO2\MI VERSIÛN\ARELI\PRUEBA.ASM 248 : Found opcode in column 1. (call)
Warning[203] D:\CARLO\DOCUMENTOS\FI\8VO SEMESTRE\MICROCOMPUTADORAS\PROYECTO2\MI VERSIÛN\ARELI\PRUEBA.ASM 249 : Found opcode in column 1. (movlw)
Warning[203] D:\CARLO\DOCUMENTOS\FI\8VO SEMESTRE\MICROCOMPUTADORAS\PROYECTO2\MI VERSIÛN\ARELI\PRUEBA.ASM 250 : Found opcode in column 1. (call)
Warning[203] D:\CARLO\DOCUMENTOS\FI\8VO SEMESTRE\MICROCOMPUTADORAS\PROYECTO2\MI VERSIÛN\ARELI\PRUEBA.ASM 251 : Found opcode in column 1. (movlw)
Warning[203] D:\CARLO\DOCUMENTOS\FI\8VO SEMESTRE\MICROCOMPUTADORAS\PROYECTO2\MI VERSIÛN\ARELI\PRUEBA.ASM 252 : Found opcode in column 1. (call)
Warning[203] D:\CARLO\DOCUMENTOS\FI\8VO SEMESTRE\MICROCOMPUTADORAS\PROYECTO2\MI VERSIÛN\ARELI\PRUEBA.ASM 253 : Found opcode in column 1. (movlw)
Warning[203] D:\CARLO\DOCUMENTOS\FI\8VO SEMESTRE\MICROCOMPUTADORAS\PROYECTO2\MI VERSIÛN\ARELI\PRUEBA.ASM 254 : Found opcode in column 1. (call)
Warning[203] D:\CARLO\DOCUMENTOS\FI\8VO SEMESTRE\MICROCOMPUTADORAS\PROYECTO2\MI VERSIÛN\ARELI\PRUEBA.ASM 255 : Found opcode in column 1. (movlw)
Warning[203] D:\CARLO\DOCUMENTOS\FI\8VO SEMESTRE\MICROCOMPUTADORAS\PROYECTO2\MI VERSIÛN\ARELI\PRUEBA.ASM 256 : Found opcode in column 1. (call)
Warning[203] D:\CARLO\DOCUMENTOS\FI\8VO SEMESTRE\MICROCOMPUTADORAS\PROYECTO2\MI VERSIÛN\ARELI\PRUEBA.ASM 257 : Found opcode in column 1. (movlw)
Warning[203] D:\CARLO\DOCUMENTOS\FI\8VO SEMESTRE\MICROCOMPUTADORAS\PROYECTO2\MI VERSIÛN\ARELI\PRUEBA.ASM 258 : Found opcode in column 1. (call)
Warning[203] D:\CARLO\DOCUMENTOS\FI\8VO SEMESTRE\MICROCOMPUTADORAS\PROYECTO2\MI VERSIÛN\ARELI\PRUEBA.ASM 262 : Found opcode in column 1. (movlw)
Warning[203] D:\CARLO\DOCUMENTOS\FI\8VO SEMESTRE\MICROCOMPUTADORAS\PROYECTO2\MI VERSIÛN\ARELI\PRUEBA.ASM 263 : Found opcode in column 1. (call)
Warning[203] D:\CARLO\DOCUMENTOS\FI\8VO SEMESTRE\MICROCOMPUTADORAS\PROYECTO2\MI VERSIÛN\ARELI\PRUEBA.ASM 264 : Found opcode in column 1. (call)
Warning[203] D:\CARLO\DOCUMENTOS\FI\8VO SEMESTRE\MICROCOMPUTADORAS\PROYECTO2\MI VERSIÛN\ARELI\PRUEBA.ASM 267 : Found opcode in column 1. (movlw)
Warning[203] D:\CARLO\DOCUMENTOS\FI\8VO SEMESTRE\MICROCOMPUTADORAS\PROYECTO2\MI VERSIÛN\ARELI\PRUEBA.ASM 268 : Found opcode in column 1. (call)
Warning[203] D:\CARLO\DOCUMENTOS\FI\8VO SEMESTRE\MICROCOMPUTADORAS\PROYECTO2\MI VERSIÛN\ARELI\PRUEBA.ASM 269 : Found opcode in column 1. (movlw)
Warning[203] D:\CARLO\DOCUMENTOS\FI\8VO SEMESTRE\MICROCOMPUTADORAS\PROYECTO2\MI VERSIÛN\ARELI\PRUEBA.ASM 270 : Found opcode in column 1. (call)
Warning[203] D:\CARLO\DOCUMENTOS\FI\8VO SEMESTRE\MICROCOMPUTADORAS\PROYECTO2\MI VERSIÛN\ARELI\PRUEBA.ASM 271 : Found opcode in column 1. (movlw)
Warning[203] D:\CARLO\DOCUMENTOS\FI\8VO SEMESTRE\MICROCOMPUTADORAS\PROYECTO2\MI VERSIÛN\ARELI\PRUEBA.ASM 272 : Found opcode in column 1. (call)
Warning[203] D:\CARLO\DOCUMENTOS\FI\8VO SEMESTRE\MICROCOMPUTADORAS\PROYECTO2\MI VERSIÛN\ARELI\PRUEBA.ASM 273 : Found opcode in column 1. (movlw)
Warning[203] D:\CARLO\DOCUMENTOS\FI\8VO SEMESTRE\MICROCOMPUTADORAS\PROYECTO2\MI VERSIÛN\ARELI\PRUEBA.ASM 274 : Found opcode in column 1. (call)
Warning[203] D:\CARLO\DOCUMENTOS\FI\8VO SEMESTRE\MICROCOMPUTADORAS\PROYECTO2\MI VERSIÛN\ARELI\PRUEBA.ASM 275 : Found opcode in column 1. (movlw)
Warning[203] D:\CARLO\DOCUMENTOS\FI\8VO SEMESTRE\MICROCOMPUTADORAS\PROYECTO2\MI VERSIÛN\ARELI\PRUEBA.ASM 276 : Found opcode in column 1. (call)
Warning[203] D:\CARLO\DOCUMENTOS\FI\8VO SEMESTRE\MICROCOMPUTADORAS\PROYECTO2\MI VERSIÛN\ARELI\PRUEBA.ASM 277 : Found opcode in column 1. (movlw)
Warning[203] D:\CARLO\DOCUMENTOS\FI\8VO SEMESTRE\MICROCOMPUTADORAS\PROYECTO2\MI VERSIÛN\ARELI\PRUEBA.ASM 278 : Found opcode in column 1. (call)
Warning[203] D:\CARLO\DOCUMENTOS\FI\8VO SEMESTRE\MICROCOMPUTADORAS\PROYECTO2\MI VERSIÛN\ARELI\PRUEBA.ASM 279 : Found opcode in column 1. (movlw)
Warning[203] D:\CARLO\DOCUMENTOS\FI\8VO SEMESTRE\MICROCOMPUTADORAS\PROYECTO2\MI VERSIÛN\ARELI\PRUEBA.ASM 280 : Found opcode in column 1. (call)
Warning[203] D:\CARLO\DOCUMENTOS\FI\8VO SEMESTRE\MICROCOMPUTADORAS\PROYECTO2\MI VERSIÛN\ARELI\PRUEBA.ASM 281 : Found opcode in column 1. (movlw)
Warning[203] D:\CARLO\DOCUMENTOS\FI\8VO SEMESTRE\MICROCOMPUTADORAS\PROYECTO2\MI VERSIÛN\ARELI\PRUEBA.ASM 282 : Found opcode in column 1. (call)
Warning[203] D:\CARLO\DOCUMENTOS\FI\8VO SEMESTRE\MICROCOMPUTADORAS\PROYECTO2\MI VERSIÛN\ARELI\PRUEBA.ASM 283 : Found opcode in column 1. (movlw)
Warning[203] D:\CARLO\DOCUMENTOS\FI\8VO SEMESTRE\MICROCOMPUTADORAS\PROYECTO2\MI VERSIÛN\ARELI\PRUEBA.ASM 284 : Found opcode in column 1. (call)
Warning[203] D:\CARLO\DOCUMENTOS\FI\8VO SEMESTRE\MICROCOMPUTADORAS\PROYECTO2\MI VERSIÛN\ARELI\PRUEBA.ASM 285 : Found opcode in column 1. (movlw)
Warning[203] D:\CARLO\DOCUMENTOS\FI\8VO SEMESTRE\MICROCOMPUTADORAS\PROYECTO2\MI VERSIÛN\ARELI\PRUEBA.ASM 286 : Found opcode in column 1. (call)
Warning[203] D:\CARLO\DOCUMENTOS\FI\8VO SEMESTRE\MICROCOMPUTADORAS\PROYECTO2\MI VERSIÛN\ARELI\PRUEBA.ASM 287 : Found opcode in column 1. (movlw)
Warning[203] D:\CARLO\DOCUMENTOS\FI\8VO SEMESTRE\MICROCOMPUTADORAS\PROYECTO2\MI VERSIÛN\ARELI\PRUEBA.ASM 288 : Found opcode in column 1. (call)
Warning[203] D:\CARLO\DOCUMENTOS\FI\8VO SEMESTRE\MICROCOMPUTADORAS\PROYECTO2\MI VERSIÛN\ARELI\PRUEBA.ASM 289 : Found opcode in column 1. (movlw)
Warning[203] D:\CARLO\DOCUMENTOS\FI\8VO SEMESTRE\MICROCOMPUTADORAS\PROYECTO2\MI VERSIÛN\ARELI\PRUEBA.ASM 290 : Found opcode in column 1. (call)
Warning[203] D:\CARLO\DOCUMENTOS\FI\8VO SEMESTRE\MICROCOMPUTADORAS\PROYECTO2\MI VERSIÛN\ARELI\PRUEBA.ASM 291 : Found opcode in column 1. (movlw)
Warning[203] D:\CARLO\DOCUMENTOS\FI\8VO SEMESTRE\MICROCOMPUTADORAS\PROYECTO2\MI VERSIÛN\ARELI\PRUEBA.ASM 292 : Found opcode in column 1. (call)
Warning[203] D:\CARLO\DOCUMENTOS\FI\8VO SEMESTRE\MICROCOMPUTADORAS\PROYECTO2\MI VERSIÛN\ARELI\PRUEBA.ASM 293 : Found opcode in column 1. (movlw)
Warning[203] D:\CARLO\DOCUMENTOS\FI\8VO SEMESTRE\MICROCOMPUTADORAS\PROYECTO2\MI VERSIÛN\ARELI\PRUEBA.ASM 294 : Found opcode in column 1. (call)
Warning[203] D:\CARLO\DOCUMENTOS\FI\8VO SEMESTRE\MICROCOMPUTADORAS\PROYECTO2\MI VERSIÛN\ARELI\PRUEBA.ASM 295 : Found opcode in column 1. (movlw)
Warning[203] D:\CARLO\DOCUMENTOS\FI\8VO SEMESTRE\MICROCOMPUTADORAS\PROYECTO2\MI VERSIÛN\ARELI\PRUEBA.ASM 296 : Found opcode in column 1. (call)
Warning[203] D:\CARLO\DOCUMENTOS\FI\8VO SEMESTRE\MICROCOMPUTADORAS\PROYECTO2\MI VERSIÛN\ARELI\PRUEBA.ASM 297 : Found opcode in column 1. (movlw)
Warning[203] D:\CARLO\DOCUMENTOS\FI\8VO SEMESTRE\MICROCOMPUTADORAS\PROYECTO2\MI VERSIÛN\ARELI\PRUEBA.ASM 298 : Found opcode in column 1. (call)
Warning[203] D:\CARLO\DOCUMENTOS\FI\8VO SEMESTRE\MICROCOMPUTADORAS\PROYECTO2\MI VERSIÛN\ARELI\PRUEBA.ASM 301 : Found opcode in column 1. (movlw)
Warning[203] D:\CARLO\DOCUMENTOS\FI\8VO SEMESTRE\MICROCOMPUTADORAS\PROYECTO2\MI VERSIÛN\ARELI\PRUEBA.ASM 302 : Found opcode in column 1. (call)
Warning[203] D:\CARLO\DOCUMENTOS\FI\8VO SEMESTRE\MICROCOMPUTADORAS\PROYECTO2\MI VERSIÛN\ARELI\PRUEBA.ASM 303 : Found opcode in column 1. (call)
Warning[203] D:\CARLO\DOCUMENTOS\FI\8VO SEMESTRE\MICROCOMPUTADORAS\PROYECTO2\MI VERSIÛN\ARELI\PRUEBA.ASM 306 : Found opcode in column 1. (movlw)
Warning[203] D:\CARLO\DOCUMENTOS\FI\8VO SEMESTRE\MICROCOMPUTADORAS\PROYECTO2\MI VERSIÛN\ARELI\PRUEBA.ASM 307 : Found opcode in column 1. (call)
Warning[203] D:\CARLO\DOCUMENTOS\FI\8VO SEMESTRE\MICROCOMPUTADORAS\PROYECTO2\MI VERSIÛN\ARELI\PRUEBA.ASM 308 : Found opcode in column 1. (call)
Warning[203] D:\CARLO\DOCUMENTOS\FI\8VO SEMESTRE\MICROCOMPUTADORAS\PROYECTO2\MI VERSIÛN\ARELI\PRUEBA.ASM 311 : Found opcode in column 1. (movlw)
Warning[203] D:\CARLO\DOCUMENTOS\FI\8VO SEMESTRE\MICROCOMPUTADORAS\PROYECTO2\MI VERSIÛN\ARELI\PRUEBA.ASM 312 : Found opcode in column 1. (call)
Warning[203] D:\CARLO\DOCUMENTOS\FI\8VO SEMESTRE\MICROCOMPUTADORAS\PROYECTO2\MI VERSIÛN\ARELI\PRUEBA.ASM 313 : Found opcode in column 1. (movlw)
Warning[203] D:\CARLO\DOCUMENTOS\FI\8VO SEMESTRE\MICROCOMPUTADORAS\PROYECTO2\MI VERSIÛN\ARELI\PRUEBA.ASM 314 : Found opcode in column 1. (call)
Warning[203] D:\CARLO\DOCUMENTOS\FI\8VO SEMESTRE\MICROCOMPUTADORAS\PROYECTO2\MI VERSIÛN\ARELI\PRUEBA.ASM 315 : Found opcode in column 1. (movlw)
Warning[203] D:\CARLO\DOCUMENTOS\FI\8VO SEMESTRE\MICROCOMPUTADORAS\PROYECTO2\MI VERSIÛN\ARELI\PRUEBA.ASM 316 : Found opcode in column 1. (call)
Warning[203] D:\CARLO\DOCUMENTOS\FI\8VO SEMESTRE\MICROCOMPUTADORAS\PROYECTO2\MI VERSIÛN\ARELI\PRUEBA.ASM 317 : Found opcode in column 1. (return)
Warning[203] D:\CARLO\DOCUMENTOS\FI\8VO SEMESTRE\MICROCOMPUTADORAS\PROYECTO2\MI VERSIÛN\ARELI\PRUEBA.ASM 546 : Found opcode in column 1. (movlw)
Warning[203] D:\CARLO\DOCUMENTOS\FI\8VO SEMESTRE\MICROCOMPUTADORAS\PROYECTO2\MI VERSIÛN\ARELI\PRUEBA.ASM 547 : Found opcode in column 1. (call)
Warning[203] D:\CARLO\DOCUMENTOS\FI\8VO SEMESTRE\MICROCOMPUTADORAS\PROYECTO2\MI VERSIÛN\ARELI\PRUEBA.ASM 548 : Found opcode in column 1. (call)
Warning[203] D:\CARLO\DOCUMENTOS\FI\8VO SEMESTRE\MICROCOMPUTADORAS\PROYECTO2\MI VERSIÛN\ARELI\PRUEBA.ASM 549 : Found opcode in column 1. (movlw)
Warning[203] D:\CARLO\DOCUMENTOS\FI\8VO SEMESTRE\MICROCOMPUTADORAS\PROYECTO2\MI VERSIÛN\ARELI\PRUEBA.ASM 550 : Found opcode in column 1. (call)
Warning[203] D:\CARLO\DOCUMENTOS\FI\8VO SEMESTRE\MICROCOMPUTADORAS\PROYECTO2\MI VERSIÛN\ARELI\PRUEBA.ASM 551 : Found opcode in column 1. (call)
Warning[203] D:\CARLO\DOCUMENTOS\FI\8VO SEMESTRE\MICROCOMPUTADORAS\PROYECTO2\MI VERSIÛN\ARELI\PRUEBA.ASM 552 : Found opcode in column 1. (movlw)
Warning[203] D:\CARLO\DOCUMENTOS\FI\8VO SEMESTRE\MICROCOMPUTADORAS\PROYECTO2\MI VERSIÛN\ARELI\PRUEBA.ASM 553 : Found opcode in column 1. (call)
Warning[203] D:\CARLO\DOCUMENTOS\FI\8VO SEMESTRE\MICROCOMPUTADORAS\PROYECTO2\MI VERSIÛN\ARELI\PRUEBA.ASM 554 : Found opcode in column 1. (call)
Warning[203] D:\CARLO\DOCUMENTOS\FI\8VO SEMESTRE\MICROCOMPUTADORAS\PROYECTO2\MI VERSIÛN\ARELI\PRUEBA.ASM 555 : Found opcode in column 1. (return)
Warning[203] D:\CARLO\DOCUMENTOS\FI\8VO SEMESTRE\MICROCOMPUTADORAS\PROYECTO2\MI VERSIÛN\ARELI\PRUEBA.ASM 558 : Found opcode in column 1. (movwf)
Warning[203] D:\CARLO\DOCUMENTOS\FI\8VO SEMESTRE\MICROCOMPUTADORAS\PROYECTO2\MI VERSIÛN\ARELI\PRUEBA.ASM 559 : Found opcode in column 1. (call)
Warning[203] D:\CARLO\DOCUMENTOS\FI\8VO SEMESTRE\MICROCOMPUTADORAS\PROYECTO2\MI VERSIÛN\ARELI\PRUEBA.ASM 560 : Found opcode in column 1. (bcf)
Warning[203] D:\CARLO\DOCUMENTOS\FI\8VO SEMESTRE\MICROCOMPUTADORAS\PROYECTO2\MI VERSIÛN\ARELI\PRUEBA.ASM 561 : Found opcode in column 1. (bsf)
Warning[203] D:\CARLO\DOCUMENTOS\FI\8VO SEMESTRE\MICROCOMPUTADORAS\PROYECTO2\MI VERSIÛN\ARELI\PRUEBA.ASM 562 : Found opcode in column 1. (call)
Warning[203] D:\CARLO\DOCUMENTOS\FI\8VO SEMESTRE\MICROCOMPUTADORAS\PROYECTO2\MI VERSIÛN\ARELI\PRUEBA.ASM 563 : Found opcode in column 1. (bcf)
Warning[203] D:\CARLO\DOCUMENTOS\FI\8VO SEMESTRE\MICROCOMPUTADORAS\PROYECTO2\MI VERSIÛN\ARELI\PRUEBA.ASM 564 : Found opcode in column 1. (return)
Warning[203] D:\CARLO\DOCUMENTOS\FI\8VO SEMESTRE\MICROCOMPUTADORAS\PROYECTO2\MI VERSIÛN\ARELI\PRUEBA.ASM 567 : Found opcode in column 1. (movwf)
Warning[203] D:\CARLO\DOCUMENTOS\FI\8VO SEMESTRE\MICROCOMPUTADORAS\PROYECTO2\MI VERSIÛN\ARELI\PRUEBA.ASM 568 : Found opcode in column 1. (call)
Warning[203] D:\CARLO\DOCUMENTOS\FI\8VO SEMESTRE\MICROCOMPUTADORAS\PROYECTO2\MI VERSIÛN\ARELI\PRUEBA.ASM 569 : Found opcode in column 1. (bsf)
Warning[203] D:\CARLO\DOCUMENTOS\FI\8VO SEMESTRE\MICROCOMPUTADORAS\PROYECTO2\MI VERSIÛN\ARELI\PRUEBA.ASM 570 : Found opcode in column 1. (bsf)
Warning[203] D:\CARLO\DOCUMENTOS\FI\8VO SEMESTRE\MICROCOMPUTADORAS\PROYECTO2\MI VERSIÛN\ARELI\PRUEBA.ASM 571 : Found opcode in column 1. (call)
Warning[203] D:\CARLO\DOCUMENTOS\FI\8VO SEMESTRE\MICROCOMPUTADORAS\PROYECTO2\MI VERSIÛN\ARELI\PRUEBA.ASM 572 : Found opcode in column 1. (bcf)
Warning[203] D:\CARLO\DOCUMENTOS\FI\8VO SEMESTRE\MICROCOMPUTADORAS\PROYECTO2\MI VERSIÛN\ARELI\PRUEBA.ASM 573 : Found opcode in column 1. (call)
Warning[203] D:\CARLO\DOCUMENTOS\FI\8VO SEMESTRE\MICROCOMPUTADORAS\PROYECTO2\MI VERSIÛN\ARELI\PRUEBA.ASM 574 : Found opcode in column 1. (call)
Warning[203] D:\CARLO\DOCUMENTOS\FI\8VO SEMESTRE\MICROCOMPUTADORAS\PROYECTO2\MI VERSIÛN\ARELI\PRUEBA.ASM 575 : Found opcode in column 1. (return)
Warning[203] D:\CARLO\DOCUMENTOS\FI\8VO SEMESTRE\MICROCOMPUTADORAS\PROYECTO2\MI VERSIÛN\ARELI\PRUEBA.ASM 578 : Found opcode in column 1. (movlw)
Warning[203] D:\CARLO\DOCUMENTOS\FI\8VO SEMESTRE\MICROCOMPUTADORAS\PROYECTO2\MI VERSIÛN\ARELI\PRUEBA.ASM 579 : Found opcode in column 1. (movwf)
Warning[203] D:\CARLO\DOCUMENTOS\FI\8VO SEMESTRE\MICROCOMPUTADORAS\PROYECTO2\MI VERSIÛN\ARELI\PRUEBA.ASM 581 : Found opcode in column 1. (movwf)
Warning[203] D:\CARLO\DOCUMENTOS\FI\8VO SEMESTRE\MICROCOMPUTADORAS\PROYECTO2\MI VERSIÛN\ARELI\PRUEBA.ASM 583 : Found opcode in column 1. (goto)
Warning[203] D:\CARLO\DOCUMENTOS\FI\8VO SEMESTRE\MICROCOMPUTADORAS\PROYECTO2\MI VERSIÛN\ARELI\PRUEBA.ASM 584 : Found opcode in column 1. (decfsz)
Warning[203] D:\CARLO\DOCUMENTOS\FI\8VO SEMESTRE\MICROCOMPUTADORAS\PROYECTO2\MI VERSIÛN\ARELI\PRUEBA.ASM 585 : Found opcode in column 1. (goto)
Warning[203] D:\CARLO\DOCUMENTOS\FI\8VO SEMESTRE\MICROCOMPUTADORAS\PROYECTO2\MI VERSIÛN\ARELI\PRUEBA.ASM 586 : Found opcode in column 1. (return)
Warning[203] D:\CARLO\DOCUMENTOS\FI\8VO SEMESTRE\MICROCOMPUTADORAS\PROYECTO2\MI VERSIÛN\ARELI\PRUEBA.ASM 590 : Found opcode in column 1. (movlw)
Warning[203] D:\CARLO\DOCUMENTOS\FI\8VO SEMESTRE\MICROCOMPUTADORAS\PROYECTO2\MI VERSIÛN\ARELI\PRUEBA.ASM 591 : Found opcode in column 1. (call)
Warning[203] D:\CARLO\DOCUMENTOS\FI\8VO SEMESTRE\MICROCOMPUTADORAS\PROYECTO2\MI VERSIÛN\ARELI\PRUEBA.ASM 592 : Found opcode in column 1. (movlw)
Warning[203] D:\CARLO\DOCUMENTOS\FI\8VO SEMESTRE\MICROCOMPUTADORAS\PROYECTO2\MI VERSIÛN\ARELI\PRUEBA.ASM 593 : Found opcode in column 1. (return)
Warning[203] D:\CARLO\DOCUMENTOS\FI\8VO SEMESTRE\MICROCOMPUTADORAS\PROYECTO2\MI VERSIÛN\ARELI\PRUEBA.ASM 596 : Found opcode in column 1. (movlw)
Warning[203] D:\CARLO\DOCUMENTOS\FI\8VO SEMESTRE\MICROCOMPUTADORAS\PROYECTO2\MI VERSIÛN\ARELI\PRUEBA.ASM 597 : Found opcode in column 1. (call)
Warning[203] D:\CARLO\DOCUMENTOS\FI\8VO SEMESTRE\MICROCOMPUTADORAS\PROYECTO2\MI VERSIÛN\ARELI\PRUEBA.ASM 598 : Found opcode in column 1. (movlw)
Warning[203] D:\CARLO\DOCUMENTOS\FI\8VO SEMESTRE\MICROCOMPUTADORAS\PROYECTO2\MI VERSIÛN\ARELI\PRUEBA.ASM 599 : Found opcode in column 1. (return)
Warning[203] D:\CARLO\DOCUMENTOS\FI\8VO SEMESTRE\MICROCOMPUTADORAS\PROYECTO2\MI VERSIÛN\ARELI\PRUEBA.ASM 604 : Found opcode in column 1. (btfss)
Warning[203] D:\CARLO\DOCUMENTOS\FI\8VO SEMESTRE\MICROCOMPUTADORAS\PROYECTO2\MI VERSIÛN\ARELI\PRUEBA.ASM 605 : Found opcode in column 1. (call)
Warning[203] D:\CARLO\DOCUMENTOS\FI\8VO SEMESTRE\MICROCOMPUTADORAS\PROYECTO2\MI VERSIÛN\ARELI\PRUEBA.ASM 606 : Found opcode in column 1. (return)
Warning[203] D:\CARLO\DOCUMENTOS\FI\8VO SEMESTRE\MICROCOMPUTADORAS\PROYECTO2\MI VERSIÛN\ARELI\PRUEBA.ASM 609 : Found opcode in column 1. (btfss)
Warning[203] D:\CARLO\DOCUMENTOS\FI\8VO SEMESTRE\MICROCOMPUTADORAS\PROYECTO2\MI VERSIÛN\ARELI\PRUEBA.ASM 610 : Found opcode in column 1. (call)
Warning[203] D:\CARLO\DOCUMENTOS\FI\8VO SEMESTRE\MICROCOMPUTADORAS\PROYECTO2\MI VERSIÛN\ARELI\PRUEBA.ASM 611 : Found opcode in column 1. (return)
Warning[203] D:\CARLO\DOCUMENTOS\FI\8VO SEMESTRE\MICROCOMPUTADORAS\PROYECTO2\MI VERSIÛN\ARELI\PRUEBA.ASM 614 : Found opcode in column 1. (btfss)
Warning[203] D:\CARLO\DOCUMENTOS\FI\8VO SEMESTRE\MICROCOMPUTADORAS\PROYECTO2\MI VERSIÛN\ARELI\PRUEBA.ASM 615 : Found opcode in column 1. (call)
Warning[203] D:\CARLO\DOCUMENTOS\FI\8VO SEMESTRE\MICROCOMPUTADORAS\PROYECTO2\MI VERSIÛN\ARELI\PRUEBA.ASM 616 : Found opcode in column 1. (return)
Warning[203] D:\CARLO\DOCUMENTOS\FI\8VO SEMESTRE\MICROCOMPUTADORAS\PROYECTO2\MI VERSIÛN\ARELI\PRUEBA.ASM 619 : Found opcode in column 1. (btfss)
Warning[203] D:\CARLO\DOCUMENTOS\FI\8VO SEMESTRE\MICROCOMPUTADORAS\PROYECTO2\MI VERSIÛN\ARELI\PRUEBA.ASM 620 : Found opcode in column 1. (call)
Warning[203] D:\CARLO\DOCUMENTOS\FI\8VO SEMESTRE\MICROCOMPUTADORAS\PROYECTO2\MI VERSIÛN\ARELI\PRUEBA.ASM 621 : Found opcode in column 1. (return)
Warning[203] D:\CARLO\DOCUMENTOS\FI\8VO SEMESTRE\MICROCOMPUTADORAS\PROYECTO2\MI VERSIÛN\ARELI\PRUEBA.ASM 624 : Found opcode in column 1. (btfss)
Warning[203] D:\CARLO\DOCUMENTOS\FI\8VO SEMESTRE\MICROCOMPUTADORAS\PROYECTO2\MI VERSIÛN\ARELI\PRUEBA.ASM 625 : Found opcode in column 1. (call)
Warning[203] D:\CARLO\DOCUMENTOS\FI\8VO SEMESTRE\MICROCOMPUTADORAS\PROYECTO2\MI VERSIÛN\ARELI\PRUEBA.ASM 626 : Found opcode in column 1. (return)
Warning[203] D:\CARLO\DOCUMENTOS\FI\8VO SEMESTRE\MICROCOMPUTADORAS\PROYECTO2\MI VERSIÛN\ARELI\PRUEBA.ASM 629 : Found opcode in column 1. (btfss)
Warning[203] D:\CARLO\DOCUMENTOS\FI\8VO SEMESTRE\MICROCOMPUTADORAS\PROYECTO2\MI VERSIÛN\ARELI\PRUEBA.ASM 630 : Found opcode in column 1. (call)
Warning[203] D:\CARLO\DOCUMENTOS\FI\8VO SEMESTRE\MICROCOMPUTADORAS\PROYECTO2\MI VERSIÛN\ARELI\PRUEBA.ASM 631 : Found opcode in column 1. (return)
Warning[203] D:\CARLO\DOCUMENTOS\FI\8VO SEMESTRE\MICROCOMPUTADORAS\PROYECTO2\MI VERSIÛN\ARELI\PRUEBA.ASM 634 : Found opcode in column 1. (btfss)
Warning[203] D:\CARLO\DOCUMENTOS\FI\8VO SEMESTRE\MICROCOMPUTADORAS\PROYECTO2\MI VERSIÛN\ARELI\PRUEBA.ASM 635 : Found opcode in column 1. (call)
Warning[203] D:\CARLO\DOCUMENTOS\FI\8VO SEMESTRE\MICROCOMPUTADORAS\PROYECTO2\MI VERSIÛN\ARELI\PRUEBA.ASM 636 : Found opcode in column 1. (return)
Warning[203] D:\CARLO\DOCUMENTOS\FI\8VO SEMESTRE\MICROCOMPUTADORAS\PROYECTO2\MI VERSIÛN\ARELI\PRUEBA.ASM 639 : Found opcode in column 1. (btfss)
Warning[203] D:\CARLO\DOCUMENTOS\FI\8VO SEMESTRE\MICROCOMPUTADORAS\PROYECTO2\MI VERSIÛN\ARELI\PRUEBA.ASM 640 : Found opcode in column 1. (call)
Warning[203] D:\CARLO\DOCUMENTOS\FI\8VO SEMESTRE\MICROCOMPUTADORAS\PROYECTO2\MI VERSIÛN\ARELI\PRUEBA.ASM 641 : Found opcode in column 1. (return)
Warning[203] D:\CARLO\DOCUMENTOS\FI\8VO SEMESTRE\MICROCOMPUTADORAS\PROYECTO2\MI VERSIÛN\ARELI\PRUEBA.ASM 646 : Found opcode in column 1. (btfsc)
Warning[203] D:\CARLO\DOCUMENTOS\FI\8VO SEMESTRE\MICROCOMPUTADORAS\PROYECTO2\MI VERSIÛN\ARELI\PRUEBA.ASM 647 : Found opcode in column 1. (call)
Warning[203] D:\CARLO\DOCUMENTOS\FI\8VO SEMESTRE\MICROCOMPUTADORAS\PROYECTO2\MI VERSIÛN\ARELI\PRUEBA.ASM 648 : Found opcode in column 1. (return)
Warning[203] D:\CARLO\DOCUMENTOS\FI\8VO SEMESTRE\MICROCOMPUTADORAS\PROYECTO2\MI VERSIÛN\ARELI\PRUEBA.ASM 651 : Found opcode in column 1. (btfsc)
Warning[203] D:\CARLO\DOCUMENTOS\FI\8VO SEMESTRE\MICROCOMPUTADORAS\PROYECTO2\MI VERSIÛN\ARELI\PRUEBA.ASM 652 : Found opcode in column 1. (call)
Warning[203] D:\CARLO\DOCUMENTOS\FI\8VO SEMESTRE\MICROCOMPUTADORAS\PROYECTO2\MI VERSIÛN\ARELI\PRUEBA.ASM 653 : Found opcode in column 1. (return)
Warning[203] D:\CARLO\DOCUMENTOS\FI\8VO SEMESTRE\MICROCOMPUTADORAS\PROYECTO2\MI VERSIÛN\ARELI\PRUEBA.ASM 656 : Found opcode in column 1. (btfsc)
Warning[203] D:\CARLO\DOCUMENTOS\FI\8VO SEMESTRE\MICROCOMPUTADORAS\PROYECTO2\MI VERSIÛN\ARELI\PRUEBA.ASM 657 : Found opcode in column 1. (call)
Warning[203] D:\CARLO\DOCUMENTOS\FI\8VO SEMESTRE\MICROCOMPUTADORAS\PROYECTO2\MI VERSIÛN\ARELI\PRUEBA.ASM 658 : Found opcode in column 1. (return)
Warning[203] D:\CARLO\DOCUMENTOS\FI\8VO SEMESTRE\MICROCOMPUTADORAS\PROYECTO2\MI VERSIÛN\ARELI\PRUEBA.ASM 661 : Found opcode in column 1. (btfsc)
Warning[203] D:\CARLO\DOCUMENTOS\FI\8VO SEMESTRE\MICROCOMPUTADORAS\PROYECTO2\MI VERSIÛN\ARELI\PRUEBA.ASM 662 : Found opcode in column 1. (call)
Warning[203] D:\CARLO\DOCUMENTOS\FI\8VO SEMESTRE\MICROCOMPUTADORAS\PROYECTO2\MI VERSIÛN\ARELI\PRUEBA.ASM 663 : Found opcode in column 1. (return)
Warning[203] D:\CARLO\DOCUMENTOS\FI\8VO SEMESTRE\MICROCOMPUTADORAS\PROYECTO2\MI VERSIÛN\ARELI\PRUEBA.ASM 666 : Found opcode in column 1. (btfsc)
Warning[203] D:\CARLO\DOCUMENTOS\FI\8VO SEMESTRE\MICROCOMPUTADORAS\PROYECTO2\MI VERSIÛN\ARELI\PRUEBA.ASM 667 : Found opcode in column 1. (call)
Warning[203] D:\CARLO\DOCUMENTOS\FI\8VO SEMESTRE\MICROCOMPUTADORAS\PROYECTO2\MI VERSIÛN\ARELI\PRUEBA.ASM 668 : Found opcode in column 1. (return)
Warning[203] D:\CARLO\DOCUMENTOS\FI\8VO SEMESTRE\MICROCOMPUTADORAS\PROYECTO2\MI VERSIÛN\ARELI\PRUEBA.ASM 671 : Found opcode in column 1. (btfsc)
Warning[203] D:\CARLO\DOCUMENTOS\FI\8VO SEMESTRE\MICROCOMPUTADORAS\PROYECTO2\MI VERSIÛN\ARELI\PRUEBA.ASM 672 : Found opcode in column 1. (call)
Warning[203] D:\CARLO\DOCUMENTOS\FI\8VO SEMESTRE\MICROCOMPUTADORAS\PROYECTO2\MI VERSIÛN\ARELI\PRUEBA.ASM 673 : Found opcode in column 1. (return)
Warning[203] D:\CARLO\DOCUMENTOS\FI\8VO SEMESTRE\MICROCOMPUTADORAS\PROYECTO2\MI VERSIÛN\ARELI\PRUEBA.ASM 676 : Found opcode in column 1. (btfsc)
Warning[203] D:\CARLO\DOCUMENTOS\FI\8VO SEMESTRE\MICROCOMPUTADORAS\PROYECTO2\MI VERSIÛN\ARELI\PRUEBA.ASM 677 : Found opcode in column 1. (call)
Warning[203] D:\CARLO\DOCUMENTOS\FI\8VO SEMESTRE\MICROCOMPUTADORAS\PROYECTO2\MI VERSIÛN\ARELI\PRUEBA.ASM 678 : Found opcode in column 1. (return)
Warning[203] D:\CARLO\DOCUMENTOS\FI\8VO SEMESTRE\MICROCOMPUTADORAS\PROYECTO2\MI VERSIÛN\ARELI\PRUEBA.ASM 681 : Found opcode in column 1. (btfsc)
Warning[203] D:\CARLO\DOCUMENTOS\FI\8VO SEMESTRE\MICROCOMPUTADORAS\PROYECTO2\MI VERSIÛN\ARELI\PRUEBA.ASM 682 : Found opcode in column 1. (call)
Warning[203] D:\CARLO\DOCUMENTOS\FI\8VO SEMESTRE\MICROCOMPUTADORAS\PROYECTO2\MI VERSIÛN\ARELI\PRUEBA.ASM 683 : Found opcode in column 1. (return)
Warning[203] D:\CARLO\DOCUMENTOS\FI\8VO SEMESTRE\MICROCOMPUTADORAS\PROYECTO2\MI VERSIÛN\ARELI\PRUEBA.ASM 687 : Found opcode in column 1. (movlw)
Warning[203] D:\CARLO\DOCUMENTOS\FI\8VO SEMESTRE\MICROCOMPUTADORAS\PROYECTO2\MI VERSIÛN\ARELI\PRUEBA.ASM 688 : Found opcode in column 1. (movwf)
Message[305] D:\CARLO\DOCUMENTOS\FI\8VO SEMESTRE\MICROCOMPUTADORAS\PROYECTO2\MI VERSIÛN\ARELI\PRUEBA.ASM 693 : Using default destination of 1 (file).
Message[305] D:\CARLO\DOCUMENTOS\FI\8VO SEMESTRE\MICROCOMPUTADORAS\PROYECTO2\MI VERSIÛN\ARELI\PRUEBA.ASM 695 : Using default destination of 1 (file).
Message[305] D:\CARLO\DOCUMENTOS\FI\8VO SEMESTRE\MICROCOMPUTADORAS\PROYECTO2\MI VERSIÛN\ARELI\PRUEBA.ASM 697 : Using default destination of 1 (file).
Warning[205] D:\CARLO\DOCUMENTOS\FI\8VO SEMESTRE\MICROCOMPUTADORAS\PROYECTO2\MI VERSIÛN\ARELI\PRUEBA.ASM 701 : Found directive in column 1. (end)
