MPASM  5.51                        PRUEBA.ASM   4-25-2023  21:19:19         PAGE  1


LOC  OBJECT CODE     LINE SOURCE TEXT
  VALUE

Warning[205]: Found directive in column 1. (processor)
                      00001 processor 16f877
Warning[205]: Found directive in column 1. (include)
                      00002 include <p16f877.inc>
                      00001         LIST
                      00002 
                      00003 ;==========================================================================
                      00004 ;  MPASM PIC16F877 processor include
                      00005 ; 
                      00006 ;  (c) Copyright 1999-2013 Microchip Technology, All rights reserved
                      00007 ;==========================================================================
                      00008 
Message[301]: MESSAGE: (Processor-header file mismatch.  Verify selected processor.)
                      00540         LIST
                      00003 
  00000020            00004 valor equ h'20'
  00000021            00005 valor1 equ h'21'
  00000022            00006 valor2 equ h'22'
  00000031            00007 auxiliar equ h'31'
  00000040            00008 parteBaja equ h'40'
Warning[205]: Found directive in column 1. (org)
0000                  00009 org 0
0000   2805           00010   goto inicio
Warning[205]: Found directive in column 1. (org)
0005                  00011 org 5
                      00012 
                      00013 ;configuracion de los puertos y llamado
0005   0185           00014 inicio: clrf PORTA ;Se limpian los puertos
0006   0186           00015                 clrf PORTB
0007   0188           00016                 clrf PORTD
0008   1683           00017                 bsf STATUS,5 ;Nos cambiamos al banco 1
0009   1303           00018                 bcf STATUS,6
000A   3000           00019                 movlw 0x00
Message[302]: Register in operand not in bank 0.  Ensure that bank bits are correct.
000B   0086           00020                 movwf TRISB ;Asignamos al puerto B como salida
000C   3007           00021                 movlw 0x07
Message[302]: Register in operand not in bank 0.  Ensure that bank bits are correct.
000D   009F           00022                 movwf ADCON1
000E   3000           00023                 movlw 0x00
Message[302]: Register in operand not in bank 0.  Ensure that bank bits are correct.
000F   0085           00024                 movwf TRISA ;Asignamos al puerto A como salida
0010   3000           00025                 movlw H'00'
Message[302]: Register in operand not in bank 0.  Ensure that bank bits are correct.
0011   0087           00026                 movwf TRISC ;Asignamos al puerto C como salida
0012   30FF           00027                 movlw H'FF'
Message[302]: Register in operand not in bank 0.  Ensure that bank bits are correct.
0013   0088           00028                 movwf TRISD ;Asignamos al puerto D como entrada
0014   30FF           00029                 movlw H'FF'
Message[302]: Register in operand not in bank 0.  Ensure that bank bits are correct.
0015   0089           00030                 movwf TRISE ;Asignamos al puerto D como entrada
0016   1283           00031                 bcf STATUS,5 ;Regresamos al banco 0
0017   21FA           00032                 call inicia_lcd; Se inicia el LCD 
0018   3080           00033                 movlw 0x80 ;Se posiciona el cursor en el primer renglón y en la posicion 0
MPASM  5.51                        PRUEBA.ASM   4-25-2023  21:19:19         PAGE  2


LOC  OBJECT CODE     LINE SOURCE TEXT
  VALUE

0019   2204           00034                 call comando
001A   2255           00035                 call ret100ms
                      00036 
001B   0809           00037 EntradaTeclado: movf PORTE,W
001C   3A00           00038                                 xorlw b'0000' ;Se realiza un XOR para ver si auxiliar es igual al valor 
                            binario indicado
001D   1903           00039                                 btfsc STATUS,Z ;Si no brinca es porque son iguales ambos valores
001E   2030           00040                                 call nombres ;Se manda a llamar a la subrutina del caso 00(Nombres)
001F   0809           00041                                 movf PORTE,W ;Se mueve lo que está en entrada a W
0020   3A01           00042                                 xorlw b'0001' ;Se realiza un XOR para ver si auxiliar es igual al valor 
                            binario indicado
0021   1903           00043                                 btfsc STATUS,Z ;Si no brinca es porque son iguales ambos valores
0022   214F           00044                                 call decimal ;Se manda a llamar a la subrutina del caso 01(Decimal)
0023   0809           00045                                 movf PORTE,W ;Se mueve lo que está en auxiliar a W
0024   3A02           00046                                 xorlw b'0010' ;Se realiza un XOR para ver si auxiliar es igual al valor 
                            binario indicado
0025   1903           00047                                 btfsc STATUS,Z ;Si no brinca es porque son iguales ambos valores
0026   2119           00048                                 call hexadecimal ;Se manda a llamar a la subrutina del caso 02(Hexadecim
                            al)
0027   0809           00049                                 movf PORTE,W ;Se mueve lo que está en auxiliar a W
0028   3A03           00050                                 xorlw b'0011' ;Se realiza un XOR para ver si auxiliar es igual al valor 
                            binario indicado
0029   1903           00051                                 btfsc STATUS,Z ;Si no brinca es porque son iguales ambos valores
002A   205A           00052                                 call binario ;Se manda a llamar a la subrutina del caso 03(Binario)
002B   0809           00053                                 movf PORTE,W ;Se mueve lo que está en auxiliar a W
002C   3A04           00054                                 xorlw b'0100' ;Se realiza un XOR para ver si auxiliar es igual al valor 
                            binario indicado
002D   1903           00055                                 btfsc STATUS,Z ;Si no brinca es porque son iguales ambos valores
002E   2086           00056                                 call caracteres ;Se manda a llamar a la subrutina del caso 04(Caracteres
                             especiales)
002F   2805           00057                                 goto inicio
                      00058 
0030   3045           00059 nombres:        movlw a'E'
0031   220B           00060                         call datos
0032   3052           00061                         movlw a'R'
0033   220B           00062                         call datos
0034   3049           00063                         movlw a'I'
0035   220B           00064                         call datos
0036   304B           00065                         movlw a'K'
0037   220B           00066                         call datos
0038   3020           00067                         movlw a' '
0039   220B           00068                         call datos
003A   3041           00069                         movlw a'A'
003B   220B           00070                         call datos
003C   3052           00071                         movlw a'R'
003D   220B           00072                         call datos
003E   3045           00073                         movlw a'E'
003F   220B           00074                         call datos
0040   304C           00075                         movlw a'L'
0041   220B           00076                         call datos
0042   3059           00077                         movlw a'Y'
0043   220B           00078                         call datos
0044   3020           00079                         movlw a' '
MPASM  5.51                        PRUEBA.ASM   4-25-2023  21:19:19         PAGE  3


LOC  OBJECT CODE     LINE SOURCE TEXT
  VALUE

0045   220B           00080                         call datos
0046   304B           00081                         movlw a'K'
0047   220B           00082                         call datos
0048   3041           00083                         movlw a'A'
0049   220B           00084                         call datos
004A   3052           00085                         movlw a'R'
004B   220B           00086                         call datos
004C   304C           00087                         movlw a'L'
004D   220B           00088                         call datos
004E   3041           00089                         movlw a'A'
004F   220B           00090                         call datos
0050   30C0           00091                         movlw 0xC0 ;Salto al segundo renglon en la posición 0
0051   2204           00092                         call comando
0052   2255           00093                         call ret100ms
0053   3020           00094                         movlw a' '
0054   220B           00095                         call datos
0055   3020           00096                         movlw a' '
0056   220B           00097                         call datos
0057   3020           00098                         movlw a' '
0058   220B           00099                         call datos
0059   0008           00100                         return
                      00101 
005A   223A           00102 binario:        call bit7_cero
005B   2252           00103                         call bit7_uno
005C   2237           00104                         call bit6_cero
005D   224F           00105                         call bit6_uno
005E   2234           00106                         call bit5_cero
005F   224C           00107                         call bit5_uno
0060   2231           00108                         call bit4_cero
0061   2249           00109                         call bit4_uno
0062   222E           00110                         call bit3_cero
0063   2246           00111                         call bit3_uno
0064   222B           00112                         call bit2_cero
0065   2243           00113                         call bit2_uno
0066   2228           00114                         call bit1_cero
0067   2240           00115                         call bit1_uno
0068   2225           00116                         call bit0_cero
0069   223D           00117                         call bit0_uno
006A   3020           00118                         movlw a' '
006B   220B           00119                         call datos
006C   3020           00120                         movlw a' '
006D   220B           00121                         call datos
006E   3020           00122                         movlw a' '
006F   220B           00123                         call datos
0070   3020           00124                         movlw a' '
0071   220B           00125                         call datos
0072   3020           00126                         movlw a' '
0073   220B           00127                         call datos
0074   3020           00128                         movlw a' '
0075   220B           00129                         call datos
0076   3020           00130                         movlw a' '
0077   220B           00131                         call datos
0078   3020           00132                         movlw a' '
MPASM  5.51                        PRUEBA.ASM   4-25-2023  21:19:19         PAGE  4


LOC  OBJECT CODE     LINE SOURCE TEXT
  VALUE

0079   220B           00133                         call datos
007A   3020           00134                         movlw a' '
007B   220B           00135                         call datos
007C   30C0           00136                         movlw 0xC0 ;Salto al segundo renglon en la posición 0
007D   2204           00137                         call comando
007E   2255           00138                         call ret100ms
007F   3020           00139                         movlw a' '
0080   220B           00140                         call datos
0081   3020           00141                         movlw a' '
0082   220B           00142                         call datos
0083   3020           00143                         movlw a' '
0084   220B           00144                         call datos
0085   0008           00145                         return
                      00146                         ;goto inicio
                      00147 
0086                  00148 caracteres:
Warning[203]: Found opcode in column 1. (movlw)
0086   3040           00149 movlw 0x40 ;Permite crear los caracteres y almacenarlos en la CGRAM
Warning[203]: Found opcode in column 1. (call)
0087   2204           00150 call comando
Warning[203]: Found opcode in column 1. (call)
0088   2255           00151 call ret100ms   
                      00152 ;CARACTER UNO
Warning[203]: Found opcode in column 1. (movlw)
0089   3000           00153 movlw b'00000'
Warning[203]: Found opcode in column 1. (call)
008A   220B           00154 call datos
Warning[203]: Found opcode in column 1. (movlw)
008B   3001           00155 movlw b'00001'
Warning[203]: Found opcode in column 1. (call)
008C   220B           00156 call datos
Warning[203]: Found opcode in column 1. (movlw)
008D   3003           00157 movlw b'00011'
Warning[203]: Found opcode in column 1. (call)
008E   220B           00158 call datos
Warning[203]: Found opcode in column 1. (movlw)
008F   3007           00159 movlw b'00111'
Warning[203]: Found opcode in column 1. (call)
0090   220B           00160 call datos
Warning[203]: Found opcode in column 1. (movlw)
0091   3009           00161 movlw b'01001'
Warning[203]: Found opcode in column 1. (call)
0092   220B           00162 call datos
Warning[203]: Found opcode in column 1. (movlw)
0093   3009           00163 movlw b'01001'
Warning[203]: Found opcode in column 1. (call)
0094   220B           00164 call datos
Warning[203]: Found opcode in column 1. (movlw)
0095   3009           00165 movlw b'01001'
Warning[203]: Found opcode in column 1. (call)
0096   220B           00166 call datos
Warning[203]: Found opcode in column 1. (movlw)
0097   300B           00167 movlw b'01011'
MPASM  5.51                        PRUEBA.ASM   4-25-2023  21:19:19         PAGE  5


LOC  OBJECT CODE     LINE SOURCE TEXT
  VALUE

Warning[203]: Found opcode in column 1. (call)
0098   220B           00168 call datos
                      00169 
                      00170 ;CARACTER DOS
Warning[203]: Found opcode in column 1. (movlw)
0099   300E           00171 movlw b'01110'
Warning[203]: Found opcode in column 1. (call)
009A   220B           00172 call datos
Warning[203]: Found opcode in column 1. (movlw)
009B   301F           00173 movlw b'11111'
Warning[203]: Found opcode in column 1. (call)
009C   220B           00174 call datos
Warning[203]: Found opcode in column 1. (movlw)
009D   3011           00175 movlw b'10001'
Warning[203]: Found opcode in column 1. (call)
009E   220B           00176 call datos
Warning[203]: Found opcode in column 1. (movlw)
009F   3000           00177 movlw b'00000'
Warning[203]: Found opcode in column 1. (call)
00A0   220B           00178 call datos
Warning[203]: Found opcode in column 1. (movlw)
00A1   3000           00179 movlw b'00000'
Warning[203]: Found opcode in column 1. (call)
00A2   220B           00180 call datos
Warning[203]: Found opcode in column 1. (movlw)
00A3   3011           00181 movlw b'10001'
Warning[203]: Found opcode in column 1. (call)
00A4   220B           00182 call datos
Warning[203]: Found opcode in column 1. (movlw)
00A5   301F           00183 movlw b'11111'
Warning[203]: Found opcode in column 1. (call)
00A6   220B           00184 call datos
Warning[203]: Found opcode in column 1. (movlw)
00A7   301F           00185 movlw b'11111'
Warning[203]: Found opcode in column 1. (call)
00A8   220B           00186 call datos
                      00187 
                      00188 ;CARACTER TRES
Warning[203]: Found opcode in column 1. (movlw)
00A9   3000           00189 movlw b'00000'
Warning[203]: Found opcode in column 1. (call)
00AA   220B           00190 call datos
Warning[203]: Found opcode in column 1. (movlw)
00AB   3010           00191 movlw b'10000'
Warning[203]: Found opcode in column 1. (call)
00AC   220B           00192 call datos
Warning[203]: Found opcode in column 1. (movlw)
00AD   3018           00193 movlw b'11000'
Warning[203]: Found opcode in column 1. (call)
00AE   220B           00194 call datos
Warning[203]: Found opcode in column 1. (movlw)
00AF   301C           00195 movlw b'11100'
Warning[203]: Found opcode in column 1. (call)
MPASM  5.51                        PRUEBA.ASM   4-25-2023  21:19:19         PAGE  6


LOC  OBJECT CODE     LINE SOURCE TEXT
  VALUE

00B0   220B           00196 call datos
Warning[203]: Found opcode in column 1. (movlw)
00B1   3012           00197 movlw b'10010'
Warning[203]: Found opcode in column 1. (call)
00B2   220B           00198 call datos
Warning[203]: Found opcode in column 1. (movlw)
00B3   3012           00199 movlw b'10010'
Warning[203]: Found opcode in column 1. (call)
00B4   220B           00200 call datos
Warning[203]: Found opcode in column 1. (movlw)
00B5   3012           00201 movlw b'10010'
Warning[203]: Found opcode in column 1. (call)
00B6   220B           00202 call datos
Warning[203]: Found opcode in column 1. (movlw)
00B7   301A           00203 movlw b'11010'
Warning[203]: Found opcode in column 1. (call)
00B8   220B           00204 call datos
                      00205 
                      00206 ;CARACTER CUATRO
Warning[203]: Found opcode in column 1. (movlw)
00B9   300F           00207 movlw b'01111'
Warning[203]: Found opcode in column 1. (call)
00BA   220B           00208 call datos
Warning[203]: Found opcode in column 1. (movlw)
00BB   3007           00209 movlw b'00111'
Warning[203]: Found opcode in column 1. (call)
00BC   220B           00210 call datos
Warning[203]: Found opcode in column 1. (movlw)
00BD   3002           00211 movlw b'00010'
Warning[203]: Found opcode in column 1. (call)
00BE   220B           00212 call datos
Warning[203]: Found opcode in column 1. (movlw)
00BF   3002           00213 movlw b'00010'
Warning[203]: Found opcode in column 1. (call)
00C0   220B           00214 call datos
Warning[203]: Found opcode in column 1. (movlw)
00C1   3002           00215 movlw b'00010'
Warning[203]: Found opcode in column 1. (call)
00C2   220B           00216 call datos
Warning[203]: Found opcode in column 1. (movlw)
00C3   3003           00217 movlw b'00011'
Warning[203]: Found opcode in column 1. (call)
00C4   220B           00218 call datos
Warning[203]: Found opcode in column 1. (movlw)
00C5   3000           00219 movlw b'00000'
Warning[203]: Found opcode in column 1. (call)
00C6   220B           00220 call datos
Warning[203]: Found opcode in column 1. (movlw)
00C7   3000           00221 movlw b'00000'
Warning[203]: Found opcode in column 1. (call)
00C8   220B           00222 call datos
                      00223 
                      00224 ;CARACTER CINCO
MPASM  5.51                        PRUEBA.ASM   4-25-2023  21:19:19         PAGE  7


LOC  OBJECT CODE     LINE SOURCE TEXT
  VALUE

Warning[203]: Found opcode in column 1. (movlw)
00C9   301F           00225 movlw b'11111'
Warning[203]: Found opcode in column 1. (call)
00CA   220B           00226 call datos
Warning[203]: Found opcode in column 1. (movlw)
00CB   301F           00227 movlw b'11111'
Warning[203]: Found opcode in column 1. (call)
00CC   220B           00228 call datos
Warning[203]: Found opcode in column 1. (movlw)
00CD   300A           00229 movlw b'01010'
Warning[203]: Found opcode in column 1. (call)
00CE   220B           00230 call datos
Warning[203]: Found opcode in column 1. (movlw)
00CF   300A           00231 movlw b'01010'
Warning[203]: Found opcode in column 1. (call)
00D0   220B           00232 call datos
Warning[203]: Found opcode in column 1. (movlw)
00D1   3000           00233 movlw b'00000'
Warning[203]: Found opcode in column 1. (call)
00D2   220B           00234 call datos
Warning[203]: Found opcode in column 1. (movlw)
00D3   3000           00235 movlw b'00000'
Warning[203]: Found opcode in column 1. (call)
00D4   220B           00236 call datos
Warning[203]: Found opcode in column 1. (movlw)
00D5   301F           00237 movlw b'11111'
Warning[203]: Found opcode in column 1. (call)
00D6   220B           00238 call datos
Warning[203]: Found opcode in column 1. (movlw)
00D7   3000           00239 movlw b'00000'
Warning[203]: Found opcode in column 1. (call)
00D8   220B           00240 call datos
                      00241 
                      00242 ;CARACTER SEIS
Warning[203]: Found opcode in column 1. (movlw)
00D9   301E           00243 movlw b'11110'
Warning[203]: Found opcode in column 1. (call)
00DA   220B           00244 call datos
Warning[203]: Found opcode in column 1. (movlw)
00DB   301C           00245 movlw b'11100'
Warning[203]: Found opcode in column 1. (call)
00DC   220B           00246 call datos
Warning[203]: Found opcode in column 1. (movlw)
00DD   3008           00247 movlw b'01000'
Warning[203]: Found opcode in column 1. (call)
00DE   220B           00248 call datos
Warning[203]: Found opcode in column 1. (movlw)
00DF   3008           00249 movlw b'01000'
Warning[203]: Found opcode in column 1. (call)
00E0   220B           00250 call datos
Warning[203]: Found opcode in column 1. (movlw)
00E1   3008           00251 movlw b'01000'
Warning[203]: Found opcode in column 1. (call)
MPASM  5.51                        PRUEBA.ASM   4-25-2023  21:19:19         PAGE  8


LOC  OBJECT CODE     LINE SOURCE TEXT
  VALUE

00E2   220B           00252 call datos
Warning[203]: Found opcode in column 1. (movlw)
00E3   3018           00253 movlw b'11000'
Warning[203]: Found opcode in column 1. (call)
00E4   220B           00254 call datos
Warning[203]: Found opcode in column 1. (movlw)
00E5   3000           00255 movlw b'00000'
Warning[203]: Found opcode in column 1. (call)
00E6   220B           00256 call datos
Warning[203]: Found opcode in column 1. (movlw)
00E7   3000           00257 movlw b'00000'
Warning[203]: Found opcode in column 1. (call)
00E8   220B           00258 call datos
                      00259 
                      00260 
                      00261 
Warning[203]: Found opcode in column 1. (movlw)
00E9   3080           00262 movlw 0x80 ;Posiciona el cursor en la primera posicion dell primer renglón
Warning[203]: Found opcode in column 1. (call)
00EA   2204           00263 call comando
Warning[203]: Found opcode in column 1. (call)
00EB   2255           00264 call ret100ms
                      00265 
                      00266 ;Se imprimen los carácteres del primer renglón
Warning[203]: Found opcode in column 1. (movlw)
00EC   3000           00267 movlw 0x00
Warning[203]: Found opcode in column 1. (call)
00ED   220B           00268 call datos
Warning[203]: Found opcode in column 1. (movlw)
00EE   3001           00269 movlw 0x01
Warning[203]: Found opcode in column 1. (call)
00EF   220B           00270 call datos
Warning[203]: Found opcode in column 1. (movlw)
00F0   3002           00271 movlw 0x02
Warning[203]: Found opcode in column 1. (call)
00F1   220B           00272 call datos
Warning[203]: Found opcode in column 1. (movlw)
00F2   3020           00273 movlw a' ' 
Warning[203]: Found opcode in column 1. (call)
00F3   220B           00274 call datos
Warning[203]: Found opcode in column 1. (movlw)
00F4   3020           00275 movlw a' ' 
Warning[203]: Found opcode in column 1. (call)
00F5   220B           00276 call datos
Warning[203]: Found opcode in column 1. (movlw)
00F6   3020           00277 movlw a' ' 
Warning[203]: Found opcode in column 1. (call)
00F7   220B           00278 call datos
Warning[203]: Found opcode in column 1. (movlw)
00F8   3020           00279 movlw a' ' 
Warning[203]: Found opcode in column 1. (call)
00F9   220B           00280 call datos
Warning[203]: Found opcode in column 1. (movlw)
MPASM  5.51                        PRUEBA.ASM   4-25-2023  21:19:19         PAGE  9


LOC  OBJECT CODE     LINE SOURCE TEXT
  VALUE

00FA   3020           00281 movlw a' ' 
Warning[203]: Found opcode in column 1. (call)
00FB   220B           00282 call datos
Warning[203]: Found opcode in column 1. (movlw)
00FC   3020           00283 movlw a' ' 
Warning[203]: Found opcode in column 1. (call)
00FD   220B           00284 call datos
Warning[203]: Found opcode in column 1. (movlw)
00FE   3020           00285 movlw a' ' 
Warning[203]: Found opcode in column 1. (call)
00FF   220B           00286 call datos
Warning[203]: Found opcode in column 1. (movlw)
0100   3020           00287 movlw a' ' 
Warning[203]: Found opcode in column 1. (call)
0101   220B           00288 call datos
Warning[203]: Found opcode in column 1. (movlw)
0102   3020           00289 movlw a' ' 
Warning[203]: Found opcode in column 1. (call)
0103   220B           00290 call datos
Warning[203]: Found opcode in column 1. (movlw)
0104   3020           00291 movlw a' ' 
Warning[203]: Found opcode in column 1. (call)
0105   220B           00292 call datos
Warning[203]: Found opcode in column 1. (movlw)
0106   3020           00293 movlw a' ' 
Warning[203]: Found opcode in column 1. (call)
0107   220B           00294 call datos
Warning[203]: Found opcode in column 1. (movlw)
0108   3020           00295 movlw a' ' 
Warning[203]: Found opcode in column 1. (call)
0109   220B           00296 call datos
Warning[203]: Found opcode in column 1. (movlw)
010A   3020           00297 movlw a' ' 
Warning[203]: Found opcode in column 1. (call)
010B   220B           00298 call datos
                      00299 
                      00300 
Warning[203]: Found opcode in column 1. (movlw)
010C   30C0           00301 movlw 0xC0 ;Salto al segundo renglon en la posición 0
Warning[203]: Found opcode in column 1. (call)
010D   2204           00302 call comando
Warning[203]: Found opcode in column 1. (call)
010E   2255           00303 call ret100ms
                      00304 
                      00305 ;Comando que permite confirmar que se esta haciendo uso del segundo renglón
Warning[203]: Found opcode in column 1. (movlw)
010F   3038           00306 movlw 0x38
Warning[203]: Found opcode in column 1. (call)
0110   2204           00307 call comando
Warning[203]: Found opcode in column 1. (call)
0111   2255           00308 call ret100ms
                      00309 
                      00310 ;Se imprimen los caracteres del segundo renglón
MPASM  5.51                        PRUEBA.ASM   4-25-2023  21:19:19         PAGE 10


LOC  OBJECT CODE     LINE SOURCE TEXT
  VALUE

Warning[203]: Found opcode in column 1. (movlw)
0112   3003           00311 movlw 0x03
Warning[203]: Found opcode in column 1. (call)
0113   220B           00312 call datos
Warning[203]: Found opcode in column 1. (movlw)
0114   3004           00313 movlw 0x04
Warning[203]: Found opcode in column 1. (call)
0115   220B           00314 call datos
Warning[203]: Found opcode in column 1. (movlw)
0116   3005           00315 movlw 0x05
Warning[203]: Found opcode in column 1. (call)
0117   220B           00316 call datos
Warning[203]: Found opcode in column 1. (return)
0118   0008           00317 return
0119   0808           00318 hexadecimal:    movf PORTD,W ;Mueve lo que hay en el puerto D a W
011A   00B1           00319                                 movwf auxiliar ;Se mueve lo que está en W a auxiliar
011B   0831           00320                                 movf auxiliar,W ;Se mueve lo que está en W a auxiliar (paso opcional)
011C   390F           00321                                 andlw b'00001111' ;Se ponen en ceros los 4 bits más significativos
011D   00C0           00322                                 movwf parteBaja ;Se mueve lo que está en W a parteBaja
011E   0831           00323                                 movf auxiliar,W ;Se mueve lo que está en auxiliar a W
011F   39F0           00324                                 andlw b'11110000' ;Se ponen en ceros los 4 bits menos significativos
0120   00B1           00325                                 movwf auxiliar ;Se mueve el valor de W a auxiliar
0121   0CB1           00326                                 RRF auxiliar,1 ;Corrimiento de 1 bit hacia la derecha de auxiliar
0122   0CB1           00327                                 RRF auxiliar,1 ;Corrimiento de 1 bit hacia la derecha de auxiliar
0123   0CB1           00328                                 RRF auxiliar,1 ;Corrimiento de 1 bit hacia la derecha de auxiliar
0124   0CB1           00329                                 RRF auxiliar,1 ;Corrimiento de 1 bit hacia la derecha de auxiliar
0125   2179           00330                                 call Comparacion ;Se realiza la comparación
0126   0840           00331                                 movf parteBaja,W ;Se almacena en W lo que está en parteBaja
0127   00B1           00332                                 movwf auxiliar ;Se almacena lo que está en W en auxiliar
0128   2179           00333                                 call Comparacion ;Se realiza la comparación
0129   3020           00334                                 movlw a' ' 
012A   220B           00335                                 call datos
012B   3020           00336                                 movlw a' ' 
012C   220B           00337                                 call datos
012D   3020           00338                                 movlw a' ' 
012E   220B           00339                                 call datos
012F   3020           00340                                 movlw a' ' 
0130   220B           00341                                 call datos
0131   3020           00342                                 movlw a' ' 
0132   220B           00343                                 call datos
0133   3020           00344                                 movlw a' ' 
0134   220B           00345                                 call datos
0135   3020           00346                                 movlw a' ' 
0136   220B           00347                                 call datos
0137   3020           00348                                 movlw a' ' 
0138   220B           00349                                 call datos
0139   3020           00350                                 movlw a' ' 
013A   220B           00351                                 call datos
013B   3020           00352                                 movlw a' ' 
013C   220B           00353                                 call datos
013D   3020           00354                                 movlw a' ' 
013E   220B           00355                                 call datos
013F   3020           00356                                 movlw a' ' 
MPASM  5.51                        PRUEBA.ASM   4-25-2023  21:19:19         PAGE 11


LOC  OBJECT CODE     LINE SOURCE TEXT
  VALUE

0140   220B           00357                                 call datos
0141   3020           00358                                 movlw a' ' 
0142   220B           00359                                 call datos
0143   3020           00360                                 movlw a' ' 
0144   220B           00361                                 call datos
0145   30C0           00362                                 movlw 0xC0 ;Salto al segundo renglon en la posición 0
0146   2204           00363                                 call comando
0147   2255           00364                                 call ret100ms
0148   3020           00365                                 movlw a' '
0149   220B           00366                                 call datos
014A   3020           00367                                 movlw a' '
014B   220B           00368                                 call datos
014C   3020           00369                                 movlw a' '
014D   220B           00370                                 call datos
014E   0008           00371                                 return
014F   3030           00372 decimal:                movlw a'0' 
0150   220B           00373                                 call datos
0151   3030           00374                                 movlw a'0' 
0152   220B           00375                                 call datos
0153   3030           00376                                 movlw a'0' 
0154   220B           00377                                 call datos
0155   3020           00378                                 movlw a' ' 
0156   220B           00379                                 call datos
0157   3020           00380                                 movlw a' ' 
0158   220B           00381                                 call datos
0159   3020           00382                                 movlw a' ' 
015A   220B           00383                                 call datos
015B   3020           00384                                 movlw a' ' 
015C   220B           00385                                 call datos
015D   3020           00386                                 movlw a' ' 
015E   220B           00387                                 call datos
015F   3020           00388                                 movlw a' ' 
0160   220B           00389                                 call datos
0161   3020           00390                                 movlw a' ' 
0162   220B           00391                                 call datos
0163   3020           00392                                 movlw a' ' 
0164   220B           00393                                 call datos
0165   3020           00394                                 movlw a' ' 
0166   220B           00395                                 call datos
0167   3020           00396                                 movlw a' ' 
0168   220B           00397                                 call datos
0169   3020           00398                                 movlw a' ' 
016A   220B           00399                                 call datos
016B   3020           00400                                 movlw a' ' 
016C   220B           00401                                 call datos
016D   3020           00402                                 movlw a' ' 
016E   220B           00403                                 call datos
016F   30C0           00404                                 movlw 0xC0 ;Salto al segundo renglon en la posición 0
0170   2204           00405                                 call comando
0171   2255           00406                                 call ret100ms
0172   3020           00407                                 movlw a' '
0173   220B           00408                                 call datos
0174   3020           00409                                 movlw a' '
MPASM  5.51                        PRUEBA.ASM   4-25-2023  21:19:19         PAGE 12


LOC  OBJECT CODE     LINE SOURCE TEXT
  VALUE

0175   220B           00410                                 call datos
0176   3020           00411                                 movlw a' '
0177   220B           00412                                 call datos
0178   0008           00413                                 return
0179   0831           00414 Comparacion:    movf auxiliar,W ;Se mueve lo que está en auxiliar a W
017A   3A00           00415                                 xorlw b'00000000' ;Se realiza un XOR para ver si auxiliar es igual al va
                            lor binario indicado
017B   1903           00416                                 btfsc STATUS,Z ;Si no brinca es porque son iguales ambos valores
017C   21BA           00417                                 call caso0 ;Se manda a llamar a la subrutina del caso 0
017D   0831           00418                                 movf auxiliar,W ;Se mueve lo que está en auxiliar a W
017E   3A01           00419                                 xorlw b'00000001' ;Se realiza un XOR para ver si auxiliar es igual al va
                            lor binario indicado
017F   1903           00420                                 btfsc STATUS,Z ;Si no brinca es porque son iguales ambos valores
0180   21BE           00421                                 call caso1 ;Se manda a llamar a la subrutina del caso 1
0181   0831           00422                                 movf auxiliar,W ;Se mueve lo que está en auxiliar a W
0182   3A02           00423                                 xorlw b'00000010' ;Se realiza un XOR para ver si auxiliar es igual al va
                            lor binario indicado
0183   1903           00424                                 btfsc STATUS,Z ;Si no brinca es porque son iguales ambos valores
0184   21C2           00425                                 call caso2 ;Se manda a llamar a la subrutina del caso 2
0185   0831           00426                                 movf auxiliar,W ;Se mueve lo que está en auxiliar a W
0186   3A03           00427                                 xorlw b'00000011' ;Se realiza un XOR para ver si auxiliar es igual al va
                            lor binario indicado
0187   1903           00428                                 btfsc STATUS,Z ;Si no brinca es porque son iguales ambos valores
0188   21C6           00429                                 call caso3 ;Se manda a llamar a la subrutina del caso 3
0189   0831           00430                                 movf auxiliar,W ;Se mueve lo que está en auxiliar a W
018A   3A04           00431                                 xorlw b'00000100' ;Se realiza un XOR para ver si auxiliar es igual al va
                            lor binario indicado
018B   1903           00432                                 btfsc STATUS,Z ;Si no brinca es porque son iguales ambos valores
018C   21CA           00433                                 call caso4 ;Se manda a llamar a la subrutina del caso 4
018D   0831           00434                                 movf auxiliar,W ;Se mueve lo que está en auxiliar a W
018E   3A05           00435                                 xorlw b'00000101' ;Se realiza un XOR para ver si auxiliar es igual al va
                            lor binario indicado
018F   1903           00436                                 btfsc STATUS,Z ;Si no brinca es porque son iguales ambos valores
0190   21CE           00437                                 call caso5 ;Se manda a llamar a la subrutina del caso 5
0191   0831           00438                                 movf auxiliar,W ;Se mueve lo que está en auxiliar a W
0192   3A06           00439                                 xorlw b'00000110' ;Se realiza un XOR para ver si auxiliar es igual al va
                            lor binario indicado
0193   1903           00440                                 btfsc STATUS,Z ;Si no brinca es porque son iguales ambos valores
0194   21D2           00441                                 call caso6 ;Se manda a llamar a la subrutina del caso 6
0195   0831           00442                                 movf auxiliar,W ;Se mueve lo que está en auxiliar a W
0196   3A07           00443                                 xorlw b'00000111' ;Se realiza un XOR para ver si auxiliar es igual al va
                            lor binario indicado
0197   1903           00444                                 btfsc STATUS,Z ;Si no brinca es porque son iguales ambos valores
0198   21D6           00445                                 call caso7 ;Se manda a llamar a la subrutina del caso 7
0199   0831           00446                                 movf auxiliar,W ;Se mueve lo que está en auxiliar a W
019A   3A08           00447                                 xorlw b'00001000' ;Se realiza un XOR para ver si auxiliar es igual al va
                            lor binario indicado
019B   1903           00448                                 btfsc STATUS,Z ;Si no brinca es porque son iguales ambos valores
019C   21DA           00449                                 call caso8 ;Se manda a llamar a la subrutina del caso 8
019D   0831           00450                                 movf auxiliar,W ;Se mueve lo que está en auxiliar a W
019E   3A09           00451                                 xorlw b'00001001' ;Se realiza un XOR para ver si auxiliar es igual al va
                            lor binario indicado
019F   1903           00452                                 btfsc STATUS,Z ;Si no brinca es porque son iguales ambos valores
MPASM  5.51                        PRUEBA.ASM   4-25-2023  21:19:19         PAGE 13


LOC  OBJECT CODE     LINE SOURCE TEXT
  VALUE

01A0   21DE           00453                                 call caso9 ;Se manda a llamar a la subrutina del caso 9
01A1   0831           00454                                 movf auxiliar,W ;Se mueve lo que está en auxiliar a W
01A2   3A0A           00455                                 xorlw b'00001010' ;Se realiza un XOR para ver si auxiliar es igual al va
                            lor binario indicado
01A3   1903           00456                                 btfsc STATUS,Z ;Si no brinca es porque son iguales ambos valores
01A4   21E2           00457                                 call casoA ;Se manda a llamar a la subrutina del caso A
01A5   0831           00458                                 movf auxiliar,W ;Se mueve lo que está en auxiliar a W
01A6   3A0B           00459                                 xorlw b'00001011' ;Se realiza un XOR para ver si auxiliar es igual al va
                            lor binario indicado
01A7   1903           00460                                 btfsc STATUS,Z ;Si no brinca es porque son iguales ambos valores
01A8   21E6           00461                                 call casoB ;Se manda a llamar a la subrutina del caso B
01A9   0831           00462                                 movf auxiliar,W ;Se mueve lo que está en auxiliar a W
01AA   3A0C           00463                                 xorlw b'00001100' ;Se realiza un XOR para ver si auxiliar es igual al va
                            lor binario indicado
01AB   1903           00464                                 btfsc STATUS,Z ;Si no brinca es porque son iguales ambos valores
01AC   21EA           00465                                 call casoC ;Se manda a llamar a la subrutina del caso C
01AD   0831           00466                                 movf auxiliar,W ;Se mueve lo que está en auxiliar a W
01AE   3A0D           00467                                 xorlw b'00001101' ;Se realiza un XOR para ver si auxiliar es igual al va
                            lor binario indicado
01AF   1903           00468                                 btfsc STATUS,Z ;Si no brinca es porque son iguales ambos valores
01B0   21EE           00469                                 call casoD ;Se manda a llamar a la subrutina del caso D
01B1   0831           00470                                 movf auxiliar,W ;Se mueve lo que está en auxiliar a W
01B2   3A0E           00471                                 xorlw b'00001110' ;Se realiza un XOR para ver si auxiliar es igual al va
                            lor binario indicado
01B3   1903           00472                                 btfsc STATUS,Z ;Si no brinca es porque son iguales ambos valores
01B4   21F2           00473                                 call casoE ;Se manda a llamar a la subrutina del caso E
01B5   0831           00474                                 movf auxiliar,W ;Se mueve lo que está en auxiliar a W
01B6   3A0F           00475                                 xorlw b'00001111' ;Se realiza un XOR para ver si auxiliar es igual al va
                            lor binario indicado
01B7   1903           00476                                 btfsc STATUS,Z ;Si no brinca es porque son iguales ambos valores
01B8   21F6           00477                                 call casoF
01B9   0008           00478                                 return
01BA   3030           00479 caso0:  movlw a'0' ;Se pasa a W el caracter en ASCII de '0'
01BB   220B           00480                 call datos ;Se manda a llamar a la subrutina datos para imprimir
01BC   3000           00481                 movlw 0x00 ;Se pasa a W un 0x00 para limpiar el registro
01BD   0008           00482                 return
01BE   3031           00483 caso1:  movlw a'1' ;Se pasa a W el caracter en ASCII de '1'
01BF   220B           00484                 call datos ;Se manda a llamar a la subrutina datos para imprimir
01C0   3000           00485                 movlw 0x00 ;Se pasa a W un 0x00 para limpiar el registro
01C1   0008           00486                 return
01C2   3032           00487 caso2:  movlw a'2' ;Se pasa a W el caracter en ASCII de '2'
01C3   220B           00488                 call datos ;Se manda a llamar a la subrutina datos para imprimir
01C4   3000           00489                 movlw 0x00 ;Se pasa a W un 0x00 para limpiar el registro
01C5   0008           00490                 return
01C6   3033           00491 caso3:  movlw a'3' ;Se pasa a W el caracter en ASCII de '3'
01C7   220B           00492                 call datos ;Se manda a llamar a la subrutina datos para imprimir
01C8   3000           00493                 movlw 0x00 ;Se pasa a W un 0x00 para limpiar el registro
01C9   0008           00494                 return
01CA   3034           00495 caso4:  movlw a'4' ;Se pasa a W el caracter en ASCII de '4'
01CB   220B           00496                 call datos ;Se manda a llamar a la subrutina datos para imprimir
01CC   3000           00497                 movlw 0x00 ;Se pasa a W un 0x00 para limpiar el registro
01CD   0008           00498                 return
01CE   3035           00499 caso5:  movlw a'5' ;Se pasa a W el caracter en ASCII de '5'
MPASM  5.51                        PRUEBA.ASM   4-25-2023  21:19:19         PAGE 14


LOC  OBJECT CODE     LINE SOURCE TEXT
  VALUE

01CF   220B           00500                 call datos ;Se manda a llamar a la subrutina datos para imprimir
01D0   3000           00501                 movlw 0x00 ;Se pasa a W un 0x00 para limpiar el registro
01D1   0008           00502                 return
01D2   3036           00503 caso6:  movlw a'6' ;Se pasa a W el caracter en ASCII de '6'
01D3   220B           00504                 call datos ;Se manda a llamar a la subrutina datos para imprimir
01D4   3000           00505                 movlw 0x00 ;Se pasa a W un 0x00 para limpiar el registro
01D5   0008           00506                 return
01D6   3037           00507 caso7:  movlw a'7' ;Se pasa a W el caracter en ASCII de '7'
01D7   220B           00508                 call datos ;Se manda a llamar a la subrutina datos para imprimir
01D8   3000           00509                 movlw 0x00 ;Se pasa a W un 0x00 para limpiar el registro
01D9   0008           00510                 return
01DA   3038           00511 caso8:  movlw a'8' ;Se pasa a W el caracter en ASCII de '8'
01DB   220B           00512                 call datos ;Se manda a llamar a la subrutina datos para imprimir
01DC   3000           00513                 movlw 0x00 ;Se pasa a W un 0x00 para limpiar el registro
01DD   0008           00514                 return
01DE   3039           00515 caso9:  movlw a'9' ;Se pasa a W el caracter en ASCII de '9'
01DF   220B           00516                 call datos ;Se manda a llamar a la subrutina datos para imprimir
01E0   3000           00517                 movlw 0x00 ;Se pasa a W un 0x00 para limpiar el registro
01E1   0008           00518                 return
01E2   3041           00519 casoA:  movlw a'A' ;Se pasa a W el caracter en ASCII de 'A'
01E3   220B           00520                 call datos ;Se manda a llamar a la subrutina datos para imprimir
01E4   3000           00521                 movlw 0x00 ;Se pasa a W un 0x00 para limpiar el registro
01E5   0008           00522                 return
01E6   3042           00523 casoB:  movlw a'B' ;Se pasa a W el caracter en ASCII de 'B'
01E7   220B           00524                 call datos ;Se manda a llamar a la subrutina datos para imprimir
01E8   3000           00525                 movlw 0x00 ;Se pasa a W un 0x00 para limpiar el registro
01E9   0008           00526                 return
01EA   3043           00527 casoC:  movlw a'C' ;Se pasa a W el caracter en ASCII de 'C'
01EB   220B           00528                 call datos ;Se manda a llamar a la subrutina datos para imprimir
01EC   3000           00529                 movlw 0x00 ;Se pasa a W un 0x00 para limpiar el registro
01ED   0008           00530                 return
01EE   3044           00531 casoD:  movlw a'D' ;Se pasa a W el caracter en ASCII de 'D'
01EF   220B           00532                 call datos ;Se manda a llamar a la subrutina datos para imprimir
01F0   3000           00533                 movlw 0x00 ;Se pasa a W un 0x00 para limpiar el registro
01F1   0008           00534                 return
01F2   3045           00535 casoE:  movlw a'E' ;Se pasa a W el caracter en ASCII de 'E'
01F3   220B           00536                 call datos ;Se manda a llamar a la subrutina datos para imprimir
01F4   3000           00537                 movlw 0x00 ;Se pasa a W un 0x00 para limpiar el registro
01F5   0008           00538                 return
01F6   3046           00539 casoF:  movlw a'F' ;Se pasa a W el caracter en ASCII de 'F'
01F7   220B           00540                 call datos ;Se manda a llamar a la subrutina datos para imprimir
01F8   3000           00541                 movlw 0x00 ;Se pasa a W un 0x00 para limpiar el registro
01F9   0008           00542                 return
                      00543 
                      00544 
01FA                  00545 inicia_lcd:
Warning[203]: Found opcode in column 1. (movlw)
01FA   3038           00546 movlw 0x38 ;Interfaz de 8 bits, dos renglones del display y letras de 5x8
Warning[203]: Found opcode in column 1. (call)
01FB   2204           00547 call comando
Warning[203]: Found opcode in column 1. (call)
01FC   2255           00548 call ret100ms
Warning[203]: Found opcode in column 1. (movlw)
MPASM  5.51                        PRUEBA.ASM   4-25-2023  21:19:19         PAGE 15


LOC  OBJECT CODE     LINE SOURCE TEXT
  VALUE

01FD   3006           00549 movlw 0x06 ;Que no se desplace el texto 
Warning[203]: Found opcode in column 1. (call)
01FE   2204           00550 call comando
Warning[203]: Found opcode in column 1. (call)
01FF   2255           00551 call ret100ms
Warning[203]: Found opcode in column 1. (movlw)
0200   300C           00552 movlw 0x0c ;Prende el display, apaga el cursor y el parpadeo
Warning[203]: Found opcode in column 1. (call)
0201   2204           00553 call comando
Warning[203]: Found opcode in column 1. (call)
0202   2255           00554 call ret100ms
Warning[203]: Found opcode in column 1. (return)
0203   0008           00555 return
                      00556 
0204                  00557 comando:
Warning[203]: Found opcode in column 1. (movwf)
0204   0086           00558 movwf PORTB ;manda el comando al PORTB
Warning[203]: Found opcode in column 1. (call)
0205   2214           00559 call ret200ms
Warning[203]: Found opcode in column 1. (bcf)
0206   1005           00560 bcf PORTA,0 ;PONE RS EN CERO
Warning[203]: Found opcode in column 1. (bsf)
0207   1485           00561 bsf PORTA,1 ;PONE E EN UNO
Warning[203]: Found opcode in column 1. (call)
0208   2214           00562 call ret200ms
Warning[203]: Found opcode in column 1. (bcf)
0209   1085           00563 bcf PORTA,1 ;PONE E EN CERO
Warning[203]: Found opcode in column 1. (return)
020A   0008           00564 return
                      00565 
020B                  00566 datos:
Warning[203]: Found opcode in column 1. (movwf)
020B   0086           00567 movwf PORTB
Warning[203]: Found opcode in column 1. (call)
020C   2214           00568 call ret200ms
Warning[203]: Found opcode in column 1. (bsf)
020D   1405           00569 bsf PORTA,0 ;pone en 1 a rs
Warning[203]: Found opcode in column 1. (bsf)
020E   1485           00570 bsf PORTA,1 ;PONE EN 1 a E
Warning[203]: Found opcode in column 1. (call)
020F   2214           00571 call ret200ms
Warning[203]: Found opcode in column 1. (bcf)
0210   1085           00572 bcf PORTA,1 ;pone en 0 a E
Warning[203]: Found opcode in column 1. (call)
0211   2214           00573 call ret200ms
Warning[203]: Found opcode in column 1. (call)
0212   2214           00574 call ret200ms
Warning[203]: Found opcode in column 1. (return)
0213   0008           00575 return 
                      00576 
0214                  00577 ret200ms:
Warning[203]: Found opcode in column 1. (movlw)
0214   3002           00578 movlw 0x02
MPASM  5.51                        PRUEBA.ASM   4-25-2023  21:19:19         PAGE 16


LOC  OBJECT CODE     LINE SOURCE TEXT
  VALUE

Warning[203]: Found opcode in column 1. (movwf)
0215   00A1           00579 movwf valor1
0216   30A4           00580 loop: movlw d'164'
Warning[203]: Found opcode in column 1. (movwf)
0217   00A0           00581 movwf valor
0218   0BA0           00582 loop1: decfsz valor,1
Warning[203]: Found opcode in column 1. (goto)
0219   2A18           00583 goto loop1
Warning[203]: Found opcode in column 1. (decfsz)
021A   0BA1           00584 decfsz valor1,1
Warning[203]: Found opcode in column 1. (goto)
021B   2A16           00585 goto loop
Warning[203]: Found opcode in column 1. (return)
021C   0008           00586 return 
                      00587 
                      00588 ;Permiten escribir uno o cero según sea el caso
021D                  00589 escribe_uno:
Warning[203]: Found opcode in column 1. (movlw)
021D   3031           00590 movlw a'1'
Warning[203]: Found opcode in column 1. (call)
021E   220B           00591 call datos
Warning[203]: Found opcode in column 1. (movlw)
021F   3000           00592 movlw 0x00
Warning[203]: Found opcode in column 1. (return)
0220   0008           00593 return
                      00594 
0221                  00595 escribe_cero:
Warning[203]: Found opcode in column 1. (movlw)
0221   3030           00596 movlw a'0'
Warning[203]: Found opcode in column 1. (call)
0222   220B           00597 call datos
Warning[203]: Found opcode in column 1. (movlw)
0223   3000           00598 movlw 0x00
Warning[203]: Found opcode in column 1. (return)
0224   0008           00599 return
                      00600 
                      00601 
                      00602 ;Se analiza el contenido bit por bit
0225                  00603 bit0_cero:
Warning[203]: Found opcode in column 1. (btfss)
0225   1C08           00604 btfss PORTD,0
Warning[203]: Found opcode in column 1. (call)
0226   2221           00605 call escribe_cero
Warning[203]: Found opcode in column 1. (return)
0227   0008           00606 return
                      00607 
0228                  00608 bit1_cero:
Warning[203]: Found opcode in column 1. (btfss)
0228   1C88           00609 btfss PORTD,1
Warning[203]: Found opcode in column 1. (call)
0229   2221           00610 call escribe_cero
Warning[203]: Found opcode in column 1. (return)
022A   0008           00611 return
MPASM  5.51                        PRUEBA.ASM   4-25-2023  21:19:19         PAGE 17


LOC  OBJECT CODE     LINE SOURCE TEXT
  VALUE

                      00612 
022B                  00613 bit2_cero:
Warning[203]: Found opcode in column 1. (btfss)
022B   1D08           00614 btfss PORTD,2
Warning[203]: Found opcode in column 1. (call)
022C   2221           00615 call escribe_cero
Warning[203]: Found opcode in column 1. (return)
022D   0008           00616 return
                      00617 
022E                  00618 bit3_cero:
Warning[203]: Found opcode in column 1. (btfss)
022E   1D88           00619 btfss PORTD,3
Warning[203]: Found opcode in column 1. (call)
022F   2221           00620 call escribe_cero
Warning[203]: Found opcode in column 1. (return)
0230   0008           00621 return
                      00622 
0231                  00623 bit4_cero:
Warning[203]: Found opcode in column 1. (btfss)
0231   1E08           00624 btfss PORTD,4
Warning[203]: Found opcode in column 1. (call)
0232   2221           00625 call escribe_cero
Warning[203]: Found opcode in column 1. (return)
0233   0008           00626 return
                      00627 
0234                  00628 bit5_cero:
Warning[203]: Found opcode in column 1. (btfss)
0234   1E88           00629 btfss PORTD,5
Warning[203]: Found opcode in column 1. (call)
0235   2221           00630 call escribe_cero
Warning[203]: Found opcode in column 1. (return)
0236   0008           00631 return
                      00632 
0237                  00633 bit6_cero:
Warning[203]: Found opcode in column 1. (btfss)
0237   1F08           00634 btfss PORTD,6
Warning[203]: Found opcode in column 1. (call)
0238   2221           00635 call escribe_cero
Warning[203]: Found opcode in column 1. (return)
0239   0008           00636 return
                      00637 
023A                  00638 bit7_cero:
Warning[203]: Found opcode in column 1. (btfss)
023A   1F88           00639 btfss PORTD,7
Warning[203]: Found opcode in column 1. (call)
023B   2221           00640 call escribe_cero
Warning[203]: Found opcode in column 1. (return)
023C   0008           00641 return
                      00642 
                      00643 
                      00644 
023D                  00645 bit0_uno:
Warning[203]: Found opcode in column 1. (btfsc)
MPASM  5.51                        PRUEBA.ASM   4-25-2023  21:19:19         PAGE 18


LOC  OBJECT CODE     LINE SOURCE TEXT
  VALUE

023D   1808           00646 btfsc PORTD,0
Warning[203]: Found opcode in column 1. (call)
023E   221D           00647 call escribe_uno
Warning[203]: Found opcode in column 1. (return)
023F   0008           00648 return
                      00649 
0240                  00650 bit1_uno:
Warning[203]: Found opcode in column 1. (btfsc)
0240   1888           00651 btfsc PORTD,1
Warning[203]: Found opcode in column 1. (call)
0241   221D           00652 call escribe_uno
Warning[203]: Found opcode in column 1. (return)
0242   0008           00653 return
                      00654 
0243                  00655 bit2_uno:
Warning[203]: Found opcode in column 1. (btfsc)
0243   1908           00656 btfsc PORTD,2
Warning[203]: Found opcode in column 1. (call)
0244   221D           00657 call escribe_uno
Warning[203]: Found opcode in column 1. (return)
0245   0008           00658 return
                      00659 
0246                  00660 bit3_uno:
Warning[203]: Found opcode in column 1. (btfsc)
0246   1988           00661 btfsc PORTD,3
Warning[203]: Found opcode in column 1. (call)
0247   221D           00662 call escribe_uno
Warning[203]: Found opcode in column 1. (return)
0248   0008           00663 return
                      00664 
0249                  00665 bit4_uno:
Warning[203]: Found opcode in column 1. (btfsc)
0249   1A08           00666 btfsc PORTD,4
Warning[203]: Found opcode in column 1. (call)
024A   221D           00667 call escribe_uno
Warning[203]: Found opcode in column 1. (return)
024B   0008           00668 return
                      00669 
024C                  00670 bit5_uno:
Warning[203]: Found opcode in column 1. (btfsc)
024C   1A88           00671 btfsc PORTD,5
Warning[203]: Found opcode in column 1. (call)
024D   221D           00672 call escribe_uno
Warning[203]: Found opcode in column 1. (return)
024E   0008           00673 return
                      00674 
024F                  00675 bit6_uno:
Warning[203]: Found opcode in column 1. (btfsc)
024F   1B08           00676 btfsc PORTD,6
Warning[203]: Found opcode in column 1. (call)
0250   221D           00677 call escribe_uno
Warning[203]: Found opcode in column 1. (return)
0251   0008           00678 return
MPASM  5.51                        PRUEBA.ASM   4-25-2023  21:19:19         PAGE 19


LOC  OBJECT CODE     LINE SOURCE TEXT
  VALUE

                      00679 
0252                  00680 bit7_uno:
Warning[203]: Found opcode in column 1. (btfsc)
0252   1B88           00681 btfsc PORTD,7
Warning[203]: Found opcode in column 1. (call)
0253   221D           00682 call escribe_uno
Warning[203]: Found opcode in column 1. (return)
0254   0008           00683 return
                      00684 
                      00685 
0255                  00686 ret100ms:
Warning[203]: Found opcode in column 1. (movlw)
0255   3003           00687 movlw 0x03
Warning[203]: Found opcode in column 1. (movwf)
0256   00A0           00688 movwf valor
0257   30FF           00689 tres: movlw 0xFF
0258   00A1           00690       movwf valor1
0259   30FF           00691 dos:  movlw 0xFF
025A   00A2           00692       movwf valor2
Message[305]: Using default destination of 1 (file).
025B   0BA2           00693 uno:  decfsz valor2
025C   2A5B           00694       goto uno
Message[305]: Using default destination of 1 (file).
025D   0BA1           00695       decfsz valor1
025E   2A59           00696       goto dos
Message[305]: Using default destination of 1 (file).
025F   0BA0           00697       decfsz valor
0260   2A57           00698       goto tres
0261   0008           00699       return
                      00700 
Warning[205]: Found directive in column 1. (end)
                      00701 end
MPASM  5.51                        PRUEBA.ASM   4-25-2023  21:19:19         PAGE 20


SYMBOL TABLE
  LABEL                             VALUE 

ACKDT                             00000005
ACKEN                             00000004
ACKSTAT                           00000006
ADCON0                            0000001F
ADCON1                            0000009F
ADCS0                             00000006
ADCS1                             00000007
ADDEN                             00000003
ADFM                              00000007
ADIE                              00000006
ADIF                              00000006
ADON                              00000000
ADRESH                            0000001E
ADRESL                            0000009E
BCLIE                             00000003
BCLIF                             00000003
BF                                00000000
BRGH                              00000002
C                                 00000000
CCP1CON                           00000017
CCP1IE                            00000002
CCP1IF                            00000002
CCP1M0                            00000000
CCP1M1                            00000001
CCP1M2                            00000002
CCP1M3                            00000003
CCP1X                             00000005
CCP1Y                             00000004
CCP2CON                           0000001D
CCP2IE                            00000000
CCP2IF                            00000000
CCP2M0                            00000000
CCP2M1                            00000001
CCP2M2                            00000002
CCP2M3                            00000003
CCP2X                             00000005
CCP2Y                             00000004
CCPR1                             00000015
CCPR1H                            00000016
CCPR1L                            00000015
CCPR2                             0000001B
CCPR2H                            0000001C
CCPR2L                            0000001B
CHS0                              00000003
CHS1                              00000004
CHS2                              00000005
CKE                               00000006
CKP                               00000004
CREN                              00000004
CSRC                              00000007
Comparacion                       00000179
D                                 00000005
DATA_ADDRESS                      00000005
MPASM  5.51                        PRUEBA.ASM   4-25-2023  21:19:19         PAGE 21


SYMBOL TABLE
  LABEL                             VALUE 

DC                                00000001
D_A                               00000005
D_NOT_A                           00000005
EEADR                             0000010D
EEADRH                            0000010F
EECON1                            0000018C
EECON2                            0000018D
EEDATA                            0000010C
EEDATH                            0000010E
EEIE                              00000004
EEIF                              00000004
EEPGD                             00000007
EntradaTeclado                    0000001B
F                                 00000001
FERR                              00000002
FSR                               00000004
GCEN                              00000007
GIE                               00000007
GO                                00000002
GO_DONE                           00000002
GO_NOT_DONE                       00000002
I2C_DATA                          00000005
I2C_READ                          00000002
I2C_START                         00000003
I2C_STOP                          00000004
IBF                               00000007
IBOV                              00000005
INDF                              00000000
INTCON                            0000000B
INTE                              00000004
INTEDG                            00000006
INTF                              00000001
IRP                               00000007
NOT_A                             00000005
NOT_ADDRESS                       00000005
NOT_BO                            00000000
NOT_BOR                           00000000
NOT_DONE                          00000002
NOT_PD                            00000003
NOT_POR                           00000001
NOT_RBPU                          00000007
NOT_RC8                           00000006
NOT_T1SYNC                        00000002
NOT_TO                            00000004
NOT_TX8                           00000006
NOT_W                             00000002
NOT_WRITE                         00000002
OBF                               00000006
OERR                              00000001
OPTION_REG                        00000081
P                                 00000004
PCFG0                             00000000
PCFG1                             00000001
MPASM  5.51                        PRUEBA.ASM   4-25-2023  21:19:19         PAGE 22


SYMBOL TABLE
  LABEL                             VALUE 

PCFG2                             00000002
PCFG3                             00000003
PCL                               00000002
PCLATH                            0000000A
PCON                              0000008E
PEIE                              00000006
PEN                               00000002
PIE1                              0000008C
PIE2                              0000008D
PIR1                              0000000C
PIR2                              0000000D
PORTA                             00000005
PORTB                             00000006
PORTC                             00000007
PORTD                             00000008
PORTE                             00000009
PR2                               00000092
PS0                               00000000
PS1                               00000001
PS2                               00000002
PSA                               00000003
PSPIE                             00000007
PSPIF                             00000007
PSPMODE                           00000004
R                                 00000002
RA0                               00000000
RA1                               00000001
RA2                               00000002
RA3                               00000003
RA4                               00000004
RA5                               00000005
RB0                               00000000
RB1                               00000001
RB2                               00000002
RB3                               00000003
RB4                               00000004
RB5                               00000005
RB6                               00000006
RB7                               00000007
RBIE                              00000003
RBIF                              00000000
RC0                               00000000
RC1                               00000001
RC2                               00000002
RC3                               00000003
RC4                               00000004
RC5                               00000005
RC6                               00000006
RC7                               00000007
RC8_9                             00000006
RC9                               00000006
RCD8                              00000000
RCEN                              00000003
MPASM  5.51                        PRUEBA.ASM   4-25-2023  21:19:19         PAGE 23


SYMBOL TABLE
  LABEL                             VALUE 

RCIE                              00000005
RCIF                              00000005
RCREG                             0000001A
RCSTA                             00000018
RD                                00000000
RD0                               00000000
RD1                               00000001
RD2                               00000002
RD3                               00000003
RD4                               00000004
RD5                               00000005
RD6                               00000006
RD7                               00000007
RE0                               00000000
RE1                               00000001
RE2                               00000002
READ_WRITE                        00000002
RP0                               00000005
RP1                               00000006
RSEN                              00000001
RX9                               00000006
RX9D                              00000000
R_NOT_W                           00000002
R_W                               00000002
S                                 00000003
SEN                               00000000
SMP                               00000007
SPBRG                             00000099
SPEN                              00000007
SREN                              00000005
SSPADD                            00000093
SSPBUF                            00000013
SSPCON                            00000014
SSPCON2                           00000091
SSPEN                             00000005
SSPIE                             00000003
SSPIF                             00000003
SSPM0                             00000000
SSPM1                             00000001
SSPM2                             00000002
SSPM3                             00000003
SSPOV                             00000006
SSPSTAT                           00000094
STATUS                            00000003
SYNC                              00000004
T0CS                              00000005
T0IE                              00000005
T0IF                              00000002
T0SE                              00000004
T1CKPS0                           00000004
T1CKPS1                           00000005
T1CON                             00000010
T1INSYNC                          00000002
MPASM  5.51                        PRUEBA.ASM   4-25-2023  21:19:19         PAGE 24


SYMBOL TABLE
  LABEL                             VALUE 

T1OSCEN                           00000003
T1SYNC                            00000002
T2CKPS0                           00000000
T2CKPS1                           00000001
T2CON                             00000012
TMR0                              00000001
TMR0IE                            00000005
TMR0IF                            00000002
TMR1                              0000000E
TMR1CS                            00000001
TMR1H                             0000000F
TMR1IE                            00000000
TMR1IF                            00000000
TMR1L                             0000000E
TMR1ON                            00000000
TMR2                              00000011
TMR2IE                            00000001
TMR2IF                            00000001
TMR2ON                            00000002
TOUTPS0                           00000003
TOUTPS1                           00000004
TOUTPS2                           00000005
TOUTPS3                           00000006
TRISA                             00000085
TRISA0                            00000000
TRISA1                            00000001
TRISA2                            00000002
TRISA3                            00000003
TRISA4                            00000004
TRISA5                            00000005
TRISB                             00000086
TRISB0                            00000000
TRISB1                            00000001
TRISB2                            00000002
TRISB3                            00000003
TRISB4                            00000004
TRISB5                            00000005
TRISB6                            00000006
TRISB7                            00000007
TRISC                             00000087
TRISC0                            00000000
TRISC1                            00000001
TRISC2                            00000002
TRISC3                            00000003
TRISC4                            00000004
TRISC5                            00000005
TRISC6                            00000006
TRISC7                            00000007
TRISD                             00000088
TRISD0                            00000000
TRISD1                            00000001
TRISD2                            00000002
TRISD3                            00000003
MPASM  5.51                        PRUEBA.ASM   4-25-2023  21:19:19         PAGE 25


SYMBOL TABLE
  LABEL                             VALUE 

TRISD4                            00000004
TRISD5                            00000005
TRISD6                            00000006
TRISD7                            00000007
TRISE                             00000089
TRISE0                            00000000
TRISE1                            00000001
TRISE2                            00000002
TRMT                              00000001
TX8_9                             00000006
TX9                               00000006
TX9D                              00000000
TXD8                              00000000
TXEN                              00000005
TXIE                              00000004
TXIF                              00000004
TXREG                             00000019
TXSTA                             00000098
UA                                00000001
W                                 00000000
WCOL                              00000007
WR                                00000001
WREN                              00000002
WRERR                             00000003
Z                                 00000002
_BODEN_OFF                        00003FBF
_BODEN_ON                         00003FFF
_BOREN_OFF                        00003FBF
_BOREN_ON                         00003FFF
_CONFIG                           00002007
_CPD_OFF                          00003FFF
_CPD_ON                           00003EFF
_CP_ALL                           00000FCF
_CP_HALF                          00001FDF
_CP_OFF                           00003FFF
_CP_UPPER_256                     00002FEF
_DEBUG_OFF                        00003FFF
_DEBUG_ON                         000037FF
_DEVID1                           00002006
_FOSC_EXTRC                       00003FFF
_FOSC_HS                          00003FFE
_FOSC_LP                          00003FFC
_FOSC_XT                          00003FFD
_HS_OSC                           00003FFE
_IDLOC0                           00002000
_IDLOC1                           00002001
_IDLOC2                           00002002
_IDLOC3                           00002003
_LP_OSC                           00003FFC
_LVP_OFF                          00003F7F
_LVP_ON                           00003FFF
_PWRTE_OFF                        00003FFF
_PWRTE_ON                         00003FF7
MPASM  5.51                        PRUEBA.ASM   4-25-2023  21:19:19         PAGE 26


SYMBOL TABLE
  LABEL                             VALUE 

_RC_OSC                           00003FFF
_WDTE_OFF                         00003FFB
_WDTE_ON                          00003FFF
_WDT_OFF                          00003FFB
_WDT_ON                           00003FFF
_WRT_ENABLE_OFF                   00003DFF
_WRT_ENABLE_ON                    00003FFF
_WRT_OFF                          00003DFF
_WRT_ON                           00003FFF
_XT_OSC                           00003FFD
__16F877A                         00000001
auxiliar                          00000031
binario                           0000005A
bit0_cero                         00000225
bit0_uno                          0000023D
bit1_cero                         00000228
bit1_uno                          00000240
bit2_cero                         0000022B
bit2_uno                          00000243
bit3_cero                         0000022E
bit3_uno                          00000246
bit4_cero                         00000231
bit4_uno                          00000249
bit5_cero                         00000234
bit5_uno                          0000024C
bit6_cero                         00000237
bit6_uno                          0000024F
bit7_cero                         0000023A
bit7_uno                          00000252
caracteres                        00000086
caso0                             000001BA
caso1                             000001BE
caso2                             000001C2
caso3                             000001C6
caso4                             000001CA
caso5                             000001CE
caso6                             000001D2
caso7                             000001D6
caso8                             000001DA
caso9                             000001DE
casoA                             000001E2
casoB                             000001E6
casoC                             000001EA
casoD                             000001EE
casoE                             000001F2
casoF                             000001F6
comando                           00000204
datos                             0000020B
decimal                           0000014F
dos                               00000259
escribe_cero                      00000221
escribe_uno                       0000021D
hexadecimal                       00000119
MPASM  5.51                        PRUEBA.ASM   4-25-2023  21:19:19         PAGE 27


SYMBOL TABLE
  LABEL                             VALUE 

inicia_lcd                        000001FA
inicio                            00000005
loop                              00000216
loop1                             00000218
nombres                           00000030
parteBaja                         00000040
ret100ms                          00000255
ret200ms                          00000214
tres                              00000257
uno                               0000025B
valor                             00000020
valor1                            00000021
valor2                            00000022


MEMORY USAGE MAP ('X' = Used,  '-' = Unused)

0000 : X----XXXXXXXXXXX XXXXXXXXXXXXXXXX XXXXXXXXXXXXXXXX XXXXXXXXXXXXXXXX
0040 : XXXXXXXXXXXXXXXX XXXXXXXXXXXXXXXX XXXXXXXXXXXXXXXX XXXXXXXXXXXXXXXX
0080 : XXXXXXXXXXXXXXXX XXXXXXXXXXXXXXXX XXXXXXXXXXXXXXXX XXXXXXXXXXXXXXXX
00C0 : XXXXXXXXXXXXXXXX XXXXXXXXXXXXXXXX XXXXXXXXXXXXXXXX XXXXXXXXXXXXXXXX
0100 : XXXXXXXXXXXXXXXX XXXXXXXXXXXXXXXX XXXXXXXXXXXXXXXX XXXXXXXXXXXXXXXX
0140 : XXXXXXXXXXXXXXXX XXXXXXXXXXXXXXXX XXXXXXXXXXXXXXXX XXXXXXXXXXXXXXXX
0180 : XXXXXXXXXXXXXXXX XXXXXXXXXXXXXXXX XXXXXXXXXXXXXXXX XXXXXXXXXXXXXXXX
01C0 : XXXXXXXXXXXXXXXX XXXXXXXXXXXXXXXX XXXXXXXXXXXXXXXX XXXXXXXXXXXXXXXX
0200 : XXXXXXXXXXXXXXXX XXXXXXXXXXXXXXXX XXXXXXXXXXXXXXXX XXXXXXXXXXXXXXXX
0240 : XXXXXXXXXXXXXXXX XXXXXXXXXXXXXXXX XX-------------- ----------------

All other memory blocks unused.

Program Memory Words Used:   606
Program Memory Words Free:  7586


Errors   :     0
Warnings :   243 reported,     0 suppressed
Messages :    10 reported,     0 suppressed

