
ROM used:   222/8192 (3%)
            222/8192 (3%) including unused fragments

            0.2 Average locations per line
            1.5 Average locations per statement

RAM used:   16/368 (4%) at main() level
            17/368 (5%) worst case

Stack used: 0 worst case (0 in main + 0 for interrupts)
Stack size: 8

Lines Stmts  %   Files
----- ----- ---  -----
  131    69  47  proyecto6.c
  652     0   0  ..\..\..\..\..\..\..\..\Archivos de programa\CSS\Devices\16F877.h
  211    77  53  ..\..\..\..\..\..\..\..\Archivos de programa\CSS\Drivers\i2c_Flex_LCD.c
----- -----
  994   146 Total

Page ROM  %  RAM    Vol Diff  Functions:
---- --- --- ---    --- ----  ----------
0     20   9    1             @delay_ms1
0    155  70    1   1062  4.9  MAIN
0     43  19    0    285  4.1  cambioEstado
 Inline         0             @cinit1

Program metrics:
    Functions               2
    Statements              146
    Comments                238
    Volume (V)              1537
    Difficulty (D)          8.9
    Effort to implement (E) 13683
    Time to implement (T)   13 minutes
    Est Delivered Bugs (B)  0
    Cyclomatic Complexity   12
    Maintainability (MI)    19

 Segment     Used  Free
-----------  ----  ----
00000-00003     4  0  
00004-007FF   218  1826  
00800-00FFF     0  2048  
01000-017FF     0  2048  
01800-01FFF     0  2048  



