MPASM  5.51               PROYECTO5_TIMER.ASM   6-6-2023  21:45:59         PAGE  1


LOC  OBJECT CODE     LINE SOURCE TEXT
  VALUE

Warning[205]: Found directive in column 1. (processor)
                      00001 processor 16f877a
Warning[205]: Found directive in column 1. (include)
                      00002 include <p16f877.inc>
                      00001         LIST
                      00002 
                      00003 ;==========================================================================
                      00004 ;  MPASM PIC16F877 processor include
                      00005 ; 
                      00006 ;  (c) Copyright 1999-2013 Microchip Technology, All rights reserved
                      00007 ;==========================================================================
                      00008 
Message[301]: MESSAGE: (Processor-header file mismatch.  Verify selected processor.)
                      00540         LIST
Warning[205]: Found directive in column 1. (CBLOCK)
                      00003 CBLOCK 0X20 ;DATOS A PARTIR DE LOCALIDAD 0X20
  00000020            00004         N1
  00000021            00005         N2
  00000022            00006         N3
  00000023            00007         DATO
  00000024            00008         CONTADOR
  00000025            00009         CONTADOR2
  00000026            00010         CONTADOR3
Warning[205]: Found directive in column 1. (ENDC)
                      00011 ENDC
                      00012 
                      00013 
0000                  00014         ORG 0
0000   280E           00015         GOTO INICIO
0004                  00016         ORG 4
0004   2805           00017         GOTO INTERRUPCION
0005                  00018         ORG 5
                      00019 
0005                  00020 INTERRUPCION:
0005   0BA4           00021         DECFSZ CONTADOR,F               ;¿EL CONTADOR YA LLEGÓ A 0?
0006   280B           00022         GOTO SAL_INT                    ; SI NO, SAL A SEGUIR CON TU EJECUCIÓN
0007   2808           00023         GOTO CUENTA_2                   ;SI SI, VETE CON EL SIGUIENTE CONTADOR
0008                  00024 CUENTA_2:
0008   0BA5           00025         DECFSZ CONTADOR2,F              ;¿EL CONTADOR YA LLEGÓ A 0?
0009   280B           00026         GOTO SAL_INT                    ; SI NO, SAL A SEGUIR CON TU EJECUCIÓN
000A   2890           00027         GOTO SALIR                      ;SI SI, VETE CON EL SIGUIENTE CONTADOR
000B                  00028 SAL_INT:
000B   3000           00029         MOVLW 0X00                              ;REGRESAMOS EL TMR0 A 0 PARA QUE CUENTE OTROS 13.10 ms
000C   110B           00030         BCF INTCON,T0IF                 ;VOLVEMOS LA BANDERA DE DESBORDAMIENTO A 0 
000D   0009           00031         RETFIE                                  ;VOLVEMOS DE LA INTERRUPCION
                      00032 
                      00033 
000E                  00034 INICIO:
000E   1683           00035         BSF STATUS,RP0
000F   1303           00036         BCF STATUS,RP1
Message[302]: Register in operand not in bank 0.  Ensure that bank bits are correct.
0010   0188           00037         CLRF TRISD
                      00038 
MPASM  5.51               PROYECTO5_TIMER.ASM   6-6-2023  21:45:59         PAGE  2


LOC  OBJECT CODE     LINE SOURCE TEXT
  VALUE

                      00039         ;CONFIGURACION DE USART E INTERRUPCIONES
Message[302]: Register in operand not in bank 0.  Ensure that bank bits are correct.
0011   1307           00040         BCF TRISC,RC6                   ;SE HABILITA TX COMO SALIDA
Message[302]: Register in operand not in bank 0.  Ensure that bank bits are correct.
0012   1787           00041         BSF TRISC,RC7                   ;SE HABILITA RX COMO ENTRADA
Message[302]: Register in operand not in bank 0.  Ensure that bank bits are correct.
0013   1518           00042         BSF TXSTA,BRGH                  ;SI BRGH=0, TENEMOS BAUDAJE BAJO
0014   3081           00043         MOVLW D'129'                    ;32 DECIMAL
Message[302]: Register in operand not in bank 0.  Ensure that bank bits are correct.
0015   0099           00044         MOVWF SPBRG                             ;32 EN SPBRG ES PARA 9600 BAUDIOS SEGUN TABLA
Message[302]: Register in operand not in bank 0.  Ensure that bank bits are correct.
0016   1218           00045         BCF TXSTA,SYNC                  ;SI SYNC=0, TENEMOS COMUNICACION ASINCRONA
Message[302]: Register in operand not in bank 0.  Ensure that bank bits are correct.
0017   1698           00046         BSF TXSTA,TXEN                  ;ACTIVAMOS LA TRANSMISION
                      00047         
0018   3007           00048         MOVLW B'00000111'
Message[302]: Register in operand not in bank 0.  Ensure that bank bits are correct.
0019   0081           00049         MOVWF OPTION_REG                ;PREDIVISOR DEL TMR0 EN 256
                      00050 
001A   1283           00051         BCF STATUS,RP0                  ;BANCO 0
                      00052 
001B   1618           00053         BSF RCSTA,CREN                  ;CREN=1 HABILITA RECEPCION CONTINUA
001C   1798           00054         BSF RCSTA,SPEN                  ;SPEN=1 HABILITA EL PUERTO SERIE 
001D   110B           00055         BCF INTCON,T0IF                 ;PONEMOS EN 0 LA BANDERA DE DESBORDAMIENTO
001E   168B           00056         BSF INTCON,T0IE                 ;HABILITAMOS INTERRUPCIONES POR DESBORDAMIENTO EN EL TIMER 0    
001F   178B           00057         BSF INTCON,GIE                  ;HABILITAMOS INTERRUPCIONES GENERALES
0020   160B           00058         BSF INTCON,INTE                 ;HABILITAMOS INTERRUPCIONES EXTERNAS
0021   170B           00059         BSF INTCON,PEIE                 ;HABILITAMOS INTERRUPCIONES PERIFERICAS
                      00060         
                      00061         ;NOTA: NO TOCAR PORTC NI RB0 DEL PORTB
0022   0188           00062         CLRF PORTD
                      00063 
0023   3000           00064         MOVLW 0X00
0024   0081           00065         MOVWF TMR0                              ;T0IF = (0.2us)(256)(256 - 0) -> 256 DEL PREDIVISOR Y 0 
                            DEL TMR0 = 13.10 MS
0025   30FF           00066         MOVLW 0XFF
0026   00A4           00067         MOVWF CONTADOR                  ;CONTADOR = 256 -> 256*13.10 = 3.3536 segundos de funcionamiento
0027   301B           00068         MOVLW 0X1B
0028   00A5           00069         MOVWF CONTADOR2                 ;CONTADOR2 = 27 -> 27*(3.3536) = 90.5472 segundos de funcionamie
                            nto (MINUTO Y MEDIO)
                      00070 
0029                  00071 PRUEBA_W:
0029   1E8C           00072         BTFSS PIR1,RCIF                 ;SI EL DATO SE RECIBIÓ, RCIF = 1
002A   2829           00073         GOTO PRUEBA_W
002B   081A           00074         MOVF RCREG,W                    ;CARGAMOS EL DATO RECIBIDO EN W
002C   00A3           00075         MOVWF DATO
002D   3057           00076         MOVLW a'W'
Message[305]: Using default destination of 1 (file).
002E   02A3           00077         SUBWF DATO
002F   1D03           00078         BTFSS STATUS,Z
0030   2832           00079         GOTO PRUEBA_A
0031   284C           00080         GOTO AVANZA
                      00081 
MPASM  5.51               PROYECTO5_TIMER.ASM   6-6-2023  21:45:59         PAGE  3


LOC  OBJECT CODE     LINE SOURCE TEXT
  VALUE

0032                  00082 PRUEBA_A:
0032   081A           00083         MOVF RCREG,W                    ;CARGAMOS EL DATO RECIBIDO EN W
0033   00A3           00084         MOVWF DATO
0034   3041           00085         MOVLW a'A'
Message[305]: Using default destination of 1 (file).
0035   02A3           00086         SUBWF DATO
0036   1D03           00087         BTFSS STATUS,Z
0037   2839           00088         GOTO PRUEBA_S
0038   2858           00089         GOTO IZQUIERDA
                      00090 
0039                  00091 PRUEBA_S:
0039   081A           00092         MOVF RCREG,W                    ;CARGAMOS EL DATO RECIBIDO EN W
003A   00A3           00093         MOVWF DATO
003B   3053           00094         MOVLW a'S'
Message[305]: Using default destination of 1 (file).
003C   02A3           00095         SUBWF DATO
003D   1D03           00096         BTFSS STATUS,Z
003E   2840           00097         GOTO PRUEBA_D
003F   2870           00098         GOTO ATRAS
                      00099 
0040                  00100 PRUEBA_D:
0040   081A           00101         MOVF RCREG,W                    ;CARGAMOS EL DATO RECIBIDO EN W
0041   00A3           00102         MOVWF DATO
0042   3044           00103         MOVLW a'D'
Message[305]: Using default destination of 1 (file).
0043   02A3           00104         SUBWF DATO
0044   1D03           00105         BTFSS STATUS,Z
0045   2847           00106         GOTO PRUEBA_V
0046   2864           00107         GOTO DERECHA
                      00108 
0047                  00109 PRUEBA_V:
0047   3056           00110         MOVLW a'V'
0048   3C23           00111         SUBLW DATO
0049   1D03           00112         BTFSS STATUS,Z
004A   287C           00113         GOTO ALTO
004B   287C           00114         GOTO ALTO
                      00115 
004C                  00116 AVANZA:
004C   3041           00117         MOVLW a'A'
004D   0099           00118         MOVWF TXREG
004E   207E           00119         CALL TRANS_INIC
004F   3056           00120         MOVLW a'V'
0050   0099           00121         MOVWF TXREG
0051   207E           00122         CALL TRANS_INIC
0052   3041           00123         MOVLW a'A'
0053   0099           00124         MOVWF TXREG
0054   207E           00125         CALL TRANS_INIC
0055   3006           00126         MOVLW B'00000110' ; Giran en sentido contrario - Adelante
0056   0088           00127         MOVWF PORTD
0057   2829           00128         GOTO PRUEBA_W
                      00129 
0058                  00130 IZQUIERDA:
0058   3049           00131         MOVLW a'I'
MPASM  5.51               PROYECTO5_TIMER.ASM   6-6-2023  21:45:59         PAGE  4


LOC  OBJECT CODE     LINE SOURCE TEXT
  VALUE

0059   0099           00132         MOVWF TXREG
005A   207E           00133         CALL TRANS_INIC
005B   305A           00134         MOVLW a'Z'
005C   0099           00135         MOVWF TXREG
005D   207E           00136         CALL TRANS_INIC
005E   3051           00137         MOVLW a'Q'
005F   0099           00138         MOVWF TXREG
0060   207E           00139         CALL TRANS_INIC
0061   3005           00140         MOVLW B'00000101' ; Giran en mismo sentido - Giro izquierda
0062   0088           00141         MOVWF PORTD
0063   2829           00142         GOTO PRUEBA_W
                      00143 
0064                  00144 DERECHA:
0064   3044           00145         MOVLW a'D'
0065   0099           00146         MOVWF TXREG
0066   207E           00147         CALL TRANS_INIC
0067   3045           00148         MOVLW a'E'
0068   0099           00149         MOVWF TXREG
0069   207E           00150         CALL TRANS_INIC
006A   3052           00151         MOVLW a'R'
006B   0099           00152         MOVWF TXREG
006C   207E           00153         CALL TRANS_INIC
006D   300A           00154         MOVLW B'00001010' ; Giran en mismo sentido - Giro derecha
006E   0088           00155         MOVWF PORTD
006F   2829           00156         GOTO PRUEBA_W
                      00157 
0070                  00158 ATRAS:
0070   3041           00159         MOVLW a'A'
0071   0099           00160         MOVWF TXREG
0072   207E           00161         CALL TRANS_INIC
0073   3054           00162         MOVLW a'T'
0074   0099           00163         MOVWF TXREG
0075   207E           00164         CALL TRANS_INIC
0076   3052           00165         MOVLW a'R'
0077   0099           00166         MOVWF TXREG
0078   207E           00167         CALL TRANS_INIC
0079   3009           00168         MOVLW B'00001001' ; Giran en sentido contrario - Atras
007A   0088           00169         MOVWF PORTD
007B   2829           00170         GOTO PRUEBA_W
                      00171 
007C                  00172 ALTO:
007C   0188           00173         CLRF PORTD
007D   2829           00174         GOTO PRUEBA_W
                      00175 
007E                  00176 TRANS_INIC:
007E   1683           00177         BSF STATUS,RP0
007F                  00178 TRANSMITE:
Message[302]: Register in operand not in bank 0.  Ensure that bank bits are correct.
007F   1C98           00179         BTFSS TXSTA,TRMT
0080   287F           00180         GOTO TRANSMITE
0081   1283           00181         BCF STATUS,RP0
0082   0008           00182         RETURN
                      00183 
MPASM  5.51               PROYECTO5_TIMER.ASM   6-6-2023  21:45:59         PAGE  5


LOC  OBJECT CODE     LINE SOURCE TEXT
  VALUE

0083                  00184 DELAY_1SEG
0083   302D           00185         MOVLW   0X2D
0084   00A0           00186         MOVWF   N1
0085   30E7           00187         MOVLW   0XE7
0086   00A1           00188         MOVWF   N2
0087   300B           00189         MOVLW   0X0B
0088   00A2           00190         MOVWF   N3
0089                  00191 REPITE_1SEG
0089   0BA0           00192         DECFSZ  N1, F
008A   288C           00193         GOTO    $+2
008B   0BA1           00194         DECFSZ  N2, F
008C   288E           00195         GOTO    $+2
008D   0BA2           00196         DECFSZ  N3, F
008E   2889           00197         GOTO    REPITE_1SEG
008F   0008           00198         RETURN
                      00199 
0090                  00200 SALIR:
0090   0188           00201         CLRF PORTD              ;SE DETIENE EL CARRITO
0091   0000           00202         NOP                             ;NO SE HACE NADA MÁS
0092   2891           00203         GOTO $-1                ;EL PROGRAMA SE CICLA AQUI PARA QUE NO HAGA COSAS INESPERADAS.
                      00204 
Warning[205]: Found directive in column 1. (END)
                      00205 END
MPASM  5.51               PROYECTO5_TIMER.ASM   6-6-2023  21:45:59         PAGE  6


SYMBOL TABLE
  LABEL                             VALUE 

ACKDT                             00000005
ACKEN                             00000004
ACKSTAT                           00000006
ADCON0                            0000001F
ADCON1                            0000009F
ADCS0                             00000006
ADCS1                             00000007
ADDEN                             00000003
ADFM                              00000007
ADIE                              00000006
ADIF                              00000006
ADON                              00000000
ADRESH                            0000001E
ADRESL                            0000009E
ALTO                              0000007C
ATRAS                             00000070
AVANZA                            0000004C
BCLIE                             00000003
BCLIF                             00000003
BF                                00000000
BRGH                              00000002
C                                 00000000
CCP1CON                           00000017
CCP1IE                            00000002
CCP1IF                            00000002
CCP1M0                            00000000
CCP1M1                            00000001
CCP1M2                            00000002
CCP1M3                            00000003
CCP1X                             00000005
CCP1Y                             00000004
CCP2CON                           0000001D
CCP2IE                            00000000
CCP2IF                            00000000
CCP2M0                            00000000
CCP2M1                            00000001
CCP2M2                            00000002
CCP2M3                            00000003
CCP2X                             00000005
CCP2Y                             00000004
CCPR1                             00000015
CCPR1H                            00000016
CCPR1L                            00000015
CCPR2                             0000001B
CCPR2H                            0000001C
CCPR2L                            0000001B
CHS0                              00000003
CHS1                              00000004
CHS2                              00000005
CKE                               00000006
CKP                               00000004
CONTADOR                          00000024
CONTADOR2                         00000025
MPASM  5.51               PROYECTO5_TIMER.ASM   6-6-2023  21:45:59         PAGE  7


SYMBOL TABLE
  LABEL                             VALUE 

CONTADOR3                         00000026
CREN                              00000004
CSRC                              00000007
CUENTA_2                          00000008
D                                 00000005
DATA_ADDRESS                      00000005
DATO                              00000023
DC                                00000001
DELAY_1SEG                        00000083
DERECHA                           00000064
D_A                               00000005
D_NOT_A                           00000005
EEADR                             0000010D
EEADRH                            0000010F
EECON1                            0000018C
EECON2                            0000018D
EEDATA                            0000010C
EEDATH                            0000010E
EEIE                              00000004
EEIF                              00000004
EEPGD                             00000007
F                                 00000001
FERR                              00000002
FSR                               00000004
GCEN                              00000007
GIE                               00000007
GO                                00000002
GO_DONE                           00000002
GO_NOT_DONE                       00000002
I2C_DATA                          00000005
I2C_READ                          00000002
I2C_START                         00000003
I2C_STOP                          00000004
IBF                               00000007
IBOV                              00000005
INDF                              00000000
INICIO                            0000000E
INTCON                            0000000B
INTE                              00000004
INTEDG                            00000006
INTERRUPCION                      00000005
INTF                              00000001
IRP                               00000007
IZQUIERDA                         00000058
N1                                00000020
N2                                00000021
N3                                00000022
NOT_A                             00000005
NOT_ADDRESS                       00000005
NOT_BO                            00000000
NOT_BOR                           00000000
NOT_DONE                          00000002
NOT_PD                            00000003
MPASM  5.51               PROYECTO5_TIMER.ASM   6-6-2023  21:45:59         PAGE  8


SYMBOL TABLE
  LABEL                             VALUE 

NOT_POR                           00000001
NOT_RBPU                          00000007
NOT_RC8                           00000006
NOT_T1SYNC                        00000002
NOT_TO                            00000004
NOT_TX8                           00000006
NOT_W                             00000002
NOT_WRITE                         00000002
OBF                               00000006
OERR                              00000001
OPTION_REG                        00000081
P                                 00000004
PCFG0                             00000000
PCFG1                             00000001
PCFG2                             00000002
PCFG3                             00000003
PCL                               00000002
PCLATH                            0000000A
PCON                              0000008E
PEIE                              00000006
PEN                               00000002
PIE1                              0000008C
PIE2                              0000008D
PIR1                              0000000C
PIR2                              0000000D
PORTA                             00000005
PORTB                             00000006
PORTC                             00000007
PORTD                             00000008
PORTE                             00000009
PR2                               00000092
PRUEBA_A                          00000032
PRUEBA_D                          00000040
PRUEBA_S                          00000039
PRUEBA_V                          00000047
PRUEBA_W                          00000029
PS0                               00000000
PS1                               00000001
PS2                               00000002
PSA                               00000003
PSPIE                             00000007
PSPIF                             00000007
PSPMODE                           00000004
R                                 00000002
RA0                               00000000
RA1                               00000001
RA2                               00000002
RA3                               00000003
RA4                               00000004
RA5                               00000005
RB0                               00000000
RB1                               00000001
RB2                               00000002
MPASM  5.51               PROYECTO5_TIMER.ASM   6-6-2023  21:45:59         PAGE  9


SYMBOL TABLE
  LABEL                             VALUE 

RB3                               00000003
RB4                               00000004
RB5                               00000005
RB6                               00000006
RB7                               00000007
RBIE                              00000003
RBIF                              00000000
RC0                               00000000
RC1                               00000001
RC2                               00000002
RC3                               00000003
RC4                               00000004
RC5                               00000005
RC6                               00000006
RC7                               00000007
RC8_9                             00000006
RC9                               00000006
RCD8                              00000000
RCEN                              00000003
RCIE                              00000005
RCIF                              00000005
RCREG                             0000001A
RCSTA                             00000018
RD                                00000000
RD0                               00000000
RD1                               00000001
RD2                               00000002
RD3                               00000003
RD4                               00000004
RD5                               00000005
RD6                               00000006
RD7                               00000007
RE0                               00000000
RE1                               00000001
RE2                               00000002
READ_WRITE                        00000002
REPITE_1SEG                       00000089
RP0                               00000005
RP1                               00000006
RSEN                              00000001
RX9                               00000006
RX9D                              00000000
R_NOT_W                           00000002
R_W                               00000002
S                                 00000003
SALIR                             00000090
SAL_INT                           0000000B
SEN                               00000000
SMP                               00000007
SPBRG                             00000099
SPEN                              00000007
SREN                              00000005
SSPADD                            00000093
MPASM  5.51               PROYECTO5_TIMER.ASM   6-6-2023  21:45:59         PAGE 10


SYMBOL TABLE
  LABEL                             VALUE 

SSPBUF                            00000013
SSPCON                            00000014
SSPCON2                           00000091
SSPEN                             00000005
SSPIE                             00000003
SSPIF                             00000003
SSPM0                             00000000
SSPM1                             00000001
SSPM2                             00000002
SSPM3                             00000003
SSPOV                             00000006
SSPSTAT                           00000094
STATUS                            00000003
SYNC                              00000004
T0CS                              00000005
T0IE                              00000005
T0IF                              00000002
T0SE                              00000004
T1CKPS0                           00000004
T1CKPS1                           00000005
T1CON                             00000010
T1INSYNC                          00000002
T1OSCEN                           00000003
T1SYNC                            00000002
T2CKPS0                           00000000
T2CKPS1                           00000001
T2CON                             00000012
TMR0                              00000001
TMR0IE                            00000005
TMR0IF                            00000002
TMR1                              0000000E
TMR1CS                            00000001
TMR1H                             0000000F
TMR1IE                            00000000
TMR1IF                            00000000
TMR1L                             0000000E
TMR1ON                            00000000
TMR2                              00000011
TMR2IE                            00000001
TMR2IF                            00000001
TMR2ON                            00000002
TOUTPS0                           00000003
TOUTPS1                           00000004
TOUTPS2                           00000005
TOUTPS3                           00000006
TRANSMITE                         0000007F
TRANS_INIC                        0000007E
TRISA                             00000085
TRISA0                            00000000
TRISA1                            00000001
TRISA2                            00000002
TRISA3                            00000003
TRISA4                            00000004
MPASM  5.51               PROYECTO5_TIMER.ASM   6-6-2023  21:45:59         PAGE 11


SYMBOL TABLE
  LABEL                             VALUE 

TRISA5                            00000005
TRISB                             00000086
TRISB0                            00000000
TRISB1                            00000001
TRISB2                            00000002
TRISB3                            00000003
TRISB4                            00000004
TRISB5                            00000005
TRISB6                            00000006
TRISB7                            00000007
TRISC                             00000087
TRISC0                            00000000
TRISC1                            00000001
TRISC2                            00000002
TRISC3                            00000003
TRISC4                            00000004
TRISC5                            00000005
TRISC6                            00000006
TRISC7                            00000007
TRISD                             00000088
TRISD0                            00000000
TRISD1                            00000001
TRISD2                            00000002
TRISD3                            00000003
TRISD4                            00000004
TRISD5                            00000005
TRISD6                            00000006
TRISD7                            00000007
TRISE                             00000089
TRISE0                            00000000
TRISE1                            00000001
TRISE2                            00000002
TRMT                              00000001
TX8_9                             00000006
TX9                               00000006
TX9D                              00000000
TXD8                              00000000
TXEN                              00000005
TXIE                              00000004
TXIF                              00000004
TXREG                             00000019
TXSTA                             00000098
UA                                00000001
W                                 00000000
WCOL                              00000007
WR                                00000001
WREN                              00000002
WRERR                             00000003
Z                                 00000002
_BODEN_OFF                        00003FBF
_BODEN_ON                         00003FFF
_BOREN_OFF                        00003FBF
_BOREN_ON                         00003FFF
MPASM  5.51               PROYECTO5_TIMER.ASM   6-6-2023  21:45:59         PAGE 12


SYMBOL TABLE
  LABEL                             VALUE 

_CONFIG                           00002007
_CPD_OFF                          00003FFF
_CPD_ON                           00003EFF
_CP_ALL                           00000FCF
_CP_HALF                          00001FDF
_CP_OFF                           00003FFF
_CP_UPPER_256                     00002FEF
_DEBUG_OFF                        00003FFF
_DEBUG_ON                         000037FF
_DEVID1                           00002006
_FOSC_EXTRC                       00003FFF
_FOSC_HS                          00003FFE
_FOSC_LP                          00003FFC
_FOSC_XT                          00003FFD
_HS_OSC                           00003FFE
_IDLOC0                           00002000
_IDLOC1                           00002001
_IDLOC2                           00002002
_IDLOC3                           00002003
_LP_OSC                           00003FFC
_LVP_OFF                          00003F7F
_LVP_ON                           00003FFF
_PWRTE_OFF                        00003FFF
_PWRTE_ON                         00003FF7
_RC_OSC                           00003FFF
_WDTE_OFF                         00003FFB
_WDTE_ON                          00003FFF
_WDT_OFF                          00003FFB
_WDT_ON                           00003FFF
_WRT_ENABLE_OFF                   00003DFF
_WRT_ENABLE_ON                    00003FFF
_WRT_OFF                          00003DFF
_WRT_ON                           00003FFF
_XT_OSC                           00003FFD
__16F877A                         00000001


MEMORY USAGE MAP ('X' = Used,  '-' = Unused)

0000 : X---XXXXXXXXXXXX XXXXXXXXXXXXXXXX XXXXXXXXXXXXXXXX XXXXXXXXXXXXXXXX
0040 : XXXXXXXXXXXXXXXX XXXXXXXXXXXXXXXX XXXXXXXXXXXXXXXX XXXXXXXXXXXXXXXX
0080 : XXXXXXXXXXXXXXXX XXX------------- ---------------- ----------------

All other memory blocks unused.

Program Memory Words Used:   144
Program Memory Words Free:  8048


MPASM  5.51               PROYECTO5_TIMER.ASM   6-6-2023  21:45:59         PAGE 13





Errors   :     0
Warnings :     5 reported,     0 suppressed
Messages :    14 reported,     0 suppressed

