Message[301] D:\ARCHIVOS DE PROGRAMA\MPLAB\MPASM SUITE\P16F877.INC 33 : MESSAGE: (Processor-header file mismatch.  Verify selected processor.)
Warning[207] D:\CARLO\DOCUMENTOS\FI\8VO SEMESTRE\MICRO-COMPUTADORAS\MICROCOMPUTADORAS\PROYECTO4\V2\P7ACT6_1 (1).ASM 6 : Found label after column 1. (valor1)
Message[302] D:\CARLO\DOCUMENTOS\FI\8VO SEMESTRE\MICRO-COMPUTADORAS\MICROCOMPUTADORAS\PROYECTO4\V2\P7ACT6_1 (1).ASM 18 : Register in operand not in bank 0.  Ensure that bank bits are correct.
Message[302] D:\CARLO\DOCUMENTOS\FI\8VO SEMESTRE\MICRO-COMPUTADORAS\MICROCOMPUTADORAS\PROYECTO4\V2\P7ACT6_1 (1).ASM 20 : Register in operand not in bank 0.  Ensure that bank bits are correct.
Message[302] D:\CARLO\DOCUMENTOS\FI\8VO SEMESTRE\MICRO-COMPUTADORAS\MICROCOMPUTADORAS\PROYECTO4\V2\P7ACT6_1 (1).ASM 21 : Register in operand not in bank 0.  Ensure that bank bits are correct.
Message[302] D:\CARLO\DOCUMENTOS\FI\8VO SEMESTRE\MICRO-COMPUTADORAS\MICROCOMPUTADORAS\PROYECTO4\V2\P7ACT6_1 (1).ASM 23 : Register in operand not in bank 0.  Ensure that bank bits are correct.
Message[302] D:\CARLO\DOCUMENTOS\FI\8VO SEMESTRE\MICRO-COMPUTADORAS\MICROCOMPUTADORAS\PROYECTO4\V2\P7ACT6_1 (1).ASM 24 : Register in operand not in bank 0.  Ensure that bank bits are correct.
Message[302] D:\CARLO\DOCUMENTOS\FI\8VO SEMESTRE\MICRO-COMPUTADORAS\MICROCOMPUTADORAS\PROYECTO4\V2\P7ACT6_1 (1).ASM 25 : Register in operand not in bank 0.  Ensure that bank bits are correct.
Message[302] D:\CARLO\DOCUMENTOS\FI\8VO SEMESTRE\MICRO-COMPUTADORAS\MICROCOMPUTADORAS\PROYECTO4\V2\P7ACT6_1 (1).ASM 54 : Register in operand not in bank 0.  Ensure that bank bits are correct.
Message[302] D:\CARLO\DOCUMENTOS\FI\8VO SEMESTRE\MICRO-COMPUTADORAS\MICROCOMPUTADORAS\PROYECTO4\V2\P7ACT6_1 (1).ASM 63 : Register in operand not in bank 0.  Ensure that bank bits are correct.
Message[302] D:\CARLO\DOCUMENTOS\FI\8VO SEMESTRE\MICRO-COMPUTADORAS\MICROCOMPUTADORAS\PROYECTO4\V2\P7ACT6_1 (1).ASM 70 : Register in operand not in bank 0.  Ensure that bank bits are correct.
Message[302] D:\CARLO\DOCUMENTOS\FI\8VO SEMESTRE\MICRO-COMPUTADORAS\MICROCOMPUTADORAS\PROYECTO4\V2\P7ACT6_1 (1).ASM 74 : Register in operand not in bank 0.  Ensure that bank bits are correct.
Message[302] D:\CARLO\DOCUMENTOS\FI\8VO SEMESTRE\MICRO-COMPUTADORAS\MICROCOMPUTADORAS\PROYECTO4\V2\P7ACT6_1 (1).ASM 82 : Register in operand not in bank 0.  Ensure that bank bits are correct.
Message[302] D:\CARLO\DOCUMENTOS\FI\8VO SEMESTRE\MICRO-COMPUTADORAS\MICROCOMPUTADORAS\PROYECTO4\V2\P7ACT6_1 (1).ASM 86 : Register in operand not in bank 0.  Ensure that bank bits are correct.
Message[302] D:\CARLO\DOCUMENTOS\FI\8VO SEMESTRE\MICRO-COMPUTADORAS\MICROCOMPUTADORAS\PROYECTO4\V2\P7ACT6_1 (1).ASM 94 : Register in operand not in bank 0.  Ensure that bank bits are correct.
Message[302] D:\CARLO\DOCUMENTOS\FI\8VO SEMESTRE\MICRO-COMPUTADORAS\MICROCOMPUTADORAS\PROYECTO4\V2\P7ACT6_1 (1).ASM 98 : Register in operand not in bank 0.  Ensure that bank bits are correct.
Message[302] D:\CARLO\DOCUMENTOS\FI\8VO SEMESTRE\MICRO-COMPUTADORAS\MICROCOMPUTADORAS\PROYECTO4\V2\P7ACT6_1 (1).ASM 106 : Register in operand not in bank 0.  Ensure that bank bits are correct.
Message[302] D:\CARLO\DOCUMENTOS\FI\8VO SEMESTRE\MICRO-COMPUTADORAS\MICROCOMPUTADORAS\PROYECTO4\V2\P7ACT6_1 (1).ASM 110 : Register in operand not in bank 0.  Ensure that bank bits are correct.
Message[305] D:\CARLO\DOCUMENTOS\FI\8VO SEMESTRE\MICRO-COMPUTADORAS\MICROCOMPUTADORAS\PROYECTO4\V2\P7ACT6_1 (1).ASM 121 : Using default destination of 1 (file).
Message[305] D:\CARLO\DOCUMENTOS\FI\8VO SEMESTRE\MICRO-COMPUTADORAS\MICROCOMPUTADORAS\PROYECTO4\V2\P7ACT6_1 (1).ASM 123 : Using default destination of 1 (file).
Message[305] D:\CARLO\DOCUMENTOS\FI\8VO SEMESTRE\MICRO-COMPUTADORAS\MICROCOMPUTADORAS\PROYECTO4\V2\P7ACT6_1 (1).ASM 125 : Using default destination of 1 (file).
Warning[205] D:\CARLO\DOCUMENTOS\FI\8VO SEMESTRE\MICRO-COMPUTADORAS\MICROCOMPUTADORAS\PROYECTO4\V2\P7ACT6_1 (1).ASM 129 : Found directive in column 1. (END)
