MPASM  5.51                  P7ACT6_1 (1).ASM   5-28-2023  22:03:18         PAGE  1


LOC  OBJECT CODE     LINE SOURCE TEXT
  VALUE

                      00001         processor 16f877
                      00002         include<p16f877.inc>
                      00001         LIST
                      00002 
                      00003 ;==========================================================================
                      00004 ;  MPASM PIC16F877 processor include
                      00005 ; 
                      00006 ;  (c) Copyright 1999-2013 Microchip Technology, All rights reserved
                      00007 ;==========================================================================
                      00008 
Message[301]: MESSAGE: (Processor-header file mismatch.  Verify selected processor.)
                      00540         LIST
0000                  00003         ORG 0
0000   2805           00004         GOTO INICIO
                      00005         
Warning[207]: Found label after column 1. (valor1)
  00000021            00006         valor1 equ h'21'
  00000022            00007 valor2 equ h'22'
  00000023            00008 valor3 equ h'23'
  00000090            00009 cte1 equ 90h
  00000090            00010 cte2 equ 90h
  00000060            00011 cte3 equ 60h
                      00012         
0005                  00013         ORG 5
0005   1683           00014 INICIO:BSF STATUS,RP0
0006   1303           00015         BCF STATUS,RP1
0007   0186           00016         CLRF PORTB
0008   3000           00017         MOVLW H'00' ;Configura puerto B como SALIDA
Message[302]: Register in operand not in bank 0.  Ensure that bank bits are correct.
0009   0086           00018         MOVWF TRISB
000A   0080           00019         MOVWF H'00'
Message[302]: Register in operand not in bank 0.  Ensure that bank bits are correct.
000B   0088           00020         MOVWF TRISD
Message[302]: Register in operand not in bank 0.  Ensure that bank bits are correct.
000C   1518           00021         BSF TXSTA,BRGH
000D   3081           00022         MOVLW D'129'
Message[302]: Register in operand not in bank 0.  Ensure that bank bits are correct.
000E   0099           00023         MOVWF SPBRG
Message[302]: Register in operand not in bank 0.  Ensure that bank bits are correct.
000F   1218           00024         BCF TXSTA,SYNC
Message[302]: Register in operand not in bank 0.  Ensure that bank bits are correct.
0010   1698           00025         BSF TXSTA,TXEN
0011   1283           00026         BCF STATUS,RP0
0012   1798           00027         BSF RCSTA,SPEN
0013   1618           00028         BSF RCSTA,CREN
0014   1E8C           00029 RECIBE:BTFSS PIR1,RCIF
0015   2814           00030         GOTO RECIBE
0016   081A           00031         MOVF RCREG,W
0017   3C53           00032         SUBLW A'S'
0018   1903           00033         BTFSC STATUS,Z
0019   282F           00034         GOTO CERO
001A   081A           00035         MOVF RCREG,W
001B   3C41           00036         SUBLW A'A'
MPASM  5.51                  P7ACT6_1 (1).ASM   5-28-2023  22:03:18         PAGE  2


LOC  OBJECT CODE     LINE SOURCE TEXT
  VALUE

001C   1903           00037         BTFSC STATUS,Z
001D   2834           00038         GOTO UNO
001E   081A           00039         MOVF RCREG,W
001F   3C52           00040         SUBLW A'R'
0020   1903           00041         BTFSC STATUS,Z
0021   283E           00042         GOTO DOS
0022   081A           00043         MOVF RCREG,W
0023   3C44           00044         SUBLW A'D'
0024   1903           00045         BTFSC STATUS,Z
0025   2848           00046         GOTO TRES
0026   081A           00047         MOVF RCREG,W
0027   3C49           00048         SUBLW A'I'
0028   1903           00049         BTFSC STATUS,Z
0029   2852           00050         GOTO CUATRO
                      00051         ;MOVWF TXREG
                      00052         ;MOVWF PORTB
002A   1683           00053         BSF STATUS,RP0
Message[302]: Register in operand not in bank 0.  Ensure that bank bits are correct.
002B   1C98           00054 TRASMITE:BTFSS TXSTA,TRMT
002C   282B           00055         GOTO TRASMITE
002D   1283           00056         BCF STATUS,RP0
                      00057         
002E   2814           00058         GOTO RECIBE
                      00059 
002F                  00060 CERO: 
002F   3000           00061         MOVLW 0X00
0030   0099           00062         MOVWF TXREG
Message[302]: Register in operand not in bank 0.  Ensure that bank bits are correct.
0031   0088           00063         MOVWF TRISD
0032   1683           00064         BSF STATUS,RP0
0033   282B           00065         GOTO TRASMITE
                      00066 
0034                  00067 UNO: 
0034   3003           00068         MOVLW 0X03
0035   0099           00069         MOVWF TXREG
Message[302]: Register in operand not in bank 0.  Ensure that bank bits are correct.
0036   0088           00070         MOVWF TRISD
0037   205C           00071         CALL RETARDO
0038   3009           00072         MOVLW 0X09
0039   0099           00073         MOVWF TXREG
Message[302]: Register in operand not in bank 0.  Ensure that bank bits are correct.
003A   0086           00074         MOVWF TRISB
003B   205C           00075         CALL RETARDO
003C   1683           00076         BSF STATUS,RP0
003D   282B           00077         GOTO TRASMITE
                      00078 
003E                  00079 DOS: 
003E   3003           00080         MOVLW 0X03
003F   0099           00081         MOVWF TXREG
Message[302]: Register in operand not in bank 0.  Ensure that bank bits are correct.
0040   0088           00082         MOVWF TRISD
0041   205C           00083         CALL RETARDO
0042   3006           00084         MOVLW 0X06
MPASM  5.51                  P7ACT6_1 (1).ASM   5-28-2023  22:03:18         PAGE  3


LOC  OBJECT CODE     LINE SOURCE TEXT
  VALUE

0043   0099           00085         MOVWF TXREG
Message[302]: Register in operand not in bank 0.  Ensure that bank bits are correct.
0044   0086           00086         MOVWF TRISB
0045   205C           00087         CALL RETARDO
0046   1683           00088         BSF STATUS,RP0
0047   282B           00089         GOTO TRASMITE
                      00090 
0048                  00091 TRES: 
0048   3001           00092         MOVLW 0X01
0049   0099           00093         MOVWF TXREG
Message[302]: Register in operand not in bank 0.  Ensure that bank bits are correct.
004A   0088           00094         MOVWF TRISD
004B   205C           00095         CALL RETARDO
004C   3001           00096         MOVLW 0X01
004D   0099           00097         MOVWF TXREG
Message[302]: Register in operand not in bank 0.  Ensure that bank bits are correct.
004E   0086           00098         MOVWF TRISB
004F   205C           00099         CALL RETARDO
0050   1683           00100         BSF STATUS,RP0
0051   282B           00101         GOTO TRASMITE
                      00102 
0052                  00103 CUATRO: 
0052   3002           00104         MOVLW 0X02
0053   0099           00105         MOVWF TXREG
Message[302]: Register in operand not in bank 0.  Ensure that bank bits are correct.
0054   0088           00106         MOVWF TRISD
0055   205C           00107         CALL RETARDO
0056   3008           00108         MOVLW 0X08
0057   0099           00109         MOVWF TXREG
Message[302]: Register in operand not in bank 0.  Ensure that bank bits are correct.
0058   0086           00110         MOVWF TRISB
0059   205C           00111         CALL RETARDO
005A   1683           00112         BSF STATUS,RP0
005B   282B           00113         GOTO TRASMITE
                      00114 
005C   3090           00115 RETARDO MOVLW cte1
005D   00A1           00116         MOVWF valor1
005E   3090           00117 tres MOVLW cte2
005F   00A2           00118         MOVWF valor2
0060   3060           00119 dos MOVLW cte3
0061   00A3           00120         MOVWF valor3
Message[305]: Using default destination of 1 (file).
0062   0BA3           00121 uno DECFSZ valor3
0063   2862           00122         GOTO uno
Message[305]: Using default destination of 1 (file).
0064   0BA2           00123         DECFSZ valor2
0065   2860           00124         GOTO dos
Message[305]: Using default destination of 1 (file).
0066   0BA1           00125         DECFSZ valor1
0067   285E           00126         GOTO tres
0068   0008           00127         RETURN
                      00128 
Warning[205]: Found directive in column 1. (END)
MPASM  5.51                  P7ACT6_1 (1).ASM   5-28-2023  22:03:18         PAGE  4


LOC  OBJECT CODE     LINE SOURCE TEXT
  VALUE

                      00129 END
MPASM  5.51                  P7ACT6_1 (1).ASM   5-28-2023  22:03:18         PAGE  5


SYMBOL TABLE
  LABEL                             VALUE 

ACKDT                             00000005
ACKEN                             00000004
ACKSTAT                           00000006
ADCON0                            0000001F
ADCON1                            0000009F
ADCS0                             00000006
ADCS1                             00000007
ADDEN                             00000003
ADFM                              00000007
ADIE                              00000006
ADIF                              00000006
ADON                              00000000
ADRESH                            0000001E
ADRESL                            0000009E
BCLIE                             00000003
BCLIF                             00000003
BF                                00000000
BRGH                              00000002
C                                 00000000
CCP1CON                           00000017
CCP1IE                            00000002
CCP1IF                            00000002
CCP1M0                            00000000
CCP1M1                            00000001
CCP1M2                            00000002
CCP1M3                            00000003
CCP1X                             00000005
CCP1Y                             00000004
CCP2CON                           0000001D
CCP2IE                            00000000
CCP2IF                            00000000
CCP2M0                            00000000
CCP2M1                            00000001
CCP2M2                            00000002
CCP2M3                            00000003
CCP2X                             00000005
CCP2Y                             00000004
CCPR1                             00000015
CCPR1H                            00000016
CCPR1L                            00000015
CCPR2                             0000001B
CCPR2H                            0000001C
CCPR2L                            0000001B
CERO                              0000002F
CHS0                              00000003
CHS1                              00000004
CHS2                              00000005
CKE                               00000006
CKP                               00000004
CREN                              00000004
CSRC                              00000007
CUATRO                            00000052
D                                 00000005
MPASM  5.51                  P7ACT6_1 (1).ASM   5-28-2023  22:03:18         PAGE  6


SYMBOL TABLE
  LABEL                             VALUE 

DATA_ADDRESS                      00000005
DC                                00000001
DOS                               0000003E
D_A                               00000005
D_NOT_A                           00000005
EEADR                             0000010D
EEADRH                            0000010F
EECON1                            0000018C
EECON2                            0000018D
EEDATA                            0000010C
EEDATH                            0000010E
EEIE                              00000004
EEIF                              00000004
EEPGD                             00000007
F                                 00000001
FERR                              00000002
FSR                               00000004
GCEN                              00000007
GIE                               00000007
GO                                00000002
GO_DONE                           00000002
GO_NOT_DONE                       00000002
I2C_DATA                          00000005
I2C_READ                          00000002
I2C_START                         00000003
I2C_STOP                          00000004
IBF                               00000007
IBOV                              00000005
INDF                              00000000
INICIO                            00000005
INTCON                            0000000B
INTE                              00000004
INTEDG                            00000006
INTF                              00000001
IRP                               00000007
NOT_A                             00000005
NOT_ADDRESS                       00000005
NOT_BO                            00000000
NOT_BOR                           00000000
NOT_DONE                          00000002
NOT_PD                            00000003
NOT_POR                           00000001
NOT_RBPU                          00000007
NOT_RC8                           00000006
NOT_T1SYNC                        00000002
NOT_TO                            00000004
NOT_TX8                           00000006
NOT_W                             00000002
NOT_WRITE                         00000002
OBF                               00000006
OERR                              00000001
OPTION_REG                        00000081
P                                 00000004
MPASM  5.51                  P7ACT6_1 (1).ASM   5-28-2023  22:03:18         PAGE  7


SYMBOL TABLE
  LABEL                             VALUE 

PCFG0                             00000000
PCFG1                             00000001
PCFG2                             00000002
PCFG3                             00000003
PCL                               00000002
PCLATH                            0000000A
PCON                              0000008E
PEIE                              00000006
PEN                               00000002
PIE1                              0000008C
PIE2                              0000008D
PIR1                              0000000C
PIR2                              0000000D
PORTA                             00000005
PORTB                             00000006
PORTC                             00000007
PORTD                             00000008
PORTE                             00000009
PR2                               00000092
PS0                               00000000
PS1                               00000001
PS2                               00000002
PSA                               00000003
PSPIE                             00000007
PSPIF                             00000007
PSPMODE                           00000004
R                                 00000002
RA0                               00000000
RA1                               00000001
RA2                               00000002
RA3                               00000003
RA4                               00000004
RA5                               00000005
RB0                               00000000
RB1                               00000001
RB2                               00000002
RB3                               00000003
RB4                               00000004
RB5                               00000005
RB6                               00000006
RB7                               00000007
RBIE                              00000003
RBIF                              00000000
RC0                               00000000
RC1                               00000001
RC2                               00000002
RC3                               00000003
RC4                               00000004
RC5                               00000005
RC6                               00000006
RC7                               00000007
RC8_9                             00000006
RC9                               00000006
MPASM  5.51                  P7ACT6_1 (1).ASM   5-28-2023  22:03:18         PAGE  8


SYMBOL TABLE
  LABEL                             VALUE 

RCD8                              00000000
RCEN                              00000003
RCIE                              00000005
RCIF                              00000005
RCREG                             0000001A
RCSTA                             00000018
RD                                00000000
RD0                               00000000
RD1                               00000001
RD2                               00000002
RD3                               00000003
RD4                               00000004
RD5                               00000005
RD6                               00000006
RD7                               00000007
RE0                               00000000
RE1                               00000001
RE2                               00000002
READ_WRITE                        00000002
RECIBE                            00000014
RETARDO                           0000005C
RP0                               00000005
RP1                               00000006
RSEN                              00000001
RX9                               00000006
RX9D                              00000000
R_NOT_W                           00000002
R_W                               00000002
S                                 00000003
SEN                               00000000
SMP                               00000007
SPBRG                             00000099
SPEN                              00000007
SREN                              00000005
SSPADD                            00000093
SSPBUF                            00000013
SSPCON                            00000014
SSPCON2                           00000091
SSPEN                             00000005
SSPIE                             00000003
SSPIF                             00000003
SSPM0                             00000000
SSPM1                             00000001
SSPM2                             00000002
SSPM3                             00000003
SSPOV                             00000006
SSPSTAT                           00000094
STATUS                            00000003
SYNC                              00000004
T0CS                              00000005
T0IE                              00000005
T0IF                              00000002
T0SE                              00000004
MPASM  5.51                  P7ACT6_1 (1).ASM   5-28-2023  22:03:18         PAGE  9


SYMBOL TABLE
  LABEL                             VALUE 

T1CKPS0                           00000004
T1CKPS1                           00000005
T1CON                             00000010
T1INSYNC                          00000002
T1OSCEN                           00000003
T1SYNC                            00000002
T2CKPS0                           00000000
T2CKPS1                           00000001
T2CON                             00000012
TMR0                              00000001
TMR0IE                            00000005
TMR0IF                            00000002
TMR1                              0000000E
TMR1CS                            00000001
TMR1H                             0000000F
TMR1IE                            00000000
TMR1IF                            00000000
TMR1L                             0000000E
TMR1ON                            00000000
TMR2                              00000011
TMR2IE                            00000001
TMR2IF                            00000001
TMR2ON                            00000002
TOUTPS0                           00000003
TOUTPS1                           00000004
TOUTPS2                           00000005
TOUTPS3                           00000006
TRASMITE                          0000002B
TRES                              00000048
TRISA                             00000085
TRISA0                            00000000
TRISA1                            00000001
TRISA2                            00000002
TRISA3                            00000003
TRISA4                            00000004
TRISA5                            00000005
TRISB                             00000086
TRISB0                            00000000
TRISB1                            00000001
TRISB2                            00000002
TRISB3                            00000003
TRISB4                            00000004
TRISB5                            00000005
TRISB6                            00000006
TRISB7                            00000007
TRISC                             00000087
TRISC0                            00000000
TRISC1                            00000001
TRISC2                            00000002
TRISC3                            00000003
TRISC4                            00000004
TRISC5                            00000005
TRISC6                            00000006
MPASM  5.51                  P7ACT6_1 (1).ASM   5-28-2023  22:03:18         PAGE 10


SYMBOL TABLE
  LABEL                             VALUE 

TRISC7                            00000007
TRISD                             00000088
TRISD0                            00000000
TRISD1                            00000001
TRISD2                            00000002
TRISD3                            00000003
TRISD4                            00000004
TRISD5                            00000005
TRISD6                            00000006
TRISD7                            00000007
TRISE                             00000089
TRISE0                            00000000
TRISE1                            00000001
TRISE2                            00000002
TRMT                              00000001
TX8_9                             00000006
TX9                               00000006
TX9D                              00000000
TXD8                              00000000
TXEN                              00000005
TXIE                              00000004
TXIF                              00000004
TXREG                             00000019
TXSTA                             00000098
UA                                00000001
UNO                               00000034
W                                 00000000
WCOL                              00000007
WR                                00000001
WREN                              00000002
WRERR                             00000003
Z                                 00000002
_BODEN_OFF                        00003FBF
_BODEN_ON                         00003FFF
_BOREN_OFF                        00003FBF
_BOREN_ON                         00003FFF
_CONFIG                           00002007
_CPD_OFF                          00003FFF
_CPD_ON                           00003EFF
_CP_ALL                           00000FCF
_CP_HALF                          00001FDF
_CP_OFF                           00003FFF
_CP_UPPER_256                     00002FEF
_DEBUG_OFF                        00003FFF
_DEBUG_ON                         000037FF
_DEVID1                           00002006
_FOSC_EXTRC                       00003FFF
_FOSC_HS                          00003FFE
_FOSC_LP                          00003FFC
_FOSC_XT                          00003FFD
_HS_OSC                           00003FFE
_IDLOC0                           00002000
_IDLOC1                           00002001
MPASM  5.51                  P7ACT6_1 (1).ASM   5-28-2023  22:03:18         PAGE 11


SYMBOL TABLE
  LABEL                             VALUE 

_IDLOC2                           00002002
_IDLOC3                           00002003
_LP_OSC                           00003FFC
_LVP_OFF                          00003F7F
_LVP_ON                           00003FFF
_PWRTE_OFF                        00003FFF
_PWRTE_ON                         00003FF7
_RC_OSC                           00003FFF
_WDTE_OFF                         00003FFB
_WDTE_ON                          00003FFF
_WDT_OFF                          00003FFB
_WDT_ON                           00003FFF
_WRT_ENABLE_OFF                   00003DFF
_WRT_ENABLE_ON                    00003FFF
_WRT_OFF                          00003DFF
_WRT_ON                           00003FFF
_XT_OSC                           00003FFD
__16F877A                         00000001
cte1                              00000090
cte2                              00000090
cte3                              00000060
dos                               00000060
tres                              0000005E
uno                               00000062
valor1                            00000021
valor2                            00000022
valor3                            00000023


MEMORY USAGE MAP ('X' = Used,  '-' = Unused)

0000 : X----XXXXXXXXXXX XXXXXXXXXXXXXXXX XXXXXXXXXXXXXXXX XXXXXXXXXXXXXXXX
0040 : XXXXXXXXXXXXXXXX XXXXXXXXXXXXXXXX XXXXXXXXX------- ----------------

All other memory blocks unused.

Program Memory Words Used:   101
Program Memory Words Free:  8091


Errors   :     0
Warnings :     2 reported,     0 suppressed
Messages :    20 reported,     0 suppressed

