
ROM used:   683/8192 (8%)
            683/8192 (8%) including unused fragments

            0.7 Average locations per line
            4.7 Average locations per statement

RAM used:   16/368 (4%) at main() level
            34/368 (9%) worst case

Stack used: 6 worst case (6 in main + 0 for interrupts)
Stack size: 8

Lines Stmts  %   Files
----- ----- ---  -----
  113    69  47  proyecto6.c
  652     0   0  ..\..\..\..\..\..\..\..\Archivos de programa\CSS\Devices\16F877.h
  211    77  53  ..\..\..\..\..\..\..\..\Archivos de programa\CSS\Drivers\i2c_Flex_LCD.c
----- -----
  976   146 Total

Page ROM  %  RAM    Vol Diff  Functions:
---- --- --- ---    --- ----  ----------
0     20   3    1             @delay_ms1
0     16   2    1             @I2C_WRITEU_1
0     80  12    3    574  5.9  i2c_send_nibble
0     30   4    3    149  2.8  lcd_send_byte
0     10   1    0     61  1.9  lcd_clear
0      8   1    0             @const660
0     76  11    5    902  5.8  lcd_init
0     55   8    7    681  8.0  lcd_gotoxy
0     37   5    1    310  5.9  LCD_PUTC
0    156  23    0   1008  4.8  MAIN
0     79  12    0    556  4.2  cambioEstado
0      5   1    0             @const680
0     86  13    4             @PSTRINGC7_670
0      7   1    0             @const685
0      7   1    0             @const686
0      7   1    0             @const687
 Inline         0             @cinit1

Program metrics:
    Functions               8
    Statements              146
    Comments                219
    Volume (V)              6272
    Difficulty (D)          38.9
    Effort to implement (E) 243891
    Time to implement (T)   3 hours, 46 minutes
    Est Delivered Bugs (B)  1
    Cyclomatic Complexity   27
    Maintainability (MI)    137

 Segment     Used  Free
-----------  ----  ----
00000-00003     4  0  
00004-007FF   679  1365  
00800-00FFF     0  2048  
01000-017FF     0  2048  
01800-01FFF     0  2048  



