MPASM  5.51                     PROYECTO2.ASM   4-25-2023  22:39:05         PAGE  1


LOC  OBJECT CODE     LINE SOURCE TEXT
  VALUE

                      00001                 PROCESSOR 16F877
                      00002                 INCLUDE <P16F877.INC>
                      00001         LIST
                      00002 
                      00003 ;==========================================================================
                      00004 ;  MPASM PIC16F877 processor include
                      00005 ; 
                      00006 ;  (c) Copyright 1999-2013 Microchip Technology, All rights reserved
                      00007 ;==========================================================================
                      00008 
Message[301]: MESSAGE: (Processor-header file mismatch.  Verify selected processor.)
                      00540         LIST
                      00003                 
  00000020            00004 valor   equ h'20'               ;Registros auxiliares para rutina de retardo
  00000021            00005 valor1  equ h'21'
  00000022            00006 valor2  equ h'22'
                      00007 
0000                  00008                         ORG 0 ;Vector de reset
0000   2805           00009                         GOTO INICIO
0005                  00010                         ORG 5
                      00011 
0005   0185           00012 INICIO:         CLRF PORTA ; Limpia PORTA
0006   0186           00013                         CLRF PORTB ; Limpia PORTB
0007   0187           00014                         CLRF PORTC      ; Limpia PORTC
0008   0188           00015                         CLRF PORTD      ; Limpia PORTD
0009   0189           00016                         CLRF PORTE      ; Limpia PORTE
000A   1683           00017                         BSF STATUS,5 ; Cambia a banco 1
000B   1303           00018                         BCF STATUS,6
000C   3000           00019                         MOVLW 0x00
Message[302]: Register in operand not in bank 0.  Ensure that bank bits are correct.
000D   0086           00020                         MOVWF TRISB     ;TRISB<- 0x00 configuramos puerto B como salida
000E   3000           00021                         MOVLW H'0'              ; CONFIGURA PUERTO C COMO SALIDA
Message[302]: Register in operand not in bank 0.  Ensure that bank bits are correct.
000F   0087           00022                         MOVWF TRISC             ; (TRISC) <-- 0h
0010   30FF           00023                         MOVLW 0xFF              ; CONFIGURA PUERTO D COMO ENTRADA
Message[302]: Register in operand not in bank 0.  Ensure that bank bits are correct.
0011   0088           00024                         MOVWF TRISD             ; (TRISD) <-- FFh
0012   30FF           00025                         MOVLW 0xFF              ; CONFIGURA PUERTO E COMO ENTRADA
Message[302]: Register in operand not in bank 0.  Ensure that bank bits are correct.
0013   0089           00026                         MOVWF TRISE             ; (TRISE) <-- FFh
0014   3007           00027                         MOVLW 0x07
Message[302]: Register in operand not in bank 0.  Ensure that bank bits are correct.
0015   009F           00028                         MOVWF ADCON1 ;ADCON1 <- 0x07, configura puerto A y E como entradas digitales
0016   3000           00029                         MOVLW 0x00      
Message[302]: Register in operand not in bank 0.  Ensure that bank bits are correct.
0017   0085           00030                         MOVWF TRISA      ;TRISA <- 0x00, configura puerto A como salida 
0018   1283           00031                         BCF STATUS,5 ;Regresamos al banco 0
0019   20E7           00032                         CALL INICIA_LCD
001A   3080           00033                         MOVLW 0x80
001B   20F8           00034                         CALL COMANDO
                      00035                         
001C   0809           00036 LOOP_P:         MOVF PORTE,W    ;W<-- (PORTE)
001D   3907           00037                         ANDLW 7                 ;W <-- W&00000111
MPASM  5.51                     PROYECTO2.ASM   4-25-2023  22:39:05         PAGE  2


LOC  OBJECT CODE     LINE SOURCE TEXT
  VALUE

001E   0782           00038                         ADDWF PCL,F             ;(PCL)<-- (PCL)+W
001F   2827           00039                         GOTO NOMBRES    ;PC+0   -> Switches: 000
0020   288E           00040                         GOTO DECIMAL    ;PC+1   -> Switches: 001        Conversi?n entrada dipswitch de 
                            8 bits a decimal
0021   288F           00041                         GOTO HEXADECIMAL;PC+2   -> Switches: 010        Conversi?n entrada dipswitch de 
                            8 bits a hexadecimal
0022   2890           00042                         GOTO BINARIO    ;PC+3   -> Switches: 011        Conversi?n entrada dipswitch de 
                            8 bits a binario
0023   28BF           00043                         GOTO CARACTER   ;PC+4   -> Switches: 100        
0024   28E6           00044                         GOTO DEFAULT    ;PC+5   -> Switches: 101
0025   28E6           00045                         GOTO DEFAULT    ;PC+6 -> Switches: 110
0026   28E6           00046                         GOTO DEFAULT    ;PC+7 -> -> Switches: 111
                      00047                         
0027   3050           00048 NOMBRES:        MOVLW a'P'
0028   20FF           00049                         CALL DATOS
0029   3041           00050                         MOVLW a'A'
002A   20FF           00051                         CALL DATOS
002B   304D           00052                         MOVLW a'M'
002C   20FF           00053                         CALL DATOS
002D   3045           00054                         MOVLW a'E'
002E   20FF           00055                         CALL DATOS
002F   304C           00056                         MOVLW a'L'
0030   20FF           00057                         CALL DATOS
0031   3041           00058                         MOVLW a'A'
0032   20FF           00059                         CALL DATOS
0033   3020           00060                         MOVLW 0x20      ;Espacio en blanco
0034   20FF           00061                         CALL DATOS
0035   3043           00062                         MOVLW a'C'
0036   20FF           00063                         CALL DATOS
0037   3041           00064                         MOVLW a'A'
0038   20FF           00065                         CALL DATOS
0039   3053           00066                         MOVLW a'S'
003A   20FF           00067                         CALL DATOS
003B   3054           00068                         MOVLW a'T'
003C   20FF           00069                         CALL DATOS
003D   3049           00070                         MOVLW a'I'
003E   20FF           00071                         CALL DATOS
003F   304C           00072                         MOVLW a'L'
0040   20FF           00073                         CALL DATOS
0041   304C           00074                         MOVLW a'L'
0042   20FF           00075                         CALL DATOS
0043   304F           00076                         MOVLW a'O'
0044   20FF           00077                         CALL DATOS
                      00078                         ;SEGUNDO INTEGRANTE
0045   30C0           00079                         MOVLW 0xC0              ;Valor para hacer salto de linea, inicio linea 2
0046   20F8           00080                         CALL COMANDO
0047   3043           00081                         MOVLW a'C'
0048   20FF           00082                         CALL DATOS
0049   3041           00083                         MOVLW a'A'
004A   20FF           00084                         CALL DATOS
004B   3052           00085                         MOVLW a'R'
004C   20FF           00086                         CALL DATOS
004D   304C           00087                         MOVLW a'L'
MPASM  5.51                     PROYECTO2.ASM   4-25-2023  22:39:05         PAGE  3


LOC  OBJECT CODE     LINE SOURCE TEXT
  VALUE

004E   20FF           00088                         CALL DATOS
004F   304F           00089                         MOVLW a'O'
0050   20FF           00090                         CALL DATOS
0051   3053           00091                         MOVLW a'S'
0052   20FF           00092                         CALL DATOS
0053   3020           00093                         MOVLW 0x20      ;Espacio en blanco
0054   20FF           00094                         CALL DATOS
0055   3043           00095                         MOVLW a'C'
0056   20FF           00096                         CALL DATOS              
0057   3041           00097                         MOVLW a'A'
0058   20FF           00098                         CALL DATOS
0059   3053           00099                         MOVLW a'S'
005A   20FF           00100                         CALL DATOS
005B   3054           00101                         MOVLW a'T'
005C   20FF           00102                         CALL DATOS
005D   3045           00103                         MOVLW a'E'
005E   20FF           00104                         CALL DATOS
005F   304C           00105                         MOVLW a'L'
0060   20FF           00106                         CALL DATOS
0061   3041           00107                         MOVLW a'A'
0062   20FF           00108                         CALL DATOS
0063   304E           00109                         MOVLW a'N'
0064   20FF           00110                         CALL DATOS
0065   3001           00111                         MOVLW 0x01              ;Limpia Display
0066   20F8           00112                         CALL COMANDO
                      00113                         ;TERCER INTEGRANTE
0067   3080           00114                         MOVLW 0x80              ;regresa a inicio linea 1
0068   20F8           00115                         CALL COMANDO
0069   3052           00116                         MOVLW a'R'
006A   20FF           00117                         CALL DATOS
006B   304F           00118                         MOVLW a'O'
006C   20FF           00119                         CALL DATOS
006D   3047           00120                         MOVLW a'G'
006E   20FF           00121                         CALL DATOS
006F   3045           00122                         MOVLW a'E'
0070   20FF           00123                         CALL DATOS
0071   304C           00124                         MOVLW a'L'
0072   20FF           00125                         CALL DATOS
0073   3049           00126                         MOVLW a'I'
0074   20FF           00127                         CALL DATOS
0075   304F           00128                         MOVLW a'O'
0076   20FF           00129                         CALL DATOS
                      00130                         ;MOVLW 0x20     ;Espacio en blanco
                      00131                         ;MOVWF PORTB
                      00132                         ;CALL DATOS
0077   3048           00133                         MOVLW a'H'
0078   20FF           00134                         CALL DATOS
0079   3045           00135                         MOVLW a'E'
007A   20FF           00136                         CALL DATOS
007B   3052           00137                         MOVLW a'R'
007C   20FF           00138                         CALL DATOS
007D   304E           00139                         MOVLW a'N'
007E   20FF           00140                         CALL DATOS
MPASM  5.51                     PROYECTO2.ASM   4-25-2023  22:39:05         PAGE  4


LOC  OBJECT CODE     LINE SOURCE TEXT
  VALUE

007F   3041           00141                         MOVLW a'A'
0080   20FF           00142                         CALL DATOS
0081   304E           00143                         MOVLW a'N'
0082   20FF           00144                         CALL DATOS
0083   3044           00145                         MOVLW a'D'
0084   20FF           00146                         CALL DATOS
0085   3045           00147                         MOVLW a'E'
0086   20FF           00148                         CALL DATOS
0087   305A           00149                         MOVLW a'Z'
0088   20FF           00150                         CALL DATOS
0089   3001           00151                         MOVLW 0x01              ;Limpia Display
008A   20F8           00152                         CALL COMANDO
008B   3080           00153                         MOVLW 0x80              ;regresa a inicio linea 1
008C   20F8           00154                         CALL COMANDO
008D   281C           00155                         GOTO LOOP_P
                      00156 
008E   281C           00157 DECIMAL:        GOTO LOOP_P
008F   281C           00158 HEXADECIMAL:GOTO LOOP_P
                      00159 
0090   1B88           00160 BINARIO:        BTFSC PORTD,7
0091   20B9           00161                         CALL ES_UNO
0092   1F88           00162                         BTFSS PORTD,7
0093   20BC           00163                         CALL ES_CERO
0094   1B08           00164                         BTFSC PORTD,6
0095   20B9           00165                         CALL ES_UNO
0096   1F08           00166                         BTFSS PORTD,6
0097   20BC           00167                         CALL ES_CERO
0098   1A88           00168                         BTFSC PORTD,5
0099   20B9           00169                         CALL ES_UNO
009A   1E88           00170                         BTFSS PORTD,5
009B   20BC           00171                         CALL ES_CERO
009C   1A08           00172                         BTFSC PORTD,4
009D   20B9           00173                         CALL ES_UNO
009E   1E08           00174                         BTFSS PORTD,4
009F   20BC           00175                         CALL ES_CERO
00A0   1988           00176                         BTFSC PORTD,3
00A1   20B9           00177                         CALL ES_UNO
00A2   1D88           00178                         BTFSS PORTD,3
00A3   20BC           00179                         CALL ES_CERO
00A4   1908           00180                         BTFSC PORTD,2
00A5   20B9           00181                         CALL ES_UNO
00A6   1D08           00182                         BTFSS PORTD,2
00A7   20BC           00183                         CALL ES_CERO
00A8   1888           00184                         BTFSC PORTD,1
00A9   20B9           00185                         CALL ES_UNO
00AA   1C88           00186                         BTFSS PORTD,1
00AB   20BC           00187                         CALL ES_CERO
00AC   1808           00188                         BTFSC PORTD,0
00AD   20B9           00189                         CALL ES_UNO
00AE   1C08           00190                         BTFSS PORTD,0
00AF   20BC           00191                         CALL ES_CERO
00B0   0809           00192 HOLD_BIN:       MOVF PORTE,W
00B1   3C03           00193                         SUBLW 0x03 ;  W<--W-0x30
MPASM  5.51                     PROYECTO2.ASM   4-25-2023  22:39:05         PAGE  5


LOC  OBJECT CODE     LINE SOURCE TEXT
  VALUE

00B2   1903           00194                         BTFSC STATUS,Z  ;?(CONTA)=0X30?
00B3   28B0           00195                         GOTO HOLD_BIN ;SI                       
00B4   3001           00196                         MOVLW 0x01              ;Limpia Display
00B5   20F8           00197                         CALL COMANDO
00B6   3080           00198                         MOVLW 0x80              ;regresa a inicio linea 1
00B7   20F8           00199                         CALL COMANDO
00B8   281C           00200                         GOTO LOOP_P             
00B9   3031           00201 ES_UNO:         MOVLW a'1'
00BA   20FF           00202                         CALL DATOS
00BB   0008           00203                         RETURN
00BC   3030           00204 ES_CERO         MOVLW a'0'
00BD   20FF           00205                         CALL DATOS
00BE   0008           00206                         RETURN
                      00207 
00BF   3040           00208 CARACTER:       MOVLW 0X40 ;ALMACENAR CARACTERES EN CGRAM
00C0   20F8           00209                         CALL COMANDO
00C1   2111           00210                         CALL RET100MS
                      00211 
                      00212                         ;CUADRO 0 - ALMACENANDO - FANTASMA
00C2   3004           00213                         MOVLW b'00100'
00C3   20FF           00214                         CALL DATOS
00C4   300E           00215                         MOVLW b'01110'
00C5   20FF           00216                         CALL DATOS
00C6   301F           00217                         MOVLW b'11111'
00C7   20FF           00218                         CALL DATOS
00C8   3015           00219                         MOVLW b'10101'
00C9   20FF           00220                         CALL DATOS
00CA   301F           00221                         MOVLW b'11111'
00CB   20FF           00222                         CALL DATOS
00CC   301F           00223                         MOVLW b'11111'
00CD   20FF           00224                         CALL DATOS
00CE   3015           00225                         MOVLW b'10101'
00CF   20FF           00226                         CALL DATOS
                      00227 
                      00228                         ;CUADRO 1 - ALMACENANDO - SONRISA
00D0   3000           00229                         MOVLW b'00000'
00D1   20FF           00230                         CALL DATOS
00D2   301B           00231                         MOVLW b'11011'
00D3   20FF           00232                         CALL DATOS
00D4   301B           00233                         MOVLW b'11011'
00D5   20FF           00234                         CALL DATOS
00D6   3000           00235                         MOVLW b'00000'
00D7   20FF           00236                         CALL DATOS
00D8   3011           00237                         MOVLW b'10001'
00D9   20FF           00238                         CALL DATOS
00DA   301F           00239                         MOVLW b'11111'
00DB   20FF           00240                         CALL DATOS
00DC   300E           00241                         MOVLW b'01110'
00DD   20FF           00242                         CALL DATOS
                      00243 
                      00244                         
                      00245                         ;COLOCA EN PRIMERA LINEA DEL DISPLAY
00DE   3080           00246                         MOVLW 0X80
MPASM  5.51                     PROYECTO2.ASM   4-25-2023  22:39:05         PAGE  6


LOC  OBJECT CODE     LINE SOURCE TEXT
  VALUE

00DF   20F8           00247                         CALL COMANDO
00E0   2111           00248                         CALL RET100MS
                      00249 
                      00250                         ;IMPRESION DE CARACTER
00E1   3000           00251                         MOVLW 0X00 ;CUADRO 0 - FANTASMA
00E2   20FF           00252                         CALL DATOS 
00E3   3001           00253                         MOVLW 0X01
00E4   20FF           00254                         CALL DATOS ;CUADRO 1 - SONRISA
                      00255 
                      00256                         ;REGRESA AL LOOP
00E5   281C           00257                         GOTO LOOP_P
                      00258 
00E6   281C           00259 DEFAULT:        GOTO LOOP_P             ;Caso por defecto, no hace nada, retorna al loop para evaluar lo
                            s bits de control
                      00260 
                      00261 
                      00262 
00E7   3030           00263 INICIA_LCD:     MOVLW 0x30
00E8   20F8           00264                         CALL COMANDO
00E9   2111           00265                         CALL RET100MS
00EA   3030           00266                         MOVLW 0x30
00EB   20F8           00267                         CALL COMANDO
00EC   2111           00268                         CALL RET100MS
00ED   3038           00269                         MOVLW 0x38
00EE   20F8           00270                         CALL COMANDO
00EF   300C           00271                         MOVLW 0x0C
00F0   20F8           00272                         CALL COMANDO
00F1   3001           00273                         MOVLW 0x01
00F2   20F8           00274                         CALL COMANDO
00F3   3006           00275                         MOVLW 0x06
00F4   20F8           00276                         CALL COMANDO
00F5   3002           00277                         MOVLW 0x02
00F6   20F8           00278                         CALL COMANDO
00F7   0008           00279                         RETURN
00F8   0086           00280 COMANDO:        MOVWF PORTB
00F9   2108           00281                         CALL RET200
00FA   1005           00282                         BCF PORTA,0
00FB   1485           00283                         BSF     PORTA,1
00FC   2108           00284                         CALL RET200
00FD   1085           00285                         BCF PORTA,1
00FE   0008           00286                         RETURN
00FF   0086           00287 DATOS:          MOVWF PORTB
0100   2108           00288                         CALL RET200
0101   1405           00289                         BSF PORTA,0
0102   1485           00290                         BSF     PORTA,1
0103   2108           00291                         CALL RET200
0104   1085           00292                         BCF PORTA,1
0105   2108           00293                         CALL RET200
0106   2108           00294                         CALL RET200
0107   0008           00295                         RETURN
0108   30AA           00296 RET200:         MOVLW 0xAA
0109   00A1           00297                         MOVWF valor1
010A   30A4           00298 LOOP:           MOVLW d'164'
MPASM  5.51                     PROYECTO2.ASM   4-25-2023  22:39:05         PAGE  7


LOC  OBJECT CODE     LINE SOURCE TEXT
  VALUE

010B   00A0           00299                         MOVWF valor
010C   0BA0           00300 LOOP1:          DECFSZ valor,1
010D   290C           00301                         GOTO LOOP1
010E   0BA1           00302                         DECFSZ valor1,1
010F   290A           00303                         GOTO LOOP
0110   0008           00304                         RETURN
0111   3003           00305 RET100MS:       MOVLW 0x03
0112   00A0           00306                         MOVWF valor
0113   30FF           00307 TRES:           MOVLW 0xFF
0114   00A1           00308                         MOVWF valor1
0115   30FF           00309 DOS:            MOVLW 0xFF
0116   00A2           00310                         MOVWF valor2
Message[305]: Using default destination of 1 (file).
0117   0BA2           00311 UNO:            DECFSZ valor2
0118   2917           00312                         GOTO UNO
Message[305]: Using default destination of 1 (file).
0119   0BA1           00313                         DECFSZ valor1
011A   2915           00314                         GOTO DOS
Message[305]: Using default destination of 1 (file).
011B   0BA0           00315                         DECFSZ valor
011C   2913           00316                         GOTO TRES
011D   0008           00317                         RETURN
                      00318                         END                     
MPASM  5.51                     PROYECTO2.ASM   4-25-2023  22:39:05         PAGE  8


SYMBOL TABLE
  LABEL                             VALUE 

ACKDT                             00000005
ACKEN                             00000004
ACKSTAT                           00000006
ADCON0                            0000001F
ADCON1                            0000009F
ADCS0                             00000006
ADCS1                             00000007
ADDEN                             00000003
ADFM                              00000007
ADIE                              00000006
ADIF                              00000006
ADON                              00000000
ADRESH                            0000001E
ADRESL                            0000009E
BCLIE                             00000003
BCLIF                             00000003
BF                                00000000
BINARIO                           00000090
BRGH                              00000002
C                                 00000000
CARACTER                          000000BF
CCP1CON                           00000017
CCP1IE                            00000002
CCP1IF                            00000002
CCP1M0                            00000000
CCP1M1                            00000001
CCP1M2                            00000002
CCP1M3                            00000003
CCP1X                             00000005
CCP1Y                             00000004
CCP2CON                           0000001D
CCP2IE                            00000000
CCP2IF                            00000000
CCP2M0                            00000000
CCP2M1                            00000001
CCP2M2                            00000002
CCP2M3                            00000003
CCP2X                             00000005
CCP2Y                             00000004
CCPR1                             00000015
CCPR1H                            00000016
CCPR1L                            00000015
CCPR2                             0000001B
CCPR2H                            0000001C
CCPR2L                            0000001B
CHS0                              00000003
CHS1                              00000004
CHS2                              00000005
CKE                               00000006
CKP                               00000004
COMANDO                           000000F8
CREN                              00000004
CSRC                              00000007
MPASM  5.51                     PROYECTO2.ASM   4-25-2023  22:39:05         PAGE  9


SYMBOL TABLE
  LABEL                             VALUE 

D                                 00000005
DATA_ADDRESS                      00000005
DATOS                             000000FF
DC                                00000001
DECIMAL                           0000008E
DEFAULT                           000000E6
DOS                               00000115
D_A                               00000005
D_NOT_A                           00000005
EEADR                             0000010D
EEADRH                            0000010F
EECON1                            0000018C
EECON2                            0000018D
EEDATA                            0000010C
EEDATH                            0000010E
EEIE                              00000004
EEIF                              00000004
EEPGD                             00000007
ES_CERO                           000000BC
ES_UNO                            000000B9
F                                 00000001
FERR                              00000002
FSR                               00000004
GCEN                              00000007
GIE                               00000007
GO                                00000002
GO_DONE                           00000002
GO_NOT_DONE                       00000002
HEXADECIMAL                       0000008F
HOLD_BIN                          000000B0
I2C_DATA                          00000005
I2C_READ                          00000002
I2C_START                         00000003
I2C_STOP                          00000004
IBF                               00000007
IBOV                              00000005
INDF                              00000000
INICIA_LCD                        000000E7
INICIO                            00000005
INTCON                            0000000B
INTE                              00000004
INTEDG                            00000006
INTF                              00000001
IRP                               00000007
LOOP                              0000010A
LOOP1                             0000010C
LOOP_P                            0000001C
NOMBRES                           00000027
NOT_A                             00000005
NOT_ADDRESS                       00000005
NOT_BO                            00000000
NOT_BOR                           00000000
NOT_DONE                          00000002
MPASM  5.51                     PROYECTO2.ASM   4-25-2023  22:39:05         PAGE 10


SYMBOL TABLE
  LABEL                             VALUE 

NOT_PD                            00000003
NOT_POR                           00000001
NOT_RBPU                          00000007
NOT_RC8                           00000006
NOT_T1SYNC                        00000002
NOT_TO                            00000004
NOT_TX8                           00000006
NOT_W                             00000002
NOT_WRITE                         00000002
OBF                               00000006
OERR                              00000001
OPTION_REG                        00000081
P                                 00000004
PCFG0                             00000000
PCFG1                             00000001
PCFG2                             00000002
PCFG3                             00000003
PCL                               00000002
PCLATH                            0000000A
PCON                              0000008E
PEIE                              00000006
PEN                               00000002
PIE1                              0000008C
PIE2                              0000008D
PIR1                              0000000C
PIR2                              0000000D
PORTA                             00000005
PORTB                             00000006
PORTC                             00000007
PORTD                             00000008
PORTE                             00000009
PR2                               00000092
PS0                               00000000
PS1                               00000001
PS2                               00000002
PSA                               00000003
PSPIE                             00000007
PSPIF                             00000007
PSPMODE                           00000004
R                                 00000002
RA0                               00000000
RA1                               00000001
RA2                               00000002
RA3                               00000003
RA4                               00000004
RA5                               00000005
RB0                               00000000
RB1                               00000001
RB2                               00000002
RB3                               00000003
RB4                               00000004
RB5                               00000005
RB6                               00000006
MPASM  5.51                     PROYECTO2.ASM   4-25-2023  22:39:05         PAGE 11


SYMBOL TABLE
  LABEL                             VALUE 

RB7                               00000007
RBIE                              00000003
RBIF                              00000000
RC0                               00000000
RC1                               00000001
RC2                               00000002
RC3                               00000003
RC4                               00000004
RC5                               00000005
RC6                               00000006
RC7                               00000007
RC8_9                             00000006
RC9                               00000006
RCD8                              00000000
RCEN                              00000003
RCIE                              00000005
RCIF                              00000005
RCREG                             0000001A
RCSTA                             00000018
RD                                00000000
RD0                               00000000
RD1                               00000001
RD2                               00000002
RD3                               00000003
RD4                               00000004
RD5                               00000005
RD6                               00000006
RD7                               00000007
RE0                               00000000
RE1                               00000001
RE2                               00000002
READ_WRITE                        00000002
RET100MS                          00000111
RET200                            00000108
RP0                               00000005
RP1                               00000006
RSEN                              00000001
RX9                               00000006
RX9D                              00000000
R_NOT_W                           00000002
R_W                               00000002
S                                 00000003
SEN                               00000000
SMP                               00000007
SPBRG                             00000099
SPEN                              00000007
SREN                              00000005
SSPADD                            00000093
SSPBUF                            00000013
SSPCON                            00000014
SSPCON2                           00000091
SSPEN                             00000005
SSPIE                             00000003
MPASM  5.51                     PROYECTO2.ASM   4-25-2023  22:39:05         PAGE 12


SYMBOL TABLE
  LABEL                             VALUE 

SSPIF                             00000003
SSPM0                             00000000
SSPM1                             00000001
SSPM2                             00000002
SSPM3                             00000003
SSPOV                             00000006
SSPSTAT                           00000094
STATUS                            00000003
SYNC                              00000004
T0CS                              00000005
T0IE                              00000005
T0IF                              00000002
T0SE                              00000004
T1CKPS0                           00000004
T1CKPS1                           00000005
T1CON                             00000010
T1INSYNC                          00000002
T1OSCEN                           00000003
T1SYNC                            00000002
T2CKPS0                           00000000
T2CKPS1                           00000001
T2CON                             00000012
TMR0                              00000001
TMR0IE                            00000005
TMR0IF                            00000002
TMR1                              0000000E
TMR1CS                            00000001
TMR1H                             0000000F
TMR1IE                            00000000
TMR1IF                            00000000
TMR1L                             0000000E
TMR1ON                            00000000
TMR2                              00000011
TMR2IE                            00000001
TMR2IF                            00000001
TMR2ON                            00000002
TOUTPS0                           00000003
TOUTPS1                           00000004
TOUTPS2                           00000005
TOUTPS3                           00000006
TRES                              00000113
TRISA                             00000085
TRISA0                            00000000
TRISA1                            00000001
TRISA2                            00000002
TRISA3                            00000003
TRISA4                            00000004
TRISA5                            00000005
TRISB                             00000086
TRISB0                            00000000
TRISB1                            00000001
TRISB2                            00000002
TRISB3                            00000003
MPASM  5.51                     PROYECTO2.ASM   4-25-2023  22:39:05         PAGE 13


SYMBOL TABLE
  LABEL                             VALUE 

TRISB4                            00000004
TRISB5                            00000005
TRISB6                            00000006
TRISB7                            00000007
TRISC                             00000087
TRISC0                            00000000
TRISC1                            00000001
TRISC2                            00000002
TRISC3                            00000003
TRISC4                            00000004
TRISC5                            00000005
TRISC6                            00000006
TRISC7                            00000007
TRISD                             00000088
TRISD0                            00000000
TRISD1                            00000001
TRISD2                            00000002
TRISD3                            00000003
TRISD4                            00000004
TRISD5                            00000005
TRISD6                            00000006
TRISD7                            00000007
TRISE                             00000089
TRISE0                            00000000
TRISE1                            00000001
TRISE2                            00000002
TRMT                              00000001
TX8_9                             00000006
TX9                               00000006
TX9D                              00000000
TXD8                              00000000
TXEN                              00000005
TXIE                              00000004
TXIF                              00000004
TXREG                             00000019
TXSTA                             00000098
UA                                00000001
UNO                               00000117
W                                 00000000
WCOL                              00000007
WR                                00000001
WREN                              00000002
WRERR                             00000003
Z                                 00000002
_BODEN_OFF                        00003FBF
_BODEN_ON                         00003FFF
_BOREN_OFF                        00003FBF
_BOREN_ON                         00003FFF
_CONFIG                           00002007
_CPD_OFF                          00003FFF
_CPD_ON                           00003EFF
_CP_ALL                           00000FCF
_CP_HALF                          00001FDF
MPASM  5.51                     PROYECTO2.ASM   4-25-2023  22:39:05         PAGE 14


SYMBOL TABLE
  LABEL                             VALUE 

_CP_OFF                           00003FFF
_CP_UPPER_256                     00002FEF
_DEBUG_OFF                        00003FFF
_DEBUG_ON                         000037FF
_DEVID1                           00002006
_FOSC_EXTRC                       00003FFF
_FOSC_HS                          00003FFE
_FOSC_LP                          00003FFC
_FOSC_XT                          00003FFD
_HS_OSC                           00003FFE
_IDLOC0                           00002000
_IDLOC1                           00002001
_IDLOC2                           00002002
_IDLOC3                           00002003
_LP_OSC                           00003FFC
_LVP_OFF                          00003F7F
_LVP_ON                           00003FFF
_PWRTE_OFF                        00003FFF
_PWRTE_ON                         00003FF7
_RC_OSC                           00003FFF
_WDTE_OFF                         00003FFB
_WDTE_ON                          00003FFF
_WDT_OFF                          00003FFB
_WDT_ON                           00003FFF
_WRT_ENABLE_OFF                   00003DFF
_WRT_ENABLE_ON                    00003FFF
_WRT_OFF                          00003DFF
_WRT_ON                           00003FFF
_XT_OSC                           00003FFD
__16F877A                         00000001
valor                             00000020
valor1                            00000021
valor2                            00000022


MEMORY USAGE MAP ('X' = Used,  '-' = Unused)

0000 : X----XXXXXXXXXXX XXXXXXXXXXXXXXXX XXXXXXXXXXXXXXXX XXXXXXXXXXXXXXXX
0040 : XXXXXXXXXXXXXXXX XXXXXXXXXXXXXXXX XXXXXXXXXXXXXXXX XXXXXXXXXXXXXXXX
0080 : XXXXXXXXXXXXXXXX XXXXXXXXXXXXXXXX XXXXXXXXXXXXXXXX XXXXXXXXXXXXXXXX
00C0 : XXXXXXXXXXXXXXXX XXXXXXXXXXXXXXXX XXXXXXXXXXXXXXXX XXXXXXXXXXXXXXXX
0100 : XXXXXXXXXXXXXXXX XXXXXXXXXXXXXX-- ---------------- ----------------

All other memory blocks unused.

Program Memory Words Used:   282
Program Memory Words Free:  7910


MPASM  5.51                     PROYECTO2.ASM   4-25-2023  22:39:05         PAGE 15





Errors   :     0
Warnings :     0 reported,     0 suppressed
Messages :    10 reported,     0 suppressed

